<?xml version="1.0" encoding="UTF-8"?>
<robot generator="Robot 7.4 (Python 3.14.2 on win32)" generated="2026-02-26T10:14:40.384710" rpa="false" schemaversion="5">
<suite id="s1" name="Test" source="C:\Gabriel\projects\robot-framework\SwagLabs-QA-RobotFramework\Test">
<suite id="s1-s1" name="CheckoutTest" source="C:\Gabriel\projects\robot-framework\SwagLabs-QA-RobotFramework\Test\CheckoutTest.robot">
<kw name="Load Checkout Test Data" type="SETUP">
<kw name="Load test data file" owner="Base">
<kw name="Set Variable" owner="BuiltIn">
<msg time="2026-02-26T10:14:40.842744" level="INFO">${file_path} = Data/checkout_test_data.json</msg>
<var>${file_path}</var>
<arg>${DataFolder}/${file_name}</arg>
<doc>Returns the given values which can then be assigned to a variables.</doc>
<status status="PASS" start="2026-02-26T10:14:40.842103" elapsed="0.000736"/>
</kw>
<kw name="Get File" owner="OperatingSystem">
<msg time="2026-02-26T10:14:40.843338" level="INFO" html="true">Getting file '&lt;a href="file://C:\Gabriel\projects\robot-framework\SwagLabs-QA-RobotFramework\Data\checkout_test_data.json"&gt;C:\Gabriel\projects\robot-framework\SwagLabs-QA-RobotFramework\Data\checkout_test_data.json&lt;/a&gt;'.</msg>
<msg time="2026-02-26T10:14:40.843950" level="INFO">${json_text} = {
  "role": "standard",
  "customer": {
    "first_name": "Gabriel",
    "last_name": "Souza",
    "postal_code": "01001000"
  },
  "expected_titles": {
    "cart": "Your Cart",
    "information": "Ch...</msg>
<var>${json_text}</var>
<arg>${file_path}</arg>
<doc>Returns the contents of a specified file.</doc>
<status status="PASS" start="2026-02-26T10:14:40.843077" elapsed="0.000942"/>
</kw>
<kw name="Evaluate" owner="BuiltIn">
<msg time="2026-02-26T10:14:40.845646" level="INFO">${json_data} = {'role': 'standard', 'customer': {'first_name': 'Gabriel', 'last_name': 'Souza', 'postal_code': '01001000'}, 'expected_titles': {'cart': 'Your Cart', 'information': 'Checkout: Your Information', 'over...</msg>
<var>${json_data}</var>
<arg>json.loads(r'''${json_text}''')</arg>
<arg>modules=json</arg>
<doc>Evaluates the given expression in Python and returns the result.</doc>
<status status="PASS" start="2026-02-26T10:14:40.844298" elapsed="0.001451"/>
</kw>
<return>
<value>${json_data}</value>
<status status="PASS" start="2026-02-26T10:14:40.845976" elapsed="0.000136"/>
</return>
<msg time="2026-02-26T10:14:40.846478" level="INFO">${data} = {'role': 'standard', 'customer': {'first_name': 'Gabriel', 'last_name': 'Souza', 'postal_code': '01001000'}, 'expected_titles': {'cart': 'Your Cart', 'information': 'Checkout: Your Information', 'over...</msg>
<var>${data}</var>
<arg>checkout_test_data.json</arg>
<status status="PASS" start="2026-02-26T10:14:40.835907" elapsed="0.010646"/>
</kw>
<kw name="Set Suite Variable" owner="BuiltIn">
<msg time="2026-02-26T10:14:40.847671" level="INFO">${CHECKOUT_TEST_DATA} = {'role': 'standard', 'customer': {'first_name': 'Gabriel', 'last_name': 'Souza', 'postal_code': '01001000'}, 'expected_titles': {'cart': 'Your Cart', 'information': 'Checkout: Your Information', 'over...</msg>
<arg>${CHECKOUT_TEST_DATA}</arg>
<arg>${data}</arg>
<doc>Makes a variable available everywhere within the scope of the current suite.</doc>
<status status="PASS" start="2026-02-26T10:14:40.846912" elapsed="0.000863"/>
</kw>
<status status="PASS" start="2026-02-26T10:14:40.834781" elapsed="0.013207"/>
</kw>
<test id="s1-s1-t1" name="CK01 – Cart page carrega com itens esperados" line="11">
<kw name="Go to Login Page" owner="Base" type="SETUP">
<kw name="Open Browser" owner="SeleniumLibrary">
<msg time="2026-02-26T10:14:40.850475" level="INFO">Opening browser 'Edge' to base url 'https://www.saucedemo.com/'.</msg>
<arg>${URL}</arg>
<arg>${BROWSER}</arg>
<doc>Opens a new browser instance to the optional ``url``.</doc>
<status status="PASS" start="2026-02-26T10:14:40.850097" elapsed="2.208589"/>
</kw>
<status status="PASS" start="2026-02-26T10:14:40.849502" elapsed="2.209423"/>
</kw>
<kw name="Set Variable" owner="BuiltIn">
<msg time="2026-02-26T10:14:43.060653" level="INFO">${expected_items} = ['Sauce Labs Backpack', 'Sauce Labs Bike Light']</msg>
<var>${expected_items}</var>
<arg>${CHECKOUT_TEST_DATA}[expected_items]</arg>
<doc>Returns the given values which can then be assigned to a variables.</doc>
<status status="PASS" start="2026-02-26T10:14:43.059586" elapsed="0.001171"/>
</kw>
<kw name="Prepare cart with two default items" owner="CheckoutKeywords">
<kw name="Login with credentials" owner="LoginKeywords">
<kw name="Get File" owner="OperatingSystem">
<msg time="2026-02-26T10:14:43.063631" level="INFO" html="true">Getting file '&lt;a href="file://C:\Gabriel\projects\robot-framework\SwagLabs-QA-RobotFramework\Resources\Settings\credentials.json"&gt;C:\Gabriel\projects\robot-framework\SwagLabs-QA-RobotFramework\Resources\Settings\credentials.json&lt;/a&gt;'.</msg>
<msg time="2026-02-26T10:14:43.064507" level="INFO">${credentials_json} = {"users":[
    {
        "role": "standard",
        "username": "standard_user",
        "password": "secret_sauce"
    },
    {
        "role": "Locked",
        "username": "locked_out_user",
     ...</msg>
<var>${credentials_json}</var>
<arg>${CredentialsJson}</arg>
<doc>Returns the contents of a specified file.</doc>
<status status="PASS" start="2026-02-26T10:14:43.063228" elapsed="0.001354"/>
</kw>
<kw name="Evaluate" owner="BuiltIn">
<msg time="2026-02-26T10:14:43.066264" level="INFO">${credentials} = {'users': [{'role': 'standard', 'username': 'standard_user', 'password': 'secret_sauce'}, {'role': 'Locked', 'username': 'locked_out_user', 'password': 'secret_sauce'}, {'role': 'problem', 'username':...</msg>
<var>${credentials}</var>
<arg>json.loads(r'''${credentials_json}''')</arg>
<arg>modules=json</arg>
<doc>Evaluates the given expression in Python and returns the result.</doc>
<status status="PASS" start="2026-02-26T10:14:43.064871" elapsed="0.001514"/>
</kw>
<kw name="Get From Dictionary" owner="Collections">
<msg time="2026-02-26T10:14:43.067514" level="INFO">${users} = [{'role': 'standard', 'username': 'standard_user', 'password': 'secret_sauce'}, {'role': 'Locked', 'username': 'locked_out_user', 'password': 'secret_sauce'}, {'role': 'problem', 'username': 'problem_...</msg>
<var>${users}</var>
<arg>${credentials}</arg>
<arg>users</arg>
<doc>Returns a value from the given ``dictionary`` based on the given ``key``.</doc>
<status status="PASS" start="2026-02-26T10:14:43.066841" elapsed="0.000775"/>
</kw>
<kw name="Set Variable" owner="BuiltIn">
<msg time="2026-02-26T10:14:43.069005" level="INFO">${user_dictionary} = None</msg>
<var>${user_dictionary}</var>
<arg>${None}</arg>
<doc>Returns the given values which can then be assigned to a variables.</doc>
<status status="PASS" start="2026-02-26T10:14:43.068017" elapsed="0.001088"/>
</kw>
<for flavor="IN">
<iter>
<kw name="Get From Dictionary" owner="Collections">
<msg time="2026-02-26T10:14:43.071068" level="INFO">${user_role} = standard</msg>
<var>${user_role}</var>
<arg>${i}</arg>
<arg>role</arg>
<doc>Returns a value from the given ``dictionary`` based on the given ``key``.</doc>
<status status="PASS" start="2026-02-26T10:14:43.070402" elapsed="0.000822"/>
</kw>
<kw name="Run Keyword If" owner="BuiltIn">
<kw name="Set Test Variable" owner="BuiltIn">
<msg time="2026-02-26T10:14:43.073840" level="INFO">${user_dictionary} = {'role': 'standard', 'username': 'standard_user', 'password': 'secret_sauce'}</msg>
<arg>${user_dictionary}</arg>
<arg>${i}</arg>
<doc>Makes a variable available everywhere within the scope of the current test.</doc>
<status status="PASS" start="2026-02-26T10:14:43.072911" elapsed="0.001080"/>
</kw>
<arg>'${user_role}' == '${role}'</arg>
<arg>Set Test Variable</arg>
<arg>${user_dictionary}</arg>
<arg>${i}</arg>
<doc>Runs the given keyword with the given arguments, if ``condition`` is true.</doc>
<status status="PASS" start="2026-02-26T10:14:43.071652" elapsed="0.002579"/>
</kw>
<kw name="Exit For Loop If" owner="BuiltIn">
<msg time="2026-02-26T10:14:43.075399" level="INFO">Exiting for loop altogether.</msg>
<arg>${user_dictionary}</arg>
<doc>Stops executing the enclosing FOR loop if the ``condition`` is true.</doc>
<status status="PASS" start="2026-02-26T10:14:43.074606" elapsed="0.001083"/>
</kw>
<var name="${i}">{'role': 'standard', 'username': 'standard_user', 'password': 'secret_sauce'}</var>
<status status="PASS" start="2026-02-26T10:14:43.069921" elapsed="0.005964"/>
</iter>
<var>${i}</var>
<value>@{users}</value>
<status status="PASS" start="2026-02-26T10:14:43.069328" elapsed="0.006745"/>
</for>
<if>
<branch type="IF" condition="not ${user_dictionary}">
<kw name="Fail" owner="BuiltIn">
<arg>No user found with role "${role}"</arg>
<doc>Fails the test with the given message and optionally alters its tags.</doc>
<status status="NOT RUN" start="2026-02-26T10:14:43.077412" elapsed="0.000126"/>
</kw>
<status status="NOT RUN" start="2026-02-26T10:14:43.076556" elapsed="0.001108"/>
</branch>
<status status="PASS" start="2026-02-26T10:14:43.076452" elapsed="0.001335"/>
</if>
<kw name="Get From Dictionary" owner="Collections">
<msg time="2026-02-26T10:14:43.078554" level="INFO">${username} = standard_user</msg>
<var>${username}</var>
<arg>${user_dictionary}</arg>
<arg>username</arg>
<doc>Returns a value from the given ``dictionary`` based on the given ``key``.</doc>
<status status="PASS" start="2026-02-26T10:14:43.078040" elapsed="0.000605"/>
</kw>
<kw name="Get From Dictionary" owner="Collections">
<msg time="2026-02-26T10:14:43.079368" level="INFO">${password} = secret_sauce</msg>
<var>${password}</var>
<arg>${user_dictionary}</arg>
<arg>password</arg>
<doc>Returns a value from the given ``dictionary`` based on the given ``key``.</doc>
<status status="PASS" start="2026-02-26T10:14:43.078943" elapsed="0.000487"/>
</kw>
<kw name="Input Text" owner="SeleniumLibrary">
<msg time="2026-02-26T10:14:43.080334" level="INFO">Typing text 'standard_user' into text field 'css:input[id*="user-name"]'.</msg>
<arg>${LOGIN_USERNAME_FIELD}</arg>
<arg>${username}</arg>
<doc>Types the given ``text`` into the text field identified by ``locator``.</doc>
<status status="PASS" start="2026-02-26T10:14:43.079705" elapsed="0.187462"/>
</kw>
<kw name="Input Text" owner="SeleniumLibrary">
<msg time="2026-02-26T10:14:43.268060" level="INFO">Typing text 'secret_sauce' into text field 'css:input[id="password"]'.</msg>
<arg>${LOGIN_PASSWORD_FIELD}</arg>
<arg>${password}</arg>
<doc>Types the given ``text`` into the text field identified by ``locator``.</doc>
<status status="PASS" start="2026-02-26T10:14:43.267488" elapsed="0.139267"/>
</kw>
<kw name="Click Button" owner="SeleniumLibrary">
<msg time="2026-02-26T10:14:43.407462" level="INFO">Clicking button 'css:input[id="login-button"]'.</msg>
<arg>${LOGIN_BUTTON}</arg>
<doc>Clicks the button identified by ``locator``.</doc>
<status status="PASS" start="2026-02-26T10:14:43.407054" elapsed="0.175626"/>
</kw>
<kw name="Wait Until Element Is Visible" owner="SeleniumLibrary">
<arg>${titleInventory}</arg>
<arg>10s</arg>
<doc>Waits until the element ``locator`` is visible.</doc>
<status status="PASS" start="2026-02-26T10:14:43.583045" elapsed="0.036073"/>
</kw>
<arg>${role}</arg>
<status status="PASS" start="2026-02-26T10:14:43.062535" elapsed="0.556795"/>
</kw>
<kw name="Check if you went to the expected page" owner="LoginKeywords">
<kw name="Page Should Contain Element" owner="SeleniumLibrary">
<msg time="2026-02-26T10:14:43.632149" level="INFO">Current page contains element 'css:span.title'.</msg>
<arg>${LocatorPageExpected}</arg>
<doc>Verifies that element ``locator`` is found on the current page.</doc>
<status status="PASS" start="2026-02-26T10:14:43.620607" elapsed="0.011721"/>
</kw>
<arg>${titleInventory}</arg>
<status status="PASS" start="2026-02-26T10:14:43.619792" elapsed="0.012708"/>
</kw>
<kw name="Wait Until Element Is Visible" owner="SeleniumLibrary">
<arg>${CheckoutAddBackpack}</arg>
<arg>10s</arg>
<doc>Waits until the element ``locator`` is visible.</doc>
<status status="PASS" start="2026-02-26T10:14:43.632800" elapsed="0.028872"/>
</kw>
<kw name="Click Element" owner="SeleniumLibrary">
<msg time="2026-02-26T10:14:43.662407" level="INFO">Clicking element 'css:button[id="add-to-cart-sauce-labs-backpack"]'.</msg>
<arg>${CheckoutAddBackpack}</arg>
<doc>Click the element identified by ``locator``.</doc>
<status status="PASS" start="2026-02-26T10:14:43.662036" elapsed="0.094694"/>
</kw>
<kw name="Click Element" owner="SeleniumLibrary">
<msg time="2026-02-26T10:14:43.757376" level="INFO">Clicking element 'css:button[id="add-to-cart-sauce-labs-bike-light"]'.</msg>
<arg>${CheckoutAddBikeLight}</arg>
<doc>Click the element identified by ``locator``.</doc>
<status status="PASS" start="2026-02-26T10:14:43.757052" elapsed="0.094955"/>
</kw>
<arg>${CHECKOUT_TEST_DATA}[role]</arg>
<status status="PASS" start="2026-02-26T10:14:43.061430" elapsed="0.790793"/>
</kw>
<kw name="Open cart page" owner="CheckoutKeywords">
<kw name="Click Element" owner="SeleniumLibrary">
<msg time="2026-02-26T10:14:43.853898" level="INFO">Clicking element 'css:a.shopping_cart_link'.</msg>
<arg>${CheckoutCartLink}</arg>
<doc>Click the element identified by ``locator``.</doc>
<status status="PASS" start="2026-02-26T10:14:43.853405" elapsed="0.112776"/>
</kw>
<kw name="Wait Until Element Is Visible" owner="SeleniumLibrary">
<arg>${CartList}</arg>
<arg>10s</arg>
<doc>Waits until the element ``locator`` is visible.</doc>
<status status="PASS" start="2026-02-26T10:14:43.966482" elapsed="0.023818"/>
</kw>
<status status="PASS" start="2026-02-26T10:14:43.852843" elapsed="0.137649"/>
</kw>
<kw name="Validate cart page loaded" owner="CheckoutKeywords">
<kw name="Element Text Should Be" owner="SeleniumLibrary">
<msg time="2026-02-26T10:14:43.992198" level="INFO">Verifying element 'css:span.title' contains exact text 'Your Cart'.</msg>
<arg>${CheckoutTitle}</arg>
<arg>${expected_title}</arg>
<doc>Verifies that element ``locator`` contains exact the text ``expected``.</doc>
<status status="PASS" start="2026-02-26T10:14:43.991741" elapsed="0.031508"/>
</kw>
<arg>${CHECKOUT_TEST_DATA}[expected_titles][cart]</arg>
<status status="PASS" start="2026-02-26T10:14:43.991005" elapsed="0.032437"/>
</kw>
<kw name="Validate cart contains expected items" owner="CheckoutKeywords">
<for flavor="IN">
<iter>
<kw name="Page Should Contain" owner="SeleniumLibrary">
<msg time="2026-02-26T10:14:44.046033" level="INFO">Current page contains text 'Sauce Labs Backpack'.</msg>
<arg>${item}</arg>
<doc>Verifies that current page contains ``text``.</doc>
<status status="PASS" start="2026-02-26T10:14:44.025177" elapsed="0.020980"/>
</kw>
<var name="${item}">Sauce Labs Backpack</var>
<status status="PASS" start="2026-02-26T10:14:44.024937" elapsed="0.021314"/>
</iter>
<iter>
<kw name="Page Should Contain" owner="SeleniumLibrary">
<msg time="2026-02-26T10:14:44.066503" level="INFO">Current page contains text 'Sauce Labs Bike Light'.</msg>
<arg>${item}</arg>
<doc>Verifies that current page contains ``text``.</doc>
<status status="PASS" start="2026-02-26T10:14:44.046682" elapsed="0.020022"/>
</kw>
<var name="${item}">Sauce Labs Bike Light</var>
<status status="PASS" start="2026-02-26T10:14:44.046486" elapsed="0.020337"/>
</iter>
<var>${item}</var>
<value>@{expected_items}</value>
<status status="PASS" start="2026-02-26T10:14:44.024608" elapsed="0.042319"/>
</for>
<arg>@{expected_items}</arg>
<status status="PASS" start="2026-02-26T10:14:44.024076" elapsed="0.043021"/>
</kw>
<kw name="Close the login page" owner="Base" type="TEARDOWN">
<kw name="Run Keyword If Test Failed" owner="BuiltIn">
<arg>Capture Page Screenshot</arg>
<doc>Runs the given keyword with the given arguments, if the test failed.</doc>
<status status="PASS" start="2026-02-26T10:14:44.068364" elapsed="0.000494"/>
</kw>
<kw name="Close Browser" owner="SeleniumLibrary">
<doc>Closes the current browser.</doc>
<status status="PASS" start="2026-02-26T10:14:44.069109" elapsed="2.260768"/>
</kw>
<status status="PASS" start="2026-02-26T10:14:44.067801" elapsed="2.262495"/>
</kw>
<doc>Valida estrutura e itens da página de carrinho</doc>
<tag>cart</tag>
<tag>checkout</tag>
<status status="PASS" start="2026-02-26T10:14:40.848151" elapsed="5.482687"/>
</test>
<test id="s1-s1-t2" name="CK02 – Checkout information page carrega corretamente" line="20">
<kw name="Go to Login Page" owner="Base" type="SETUP">
<kw name="Open Browser" owner="SeleniumLibrary">
<msg time="2026-02-26T10:14:46.335125" level="INFO">Opening browser 'Edge' to base url 'https://www.saucedemo.com/'.</msg>
<arg>${URL}</arg>
<arg>${BROWSER}</arg>
<doc>Opens a new browser instance to the optional ``url``.</doc>
<status status="PASS" start="2026-02-26T10:14:46.334274" elapsed="2.233346"/>
</kw>
<status status="PASS" start="2026-02-26T10:14:46.333599" elapsed="2.234266"/>
</kw>
<kw name="Prepare cart with two default items" owner="CheckoutKeywords">
<kw name="Login with credentials" owner="LoginKeywords">
<kw name="Get File" owner="OperatingSystem">
<msg time="2026-02-26T10:14:48.570919" level="INFO" html="true">Getting file '&lt;a href="file://C:\Gabriel\projects\robot-framework\SwagLabs-QA-RobotFramework\Resources\Settings\credentials.json"&gt;C:\Gabriel\projects\robot-framework\SwagLabs-QA-RobotFramework\Resources\Settings\credentials.json&lt;/a&gt;'.</msg>
<msg time="2026-02-26T10:14:48.571676" level="INFO">${credentials_json} = {"users":[
    {
        "role": "standard",
        "username": "standard_user",
        "password": "secret_sauce"
    },
    {
        "role": "Locked",
        "username": "locked_out_user",
     ...</msg>
<var>${credentials_json}</var>
<arg>${CredentialsJson}</arg>
<doc>Returns the contents of a specified file.</doc>
<status status="PASS" start="2026-02-26T10:14:48.570571" elapsed="0.001199"/>
</kw>
<kw name="Evaluate" owner="BuiltIn">
<msg time="2026-02-26T10:14:48.573229" level="INFO">${credentials} = {'users': [{'role': 'standard', 'username': 'standard_user', 'password': 'secret_sauce'}, {'role': 'Locked', 'username': 'locked_out_user', 'password': 'secret_sauce'}, {'role': 'problem', 'username':...</msg>
<var>${credentials}</var>
<arg>json.loads(r'''${credentials_json}''')</arg>
<arg>modules=json</arg>
<doc>Evaluates the given expression in Python and returns the result.</doc>
<status status="PASS" start="2026-02-26T10:14:48.572154" elapsed="0.001167"/>
</kw>
<kw name="Get From Dictionary" owner="Collections">
<msg time="2026-02-26T10:14:48.574226" level="INFO">${users} = [{'role': 'standard', 'username': 'standard_user', 'password': 'secret_sauce'}, {'role': 'Locked', 'username': 'locked_out_user', 'password': 'secret_sauce'}, {'role': 'problem', 'username': 'problem_...</msg>
<var>${users}</var>
<arg>${credentials}</arg>
<arg>users</arg>
<doc>Returns a value from the given ``dictionary`` based on the given ``key``.</doc>
<status status="PASS" start="2026-02-26T10:14:48.573684" elapsed="0.000621"/>
</kw>
<kw name="Set Variable" owner="BuiltIn">
<msg time="2026-02-26T10:14:48.575387" level="INFO">${user_dictionary} = None</msg>
<var>${user_dictionary}</var>
<arg>${None}</arg>
<doc>Returns the given values which can then be assigned to a variables.</doc>
<status status="PASS" start="2026-02-26T10:14:48.574635" elapsed="0.000830"/>
</kw>
<for flavor="IN">
<iter>
<kw name="Get From Dictionary" owner="Collections">
<msg time="2026-02-26T10:14:48.576925" level="INFO">${user_role} = standard</msg>
<var>${user_role}</var>
<arg>${i}</arg>
<arg>role</arg>
<doc>Returns a value from the given ``dictionary`` based on the given ``key``.</doc>
<status status="PASS" start="2026-02-26T10:14:48.576336" elapsed="0.000791"/>
</kw>
<kw name="Run Keyword If" owner="BuiltIn">
<kw name="Set Test Variable" owner="BuiltIn">
<msg time="2026-02-26T10:14:48.579833" level="INFO">${user_dictionary} = {'role': 'standard', 'username': 'standard_user', 'password': 'secret_sauce'}</msg>
<arg>${user_dictionary}</arg>
<arg>${i}</arg>
<doc>Makes a variable available everywhere within the scope of the current test.</doc>
<status status="PASS" start="2026-02-26T10:14:48.579114" elapsed="0.000832"/>
</kw>
<arg>'${user_role}' == '${role}'</arg>
<arg>Set Test Variable</arg>
<arg>${user_dictionary}</arg>
<arg>${i}</arg>
<doc>Runs the given keyword with the given arguments, if ``condition`` is true.</doc>
<status status="PASS" start="2026-02-26T10:14:48.577643" elapsed="0.002471"/>
</kw>
<kw name="Exit For Loop If" owner="BuiltIn">
<msg time="2026-02-26T10:14:48.580934" level="INFO">Exiting for loop altogether.</msg>
<arg>${user_dictionary}</arg>
<doc>Stops executing the enclosing FOR loop if the ``condition`` is true.</doc>
<status status="PASS" start="2026-02-26T10:14:48.580346" elapsed="0.000840"/>
</kw>
<var name="${i}">{'role': 'standard', 'username': 'standard_user', 'password': 'secret_sauce'}</var>
<status status="PASS" start="2026-02-26T10:14:48.575989" elapsed="0.005346"/>
</iter>
<var>${i}</var>
<value>@{users}</value>
<status status="PASS" start="2026-02-26T10:14:48.575632" elapsed="0.005797"/>
</for>
<if>
<branch type="IF" condition="not ${user_dictionary}">
<kw name="Fail" owner="BuiltIn">
<arg>No user found with role "${role}"</arg>
<doc>Fails the test with the given message and optionally alters its tags.</doc>
<status status="NOT RUN" start="2026-02-26T10:14:48.582178" elapsed="0.000075"/>
</kw>
<status status="NOT RUN" start="2026-02-26T10:14:48.581622" elapsed="0.000737"/>
</branch>
<status status="PASS" start="2026-02-26T10:14:48.581575" elapsed="0.000870"/>
</if>
<kw name="Get From Dictionary" owner="Collections">
<msg time="2026-02-26T10:14:48.583277" level="INFO">${username} = standard_user</msg>
<var>${username}</var>
<arg>${user_dictionary}</arg>
<arg>username</arg>
<doc>Returns a value from the given ``dictionary`` based on the given ``key``.</doc>
<status status="PASS" start="2026-02-26T10:14:48.582705" elapsed="0.000708"/>
</kw>
<kw name="Get From Dictionary" owner="Collections">
<msg time="2026-02-26T10:14:48.584635" level="INFO">${password} = secret_sauce</msg>
<var>${password}</var>
<arg>${user_dictionary}</arg>
<arg>password</arg>
<doc>Returns a value from the given ``dictionary`` based on the given ``key``.</doc>
<status status="PASS" start="2026-02-26T10:14:48.583827" elapsed="0.000950"/>
</kw>
<kw name="Input Text" owner="SeleniumLibrary">
<msg time="2026-02-26T10:14:48.585788" level="INFO">Typing text 'standard_user' into text field 'css:input[id*="user-name"]'.</msg>
<arg>${LOGIN_USERNAME_FIELD}</arg>
<arg>${username}</arg>
<doc>Types the given ``text`` into the text field identified by ``locator``.</doc>
<status status="PASS" start="2026-02-26T10:14:48.585221" elapsed="0.210837"/>
</kw>
<kw name="Input Text" owner="SeleniumLibrary">
<msg time="2026-02-26T10:14:48.796838" level="INFO">Typing text 'secret_sauce' into text field 'css:input[id="password"]'.</msg>
<arg>${LOGIN_PASSWORD_FIELD}</arg>
<arg>${password}</arg>
<doc>Types the given ``text`` into the text field identified by ``locator``.</doc>
<status status="PASS" start="2026-02-26T10:14:48.796390" elapsed="0.137709"/>
</kw>
<kw name="Click Button" owner="SeleniumLibrary">
<msg time="2026-02-26T10:14:48.934801" level="INFO">Clicking button 'css:input[id="login-button"]'.</msg>
<arg>${LOGIN_BUTTON}</arg>
<doc>Clicks the button identified by ``locator``.</doc>
<status status="PASS" start="2026-02-26T10:14:48.934381" elapsed="0.184079"/>
</kw>
<kw name="Wait Until Element Is Visible" owner="SeleniumLibrary">
<arg>${titleInventory}</arg>
<arg>10s</arg>
<doc>Waits until the element ``locator`` is visible.</doc>
<status status="PASS" start="2026-02-26T10:14:49.118893" elapsed="0.033733"/>
</kw>
<arg>${role}</arg>
<status status="PASS" start="2026-02-26T10:14:48.569807" elapsed="0.583041"/>
</kw>
<kw name="Check if you went to the expected page" owner="LoginKeywords">
<kw name="Page Should Contain Element" owner="SeleniumLibrary">
<msg time="2026-02-26T10:14:49.165506" level="INFO">Current page contains element 'css:span.title'.</msg>
<arg>${LocatorPageExpected}</arg>
<doc>Verifies that element ``locator`` is found on the current page.</doc>
<status status="PASS" start="2026-02-26T10:14:49.153887" elapsed="0.011787"/>
</kw>
<arg>${titleInventory}</arg>
<status status="PASS" start="2026-02-26T10:14:49.153249" elapsed="0.012647"/>
</kw>
<kw name="Wait Until Element Is Visible" owner="SeleniumLibrary">
<arg>${CheckoutAddBackpack}</arg>
<arg>10s</arg>
<doc>Waits until the element ``locator`` is visible.</doc>
<status status="PASS" start="2026-02-26T10:14:49.166183" elapsed="0.027694"/>
</kw>
<kw name="Click Element" owner="SeleniumLibrary">
<msg time="2026-02-26T10:14:49.194503" level="INFO">Clicking element 'css:button[id="add-to-cart-sauce-labs-backpack"]'.</msg>
<arg>${CheckoutAddBackpack}</arg>
<doc>Click the element identified by ``locator``.</doc>
<status status="PASS" start="2026-02-26T10:14:49.194196" elapsed="0.088709"/>
</kw>
<kw name="Click Element" owner="SeleniumLibrary">
<msg time="2026-02-26T10:14:49.283537" level="INFO">Clicking element 'css:button[id="add-to-cart-sauce-labs-bike-light"]'.</msg>
<arg>${CheckoutAddBikeLight}</arg>
<doc>Click the element identified by ``locator``.</doc>
<status status="PASS" start="2026-02-26T10:14:49.283187" elapsed="0.115909"/>
</kw>
<arg>${CHECKOUT_TEST_DATA}[role]</arg>
<status status="PASS" start="2026-02-26T10:14:48.568624" elapsed="0.830693"/>
</kw>
<kw name="Open cart page" owner="CheckoutKeywords">
<kw name="Click Element" owner="SeleniumLibrary">
<msg time="2026-02-26T10:14:49.401397" level="INFO">Clicking element 'css:a.shopping_cart_link'.</msg>
<arg>${CheckoutCartLink}</arg>
<doc>Click the element identified by ``locator``.</doc>
<status status="PASS" start="2026-02-26T10:14:49.400899" elapsed="0.122641"/>
</kw>
<kw name="Wait Until Element Is Visible" owner="SeleniumLibrary">
<arg>${CartList}</arg>
<arg>10s</arg>
<doc>Waits until the element ``locator`` is visible.</doc>
<status status="PASS" start="2026-02-26T10:14:49.523859" elapsed="0.027030"/>
</kw>
<status status="PASS" start="2026-02-26T10:14:49.400094" elapsed="0.151031"/>
</kw>
<kw name="Start checkout information step" owner="CheckoutKeywords">
<kw name="Wait Until Element Is Visible" owner="SeleniumLibrary">
<arg>${CartCheckoutButton}</arg>
<arg>10s</arg>
<doc>Waits until the element ``locator`` is visible.</doc>
<status status="PASS" start="2026-02-26T10:14:49.552299" elapsed="0.028235"/>
</kw>
<kw name="Click Element" owner="SeleniumLibrary">
<msg time="2026-02-26T10:14:49.581327" level="INFO">Clicking element 'css:button[id="checkout"]'.</msg>
<arg>${CartCheckoutButton}</arg>
<doc>Click the element identified by ``locator``.</doc>
<status status="PASS" start="2026-02-26T10:14:49.580845" elapsed="0.102230"/>
</kw>
<kw name="Wait Until Element Is Visible" owner="SeleniumLibrary">
<arg>${CheckoutInfoContainer}</arg>
<arg>10s</arg>
<doc>Waits until the element ``locator`` is visible.</doc>
<status status="PASS" start="2026-02-26T10:14:49.683522" elapsed="0.029182"/>
</kw>
<kw name="Element Text Should Be" owner="SeleniumLibrary">
<msg time="2026-02-26T10:14:49.713442" level="INFO">Verifying element 'css:span.title' contains exact text 'Checkout: Your Information'.</msg>
<arg>${CheckoutTitle}</arg>
<arg>${expected_title}</arg>
<doc>Verifies that element ``locator`` contains exact the text ``expected``.</doc>
<status status="PASS" start="2026-02-26T10:14:49.713055" elapsed="0.031293"/>
</kw>
<arg>${CHECKOUT_TEST_DATA}[expected_titles][information]</arg>
<status status="PASS" start="2026-02-26T10:14:49.551684" elapsed="0.192816"/>
</kw>
<kw name="Close the login page" owner="Base" type="TEARDOWN">
<kw name="Run Keyword If Test Failed" owner="BuiltIn">
<arg>Capture Page Screenshot</arg>
<doc>Runs the given keyword with the given arguments, if the test failed.</doc>
<status status="PASS" start="2026-02-26T10:14:49.745590" elapsed="0.000349"/>
</kw>
<kw name="Close Browser" owner="SeleniumLibrary">
<doc>Closes the current browser.</doc>
<status status="PASS" start="2026-02-26T10:14:49.746120" elapsed="2.222615"/>
</kw>
<status status="PASS" start="2026-02-26T10:14:49.745104" elapsed="2.223979"/>
</kw>
<doc>Valida transição do carrinho para checkout your information</doc>
<tag>checkout</tag>
<tag>info</tag>
<status status="PASS" start="2026-02-26T10:14:46.332249" elapsed="5.637228"/>
</test>
<test id="s1-s1-t3" name="CK03 – Checkout overview valida subtotal, taxa e total" line="27">
<kw name="Go to Login Page" owner="Base" type="SETUP">
<kw name="Open Browser" owner="SeleniumLibrary">
<msg time="2026-02-26T10:14:51.972903" level="INFO">Opening browser 'Edge' to base url 'https://www.saucedemo.com/'.</msg>
<arg>${URL}</arg>
<arg>${BROWSER}</arg>
<doc>Opens a new browser instance to the optional ``url``.</doc>
<status status="PASS" start="2026-02-26T10:14:51.972451" elapsed="2.182647"/>
</kw>
<status status="PASS" start="2026-02-26T10:14:51.971821" elapsed="2.183585"/>
</kw>
<kw name="Set Variable" owner="BuiltIn">
<msg time="2026-02-26T10:14:54.157387" level="INFO">${customer} = {'first_name': 'Gabriel', 'last_name': 'Souza', 'postal_code': '01001000'}</msg>
<var>${customer}</var>
<arg>${CHECKOUT_TEST_DATA}[customer]</arg>
<doc>Returns the given values which can then be assigned to a variables.</doc>
<status status="PASS" start="2026-02-26T10:14:54.156203" elapsed="0.001301"/>
</kw>
<kw name="Set Variable" owner="BuiltIn">
<msg time="2026-02-26T10:14:54.159894" level="INFO">${totals} = {'item_total': '$39.98', 'tax': '$3.20', 'total': '$43.18'}</msg>
<var>${totals}</var>
<arg>${CHECKOUT_TEST_DATA}[expected_totals]</arg>
<doc>Returns the given values which can then be assigned to a variables.</doc>
<status status="PASS" start="2026-02-26T10:14:54.158344" elapsed="0.001826"/>
</kw>
<kw name="Prepare cart with two default items" owner="CheckoutKeywords">
<kw name="Login with credentials" owner="LoginKeywords">
<kw name="Get File" owner="OperatingSystem">
<msg time="2026-02-26T10:14:54.166513" level="INFO" html="true">Getting file '&lt;a href="file://C:\Gabriel\projects\robot-framework\SwagLabs-QA-RobotFramework\Resources\Settings\credentials.json"&gt;C:\Gabriel\projects\robot-framework\SwagLabs-QA-RobotFramework\Resources\Settings\credentials.json&lt;/a&gt;'.</msg>
<msg time="2026-02-26T10:14:54.167312" level="INFO">${credentials_json} = {"users":[
    {
        "role": "standard",
        "username": "standard_user",
        "password": "secret_sauce"
    },
    {
        "role": "Locked",
        "username": "locked_out_user",
     ...</msg>
<var>${credentials_json}</var>
<arg>${CredentialsJson}</arg>
<doc>Returns the contents of a specified file.</doc>
<status status="PASS" start="2026-02-26T10:14:54.165921" elapsed="0.001511"/>
</kw>
<kw name="Evaluate" owner="BuiltIn">
<msg time="2026-02-26T10:14:54.169393" level="INFO">${credentials} = {'users': [{'role': 'standard', 'username': 'standard_user', 'password': 'secret_sauce'}, {'role': 'Locked', 'username': 'locked_out_user', 'password': 'secret_sauce'}, {'role': 'problem', 'username':...</msg>
<var>${credentials}</var>
<arg>json.loads(r'''${credentials_json}''')</arg>
<arg>modules=json</arg>
<doc>Evaluates the given expression in Python and returns the result.</doc>
<status status="PASS" start="2026-02-26T10:14:54.167875" elapsed="0.001659"/>
</kw>
<kw name="Get From Dictionary" owner="Collections">
<msg time="2026-02-26T10:14:54.170821" level="INFO">${users} = [{'role': 'standard', 'username': 'standard_user', 'password': 'secret_sauce'}, {'role': 'Locked', 'username': 'locked_out_user', 'password': 'secret_sauce'}, {'role': 'problem', 'username': 'problem_...</msg>
<var>${users}</var>
<arg>${credentials}</arg>
<arg>users</arg>
<doc>Returns a value from the given ``dictionary`` based on the given ``key``.</doc>
<status status="PASS" start="2026-02-26T10:14:54.170092" elapsed="0.000822"/>
</kw>
<kw name="Set Variable" owner="BuiltIn">
<msg time="2026-02-26T10:14:54.172358" level="INFO">${user_dictionary} = None</msg>
<var>${user_dictionary}</var>
<arg>${None}</arg>
<doc>Returns the given values which can then be assigned to a variables.</doc>
<status status="PASS" start="2026-02-26T10:14:54.171398" elapsed="0.001070"/>
</kw>
<for flavor="IN">
<iter>
<kw name="Get From Dictionary" owner="Collections">
<msg time="2026-02-26T10:14:54.174402" level="INFO">${user_role} = standard</msg>
<var>${user_role}</var>
<arg>${i}</arg>
<arg>role</arg>
<doc>Returns a value from the given ``dictionary`` based on the given ``key``.</doc>
<status status="PASS" start="2026-02-26T10:14:54.173715" elapsed="0.000794"/>
</kw>
<kw name="Run Keyword If" owner="BuiltIn">
<kw name="Set Test Variable" owner="BuiltIn">
<msg time="2026-02-26T10:14:54.177884" level="INFO">${user_dictionary} = {'role': 'standard', 'username': 'standard_user', 'password': 'secret_sauce'}</msg>
<arg>${user_dictionary}</arg>
<arg>${i}</arg>
<doc>Makes a variable available everywhere within the scope of the current test.</doc>
<status status="PASS" start="2026-02-26T10:14:54.176504" elapsed="0.001638"/>
</kw>
<arg>'${user_role}' == '${role}'</arg>
<arg>Set Test Variable</arg>
<arg>${user_dictionary}</arg>
<arg>${i}</arg>
<doc>Runs the given keyword with the given arguments, if ``condition`` is true.</doc>
<status status="PASS" start="2026-02-26T10:14:54.175049" elapsed="0.003301"/>
</kw>
<kw name="Exit For Loop If" owner="BuiltIn">
<msg time="2026-02-26T10:14:54.179572" level="INFO">Exiting for loop altogether.</msg>
<arg>${user_dictionary}</arg>
<doc>Stops executing the enclosing FOR loop if the ``condition`` is true.</doc>
<status status="PASS" start="2026-02-26T10:14:54.178747" elapsed="0.001068"/>
</kw>
<var name="${i}">{'role': 'standard', 'username': 'standard_user', 'password': 'secret_sauce'}</var>
<status status="PASS" start="2026-02-26T10:14:54.173332" elapsed="0.006769"/>
</iter>
<var>${i}</var>
<value>@{users}</value>
<status status="PASS" start="2026-02-26T10:14:54.172779" elapsed="0.007607"/>
</for>
<if>
<branch type="IF" condition="not ${user_dictionary}">
<kw name="Fail" owner="BuiltIn">
<arg>No user found with role "${role}"</arg>
<doc>Fails the test with the given message and optionally alters its tags.</doc>
<status status="NOT RUN" start="2026-02-26T10:14:54.181550" elapsed="0.000104"/>
</kw>
<status status="NOT RUN" start="2026-02-26T10:14:54.180699" elapsed="0.001058"/>
</branch>
<status status="PASS" start="2026-02-26T10:14:54.180622" elapsed="0.001216"/>
</if>
<kw name="Get From Dictionary" owner="Collections">
<msg time="2026-02-26T10:14:54.182644" level="INFO">${username} = standard_user</msg>
<var>${username}</var>
<arg>${user_dictionary}</arg>
<arg>username</arg>
<doc>Returns a value from the given ``dictionary`` based on the given ``key``.</doc>
<status status="PASS" start="2026-02-26T10:14:54.182059" elapsed="0.000700"/>
</kw>
<kw name="Get From Dictionary" owner="Collections">
<msg time="2026-02-26T10:14:54.183865" level="INFO">${password} = secret_sauce</msg>
<var>${password}</var>
<arg>${user_dictionary}</arg>
<arg>password</arg>
<doc>Returns a value from the given ``dictionary`` based on the given ``key``.</doc>
<status status="PASS" start="2026-02-26T10:14:54.183190" elapsed="0.000776"/>
</kw>
<kw name="Input Text" owner="SeleniumLibrary">
<msg time="2026-02-26T10:14:54.185035" level="INFO">Typing text 'standard_user' into text field 'css:input[id*="user-name"]'.</msg>
<arg>${LOGIN_USERNAME_FIELD}</arg>
<arg>${username}</arg>
<doc>Types the given ``text`` into the text field identified by ``locator``.</doc>
<status status="PASS" start="2026-02-26T10:14:54.184439" elapsed="0.263879"/>
</kw>
<kw name="Input Text" owner="SeleniumLibrary">
<msg time="2026-02-26T10:14:54.449302" level="INFO">Typing text 'secret_sauce' into text field 'css:input[id="password"]'.</msg>
<arg>${LOGIN_PASSWORD_FIELD}</arg>
<arg>${password}</arg>
<doc>Types the given ``text`` into the text field identified by ``locator``.</doc>
<status status="PASS" start="2026-02-26T10:14:54.448712" elapsed="0.171935"/>
</kw>
<kw name="Click Button" owner="SeleniumLibrary">
<msg time="2026-02-26T10:14:54.621659" level="INFO">Clicking button 'css:input[id="login-button"]'.</msg>
<arg>${LOGIN_BUTTON}</arg>
<doc>Clicks the button identified by ``locator``.</doc>
<status status="PASS" start="2026-02-26T10:14:54.621141" elapsed="0.236584"/>
</kw>
<kw name="Wait Until Element Is Visible" owner="SeleniumLibrary">
<arg>${titleInventory}</arg>
<arg>10s</arg>
<doc>Waits until the element ``locator`` is visible.</doc>
<status status="PASS" start="2026-02-26T10:14:54.858100" elapsed="0.048488"/>
</kw>
<arg>${role}</arg>
<status status="PASS" start="2026-02-26T10:14:54.164686" elapsed="0.742162"/>
</kw>
<kw name="Check if you went to the expected page" owner="LoginKeywords">
<kw name="Page Should Contain Element" owner="SeleniumLibrary">
<msg time="2026-02-26T10:14:54.921899" level="INFO">Current page contains element 'css:span.title'.</msg>
<arg>${LocatorPageExpected}</arg>
<doc>Verifies that element ``locator`` is found on the current page.</doc>
<status status="PASS" start="2026-02-26T10:14:54.907997" elapsed="0.014052"/>
</kw>
<arg>${titleInventory}</arg>
<status status="PASS" start="2026-02-26T10:14:54.907280" elapsed="0.014929"/>
</kw>
<kw name="Wait Until Element Is Visible" owner="SeleniumLibrary">
<arg>${CheckoutAddBackpack}</arg>
<arg>10s</arg>
<doc>Waits until the element ``locator`` is visible.</doc>
<status status="PASS" start="2026-02-26T10:14:54.922530" elapsed="0.035577"/>
</kw>
<kw name="Click Element" owner="SeleniumLibrary">
<msg time="2026-02-26T10:14:54.959041" level="INFO">Clicking element 'css:button[id="add-to-cart-sauce-labs-backpack"]'.</msg>
<arg>${CheckoutAddBackpack}</arg>
<doc>Click the element identified by ``locator``.</doc>
<status status="PASS" start="2026-02-26T10:14:54.958525" elapsed="0.111825"/>
</kw>
<kw name="Click Element" owner="SeleniumLibrary">
<msg time="2026-02-26T10:14:55.071063" level="INFO">Clicking element 'css:button[id="add-to-cart-sauce-labs-bike-light"]'.</msg>
<arg>${CheckoutAddBikeLight}</arg>
<doc>Click the element identified by ``locator``.</doc>
<status status="PASS" start="2026-02-26T10:14:55.070651" elapsed="0.095286"/>
</kw>
<arg>${CHECKOUT_TEST_DATA}[role]</arg>
<status status="PASS" start="2026-02-26T10:14:54.161870" elapsed="1.004240"/>
</kw>
<kw name="Open cart page" owner="CheckoutKeywords">
<kw name="Click Element" owner="SeleniumLibrary">
<msg time="2026-02-26T10:14:55.167433" level="INFO">Clicking element 'css:a.shopping_cart_link'.</msg>
<arg>${CheckoutCartLink}</arg>
<doc>Click the element identified by ``locator``.</doc>
<status status="PASS" start="2026-02-26T10:14:55.167113" elapsed="0.118298"/>
</kw>
<kw name="Wait Until Element Is Visible" owner="SeleniumLibrary">
<arg>${CartList}</arg>
<arg>10s</arg>
<doc>Waits until the element ``locator`` is visible.</doc>
<status status="PASS" start="2026-02-26T10:14:55.285746" elapsed="0.028492"/>
</kw>
<status status="PASS" start="2026-02-26T10:14:55.166593" elapsed="0.147824"/>
</kw>
<kw name="Start checkout information step" owner="CheckoutKeywords">
<kw name="Wait Until Element Is Visible" owner="SeleniumLibrary">
<arg>${CartCheckoutButton}</arg>
<arg>10s</arg>
<doc>Waits until the element ``locator`` is visible.</doc>
<status status="PASS" start="2026-02-26T10:14:55.315704" elapsed="0.029544"/>
</kw>
<kw name="Click Element" owner="SeleniumLibrary">
<msg time="2026-02-26T10:14:55.345965" level="INFO">Clicking element 'css:button[id="checkout"]'.</msg>
<arg>${CartCheckoutButton}</arg>
<doc>Click the element identified by ``locator``.</doc>
<status status="PASS" start="2026-02-26T10:14:55.345590" elapsed="0.112994"/>
</kw>
<kw name="Wait Until Element Is Visible" owner="SeleniumLibrary">
<arg>${CheckoutInfoContainer}</arg>
<arg>10s</arg>
<doc>Waits until the element ``locator`` is visible.</doc>
<status status="PASS" start="2026-02-26T10:14:55.459057" elapsed="0.034588"/>
</kw>
<kw name="Element Text Should Be" owner="SeleniumLibrary">
<msg time="2026-02-26T10:14:55.494479" level="INFO">Verifying element 'css:span.title' contains exact text 'Checkout: Your Information'.</msg>
<arg>${CheckoutTitle}</arg>
<arg>${expected_title}</arg>
<doc>Verifies that element ``locator`` contains exact the text ``expected``.</doc>
<status status="PASS" start="2026-02-26T10:14:55.493973" elapsed="0.031054"/>
</kw>
<arg>${CHECKOUT_TEST_DATA}[expected_titles][information]</arg>
<status status="PASS" start="2026-02-26T10:14:55.315050" elapsed="0.210184"/>
</kw>
<kw name="Fill checkout information" owner="CheckoutKeywords">
<kw name="Input Text" owner="SeleniumLibrary">
<msg time="2026-02-26T10:14:55.527184" level="INFO">Typing text 'Gabriel' into text field 'css:input[id="first-name"]'.</msg>
<arg>${CheckoutFirstName}</arg>
<arg>${first_name}</arg>
<doc>Types the given ``text`` into the text field identified by ``locator``.</doc>
<status status="PASS" start="2026-02-26T10:14:55.526721" elapsed="0.145238"/>
</kw>
<kw name="Input Text" owner="SeleniumLibrary">
<msg time="2026-02-26T10:14:55.672670" level="INFO">Typing text 'Souza' into text field 'css:input[id="last-name"]'.</msg>
<arg>${CheckoutLastName}</arg>
<arg>${last_name}</arg>
<doc>Types the given ``text`` into the text field identified by ``locator``.</doc>
<status status="PASS" start="2026-02-26T10:14:55.672253" elapsed="0.146183"/>
</kw>
<kw name="Input Text" owner="SeleniumLibrary">
<msg time="2026-02-26T10:14:55.819228" level="INFO">Typing text '01001000' into text field 'css:input[id="postal-code"]'.</msg>
<arg>${CheckoutPostalCode}</arg>
<arg>${postal_code}</arg>
<doc>Types the given ``text`` into the text field identified by ``locator``.</doc>
<status status="PASS" start="2026-02-26T10:14:55.818784" elapsed="0.151209"/>
</kw>
<kw name="Click Element" owner="SeleniumLibrary">
<msg time="2026-02-26T10:14:55.970634" level="INFO">Clicking element 'css:input[id="continue"]'.</msg>
<arg>${CheckoutContinueButton}</arg>
<doc>Click the element identified by ``locator``.</doc>
<status status="PASS" start="2026-02-26T10:14:55.970307" elapsed="0.146350"/>
</kw>
<arg>${customer}[first_name]</arg>
<arg>${customer}[last_name]</arg>
<arg>${customer}[postal_code]</arg>
<status status="PASS" start="2026-02-26T10:14:55.525831" elapsed="0.591019"/>
</kw>
<kw name="Validate checkout overview loaded" owner="CheckoutKeywords">
<kw name="Wait Until Element Is Visible" owner="SeleniumLibrary">
<arg>${CheckoutSummaryContainer}</arg>
<arg>10s</arg>
<doc>Waits until the element ``locator`` is visible.</doc>
<status status="PASS" start="2026-02-26T10:14:56.118592" elapsed="0.040016"/>
</kw>
<kw name="Element Text Should Be" owner="SeleniumLibrary">
<msg time="2026-02-26T10:14:56.159868" level="INFO">Verifying element 'css:span.title' contains exact text 'Checkout: Overview'.</msg>
<arg>${CheckoutTitle}</arg>
<arg>${expected_title}</arg>
<doc>Verifies that element ``locator`` contains exact the text ``expected``.</doc>
<status status="PASS" start="2026-02-26T10:14:56.159084" elapsed="0.027011"/>
</kw>
<arg>${CHECKOUT_TEST_DATA}[expected_titles][overview]</arg>
<status status="PASS" start="2026-02-26T10:14:56.117676" elapsed="0.068577"/>
</kw>
<kw name="Validate checkout totals" owner="CheckoutKeywords">
<kw name="Element Should Contain" owner="SeleniumLibrary">
<msg time="2026-02-26T10:14:56.216804" level="INFO">Element 'css:div.summary_subtotal_label' contains text '$39.98'.</msg>
<arg>${CheckoutItemTotal}</arg>
<arg>${expected_item_total}</arg>
<doc>Verifies that element ``locator`` contains text ``expected``.</doc>
<status status="PASS" start="2026-02-26T10:14:56.187888" elapsed="0.029078"/>
</kw>
<kw name="Element Should Contain" owner="SeleniumLibrary">
<msg time="2026-02-26T10:14:56.247826" level="INFO">Element 'css:div.summary_tax_label' contains text '$3.20'.</msg>
<arg>${CheckoutTax}</arg>
<arg>${expected_tax}</arg>
<doc>Verifies that element ``locator`` contains text ``expected``.</doc>
<status status="PASS" start="2026-02-26T10:14:56.217354" elapsed="0.030656"/>
</kw>
<kw name="Element Should Contain" owner="SeleniumLibrary">
<msg time="2026-02-26T10:14:56.275716" level="INFO">Element 'css:div.summary_total_label' contains text '$43.18'.</msg>
<arg>${CheckoutTotal}</arg>
<arg>${expected_total}</arg>
<doc>Verifies that element ``locator`` contains text ``expected``.</doc>
<status status="PASS" start="2026-02-26T10:14:56.248396" elapsed="0.027443"/>
</kw>
<arg>${totals}[item_total]</arg>
<arg>${totals}[tax]</arg>
<arg>${totals}[total]</arg>
<status status="PASS" start="2026-02-26T10:14:56.186917" elapsed="0.089065"/>
</kw>
<kw name="Close the login page" owner="Base" type="TEARDOWN">
<kw name="Run Keyword If Test Failed" owner="BuiltIn">
<arg>Capture Page Screenshot</arg>
<doc>Runs the given keyword with the given arguments, if the test failed.</doc>
<status status="PASS" start="2026-02-26T10:14:56.277570" elapsed="0.000385"/>
</kw>
<kw name="Close Browser" owner="SeleniumLibrary">
<doc>Closes the current browser.</doc>
<status status="PASS" start="2026-02-26T10:14:56.278201" elapsed="2.272033"/>
</kw>
<status status="PASS" start="2026-02-26T10:14:56.277005" elapsed="2.273464"/>
</kw>
<doc>Valida os valores exibidos no overview</doc>
<tag>checkout</tag>
<tag>overview</tag>
<tag>total</tag>
<status status="PASS" start="2026-02-26T10:14:51.970555" elapsed="6.580216"/>
</test>
<test id="s1-s1-t4" name="CK04 – Checkout complete e retorno para produtos" line="39">
<kw name="Go to Login Page" owner="Base" type="SETUP">
<kw name="Open Browser" owner="SeleniumLibrary">
<msg time="2026-02-26T10:14:58.553651" level="INFO">Opening browser 'Edge' to base url 'https://www.saucedemo.com/'.</msg>
<arg>${URL}</arg>
<arg>${BROWSER}</arg>
<doc>Opens a new browser instance to the optional ``url``.</doc>
<status status="PASS" start="2026-02-26T10:14:58.553317" elapsed="2.099624"/>
</kw>
<status status="PASS" start="2026-02-26T10:14:58.552832" elapsed="2.100347"/>
</kw>
<kw name="Set Variable" owner="BuiltIn">
<msg time="2026-02-26T10:15:00.654733" level="INFO">${customer} = {'first_name': 'Gabriel', 'last_name': 'Souza', 'postal_code': '01001000'}</msg>
<var>${customer}</var>
<arg>${CHECKOUT_TEST_DATA}[customer]</arg>
<doc>Returns the given values which can then be assigned to a variables.</doc>
<status status="PASS" start="2026-02-26T10:15:00.653847" elapsed="0.000969"/>
</kw>
<kw name="Set Variable" owner="BuiltIn">
<msg time="2026-02-26T10:15:00.656021" level="INFO">${complete} = {'header': 'Thank you for your order!', 'text_contains': 'Your order has been dispatched'}</msg>
<var>${complete}</var>
<arg>${CHECKOUT_TEST_DATA}[complete]</arg>
<doc>Returns the given values which can then be assigned to a variables.</doc>
<status status="PASS" start="2026-02-26T10:15:00.655357" elapsed="0.000734"/>
</kw>
<kw name="Prepare cart with two default items" owner="CheckoutKeywords">
<kw name="Login with credentials" owner="LoginKeywords">
<kw name="Get File" owner="OperatingSystem">
<msg time="2026-02-26T10:15:00.658406" level="INFO" html="true">Getting file '&lt;a href="file://C:\Gabriel\projects\robot-framework\SwagLabs-QA-RobotFramework\Resources\Settings\credentials.json"&gt;C:\Gabriel\projects\robot-framework\SwagLabs-QA-RobotFramework\Resources\Settings\credentials.json&lt;/a&gt;'.</msg>
<msg time="2026-02-26T10:15:00.659091" level="INFO">${credentials_json} = {"users":[
    {
        "role": "standard",
        "username": "standard_user",
        "password": "secret_sauce"
    },
    {
        "role": "Locked",
        "username": "locked_out_user",
     ...</msg>
<var>${credentials_json}</var>
<arg>${CredentialsJson}</arg>
<doc>Returns the contents of a specified file.</doc>
<status status="PASS" start="2026-02-26T10:15:00.658137" elapsed="0.001088"/>
</kw>
<kw name="Evaluate" owner="BuiltIn">
<msg time="2026-02-26T10:15:00.661337" level="INFO">${credentials} = {'users': [{'role': 'standard', 'username': 'standard_user', 'password': 'secret_sauce'}, {'role': 'Locked', 'username': 'locked_out_user', 'password': 'secret_sauce'}, {'role': 'problem', 'username':...</msg>
<var>${credentials}</var>
<arg>json.loads(r'''${credentials_json}''')</arg>
<arg>modules=json</arg>
<doc>Evaluates the given expression in Python and returns the result.</doc>
<status status="PASS" start="2026-02-26T10:15:00.659743" elapsed="0.001718"/>
</kw>
<kw name="Get From Dictionary" owner="Collections">
<msg time="2026-02-26T10:15:00.662747" level="INFO">${users} = [{'role': 'standard', 'username': 'standard_user', 'password': 'secret_sauce'}, {'role': 'Locked', 'username': 'locked_out_user', 'password': 'secret_sauce'}, {'role': 'problem', 'username': 'problem_...</msg>
<var>${users}</var>
<arg>${credentials}</arg>
<arg>users</arg>
<doc>Returns a value from the given ``dictionary`` based on the given ``key``.</doc>
<status status="PASS" start="2026-02-26T10:15:00.662098" elapsed="0.000742"/>
</kw>
<kw name="Set Variable" owner="BuiltIn">
<msg time="2026-02-26T10:15:00.664278" level="INFO">${user_dictionary} = None</msg>
<var>${user_dictionary}</var>
<arg>${None}</arg>
<doc>Returns the given values which can then be assigned to a variables.</doc>
<status status="PASS" start="2026-02-26T10:15:00.663291" elapsed="0.001074"/>
</kw>
<for flavor="IN">
<iter>
<kw name="Get From Dictionary" owner="Collections">
<msg time="2026-02-26T10:15:00.666001" level="INFO">${user_role} = standard</msg>
<var>${user_role}</var>
<arg>${i}</arg>
<arg>role</arg>
<doc>Returns a value from the given ``dictionary`` based on the given ``key``.</doc>
<status status="PASS" start="2026-02-26T10:15:00.665405" elapsed="0.000690"/>
</kw>
<kw name="Run Keyword If" owner="BuiltIn">
<kw name="Set Test Variable" owner="BuiltIn">
<msg time="2026-02-26T10:15:00.668617" level="INFO">${user_dictionary} = {'role': 'standard', 'username': 'standard_user', 'password': 'secret_sauce'}</msg>
<arg>${user_dictionary}</arg>
<arg>${i}</arg>
<doc>Makes a variable available everywhere within the scope of the current test.</doc>
<status status="PASS" start="2026-02-26T10:15:00.667727" elapsed="0.001036"/>
</kw>
<arg>'${user_role}' == '${role}'</arg>
<arg>Set Test Variable</arg>
<arg>${user_dictionary}</arg>
<arg>${i}</arg>
<doc>Runs the given keyword with the given arguments, if ``condition`` is true.</doc>
<status status="PASS" start="2026-02-26T10:15:00.666522" elapsed="0.002486"/>
</kw>
<kw name="Exit For Loop If" owner="BuiltIn">
<msg time="2026-02-26T10:15:00.670131" level="INFO">Exiting for loop altogether.</msg>
<arg>${user_dictionary}</arg>
<doc>Stops executing the enclosing FOR loop if the ``condition`` is true.</doc>
<status status="PASS" start="2026-02-26T10:15:00.669370" elapsed="0.000942"/>
</kw>
<var name="${i}">{'role': 'standard', 'username': 'standard_user', 'password': 'secret_sauce'}</var>
<status status="PASS" start="2026-02-26T10:15:00.665031" elapsed="0.005419"/>
</iter>
<var>${i}</var>
<value>@{users}</value>
<status status="PASS" start="2026-02-26T10:15:00.664565" elapsed="0.006018"/>
</for>
<if>
<branch type="IF" condition="not ${user_dictionary}">
<kw name="Fail" owner="BuiltIn">
<arg>No user found with role "${role}"</arg>
<doc>Fails the test with the given message and optionally alters its tags.</doc>
<status status="NOT RUN" start="2026-02-26T10:15:00.671457" elapsed="0.000082"/>
</kw>
<status status="NOT RUN" start="2026-02-26T10:15:00.670814" elapsed="0.000827"/>
</branch>
<status status="PASS" start="2026-02-26T10:15:00.670761" elapsed="0.000977"/>
</if>
<kw name="Get From Dictionary" owner="Collections">
<msg time="2026-02-26T10:15:00.672497" level="INFO">${username} = standard_user</msg>
<var>${username}</var>
<arg>${user_dictionary}</arg>
<arg>username</arg>
<doc>Returns a value from the given ``dictionary`` based on the given ``key``.</doc>
<status status="PASS" start="2026-02-26T10:15:00.672028" elapsed="0.000527"/>
</kw>
<kw name="Get From Dictionary" owner="Collections">
<msg time="2026-02-26T10:15:00.673357" level="INFO">${password} = secret_sauce</msg>
<var>${password}</var>
<arg>${user_dictionary}</arg>
<arg>password</arg>
<doc>Returns a value from the given ``dictionary`` based on the given ``key``.</doc>
<status status="PASS" start="2026-02-26T10:15:00.672857" elapsed="0.000588"/>
</kw>
<kw name="Input Text" owner="SeleniumLibrary">
<msg time="2026-02-26T10:15:00.674609" level="INFO">Typing text 'standard_user' into text field 'css:input[id*="user-name"]'.</msg>
<arg>${LOGIN_USERNAME_FIELD}</arg>
<arg>${username}</arg>
<doc>Types the given ``text`` into the text field identified by ``locator``.</doc>
<status status="PASS" start="2026-02-26T10:15:00.673839" elapsed="0.198948"/>
</kw>
<kw name="Input Text" owner="SeleniumLibrary">
<msg time="2026-02-26T10:15:00.873909" level="INFO">Typing text 'secret_sauce' into text field 'css:input[id="password"]'.</msg>
<arg>${LOGIN_PASSWORD_FIELD}</arg>
<arg>${password}</arg>
<doc>Types the given ``text`` into the text field identified by ``locator``.</doc>
<status status="PASS" start="2026-02-26T10:15:00.873214" elapsed="0.146966"/>
</kw>
<kw name="Click Button" owner="SeleniumLibrary">
<msg time="2026-02-26T10:15:01.021109" level="INFO">Clicking button 'css:input[id="login-button"]'.</msg>
<arg>${LOGIN_BUTTON}</arg>
<doc>Clicks the button identified by ``locator``.</doc>
<status status="PASS" start="2026-02-26T10:15:01.020624" elapsed="0.196381"/>
</kw>
<kw name="Wait Until Element Is Visible" owner="SeleniumLibrary">
<arg>${titleInventory}</arg>
<arg>10s</arg>
<doc>Waits until the element ``locator`` is visible.</doc>
<status status="PASS" start="2026-02-26T10:15:01.217364" elapsed="0.039837"/>
</kw>
<arg>${role}</arg>
<status status="PASS" start="2026-02-26T10:15:00.657573" elapsed="0.599857"/>
</kw>
<kw name="Check if you went to the expected page" owner="LoginKeywords">
<kw name="Page Should Contain Element" owner="SeleniumLibrary">
<msg time="2026-02-26T10:15:01.271132" level="INFO">Current page contains element 'css:span.title'.</msg>
<arg>${LocatorPageExpected}</arg>
<doc>Verifies that element ``locator`` is found on the current page.</doc>
<status status="PASS" start="2026-02-26T10:15:01.258476" elapsed="0.012814"/>
</kw>
<arg>${titleInventory}</arg>
<status status="PASS" start="2026-02-26T10:15:01.257829" elapsed="0.013623"/>
</kw>
<kw name="Wait Until Element Is Visible" owner="SeleniumLibrary">
<arg>${CheckoutAddBackpack}</arg>
<arg>10s</arg>
<doc>Waits until the element ``locator`` is visible.</doc>
<status status="PASS" start="2026-02-26T10:15:01.271783" elapsed="0.032028"/>
</kw>
<kw name="Click Element" owner="SeleniumLibrary">
<msg time="2026-02-26T10:15:01.304488" level="INFO">Clicking element 'css:button[id="add-to-cart-sauce-labs-backpack"]'.</msg>
<arg>${CheckoutAddBackpack}</arg>
<doc>Click the element identified by ``locator``.</doc>
<status status="PASS" start="2026-02-26T10:15:01.304111" elapsed="0.119011"/>
</kw>
<kw name="Click Element" owner="SeleniumLibrary">
<msg time="2026-02-26T10:15:01.423906" level="INFO">Clicking element 'css:button[id="add-to-cart-sauce-labs-bike-light"]'.</msg>
<arg>${CheckoutAddBikeLight}</arg>
<doc>Click the element identified by ``locator``.</doc>
<status status="PASS" start="2026-02-26T10:15:01.423428" elapsed="0.101944"/>
</kw>
<arg>${CHECKOUT_TEST_DATA}[role]</arg>
<status status="PASS" start="2026-02-26T10:15:00.656697" elapsed="0.868887"/>
</kw>
<kw name="Open cart page" owner="CheckoutKeywords">
<kw name="Click Element" owner="SeleniumLibrary">
<msg time="2026-02-26T10:15:01.527372" level="INFO">Clicking element 'css:a.shopping_cart_link'.</msg>
<arg>${CheckoutCartLink}</arg>
<doc>Click the element identified by ``locator``.</doc>
<status status="PASS" start="2026-02-26T10:15:01.526895" elapsed="0.111292"/>
</kw>
<kw name="Wait Until Element Is Visible" owner="SeleniumLibrary">
<arg>${CartList}</arg>
<arg>10s</arg>
<doc>Waits until the element ``locator`` is visible.</doc>
<status status="PASS" start="2026-02-26T10:15:01.638491" elapsed="0.026451"/>
</kw>
<status status="PASS" start="2026-02-26T10:15:01.526244" elapsed="0.138914"/>
</kw>
<kw name="Start checkout information step" owner="CheckoutKeywords">
<kw name="Wait Until Element Is Visible" owner="SeleniumLibrary">
<arg>${CartCheckoutButton}</arg>
<arg>10s</arg>
<doc>Waits until the element ``locator`` is visible.</doc>
<status status="PASS" start="2026-02-26T10:15:01.666450" elapsed="0.047592"/>
</kw>
<kw name="Click Element" owner="SeleniumLibrary">
<msg time="2026-02-26T10:15:01.714669" level="INFO">Clicking element 'css:button[id="checkout"]'.</msg>
<arg>${CartCheckoutButton}</arg>
<doc>Click the element identified by ``locator``.</doc>
<status status="PASS" start="2026-02-26T10:15:01.714339" elapsed="0.108610"/>
</kw>
<kw name="Wait Until Element Is Visible" owner="SeleniumLibrary">
<arg>${CheckoutInfoContainer}</arg>
<arg>10s</arg>
<doc>Waits until the element ``locator`` is visible.</doc>
<status status="PASS" start="2026-02-26T10:15:01.823358" elapsed="0.028274"/>
</kw>
<kw name="Element Text Should Be" owner="SeleniumLibrary">
<msg time="2026-02-26T10:15:01.852294" level="INFO">Verifying element 'css:span.title' contains exact text 'Checkout: Your Information'.</msg>
<arg>${CheckoutTitle}</arg>
<arg>${expected_title}</arg>
<doc>Verifies that element ``locator`` contains exact the text ``expected``.</doc>
<status status="PASS" start="2026-02-26T10:15:01.851944" elapsed="0.031123"/>
</kw>
<arg>${CHECKOUT_TEST_DATA}[expected_titles][information]</arg>
<status status="PASS" start="2026-02-26T10:15:01.665731" elapsed="0.217492"/>
</kw>
<kw name="Fill checkout information" owner="CheckoutKeywords">
<kw name="Input Text" owner="SeleniumLibrary">
<msg time="2026-02-26T10:15:01.885560" level="INFO">Typing text 'Gabriel' into text field 'css:input[id="first-name"]'.</msg>
<arg>${CheckoutFirstName}</arg>
<arg>${first_name}</arg>
<doc>Types the given ``text`` into the text field identified by ``locator``.</doc>
<status status="PASS" start="2026-02-26T10:15:01.885011" elapsed="0.154439"/>
</kw>
<kw name="Input Text" owner="SeleniumLibrary">
<msg time="2026-02-26T10:15:02.040120" level="INFO">Typing text 'Souza' into text field 'css:input[id="last-name"]'.</msg>
<arg>${CheckoutLastName}</arg>
<arg>${last_name}</arg>
<doc>Types the given ``text`` into the text field identified by ``locator``.</doc>
<status status="PASS" start="2026-02-26T10:15:02.039736" elapsed="0.150288"/>
</kw>
<kw name="Input Text" owner="SeleniumLibrary">
<msg time="2026-02-26T10:15:02.190886" level="INFO">Typing text '01001000' into text field 'css:input[id="postal-code"]'.</msg>
<arg>${CheckoutPostalCode}</arg>
<arg>${postal_code}</arg>
<doc>Types the given ``text`` into the text field identified by ``locator``.</doc>
<status status="PASS" start="2026-02-26T10:15:02.190423" elapsed="0.159022"/>
</kw>
<kw name="Click Element" owner="SeleniumLibrary">
<msg time="2026-02-26T10:15:02.350485" level="INFO">Clicking element 'css:input[id="continue"]'.</msg>
<arg>${CheckoutContinueButton}</arg>
<doc>Click the element identified by ``locator``.</doc>
<status status="PASS" start="2026-02-26T10:15:02.349941" elapsed="0.140298"/>
</kw>
<arg>${customer}[first_name]</arg>
<arg>${customer}[last_name]</arg>
<arg>${customer}[postal_code]</arg>
<status status="PASS" start="2026-02-26T10:15:01.884001" elapsed="0.606476"/>
</kw>
<kw name="Validate checkout overview loaded" owner="CheckoutKeywords">
<kw name="Wait Until Element Is Visible" owner="SeleniumLibrary">
<arg>${CheckoutSummaryContainer}</arg>
<arg>10s</arg>
<doc>Waits until the element ``locator`` is visible.</doc>
<status status="PASS" start="2026-02-26T10:15:02.492190" elapsed="0.030691"/>
</kw>
<kw name="Element Text Should Be" owner="SeleniumLibrary">
<msg time="2026-02-26T10:15:02.523641" level="INFO">Verifying element 'css:span.title' contains exact text 'Checkout: Overview'.</msg>
<arg>${CheckoutTitle}</arg>
<arg>${expected_title}</arg>
<doc>Verifies that element ``locator`` contains exact the text ``expected``.</doc>
<status status="PASS" start="2026-02-26T10:15:02.523211" elapsed="0.023722"/>
</kw>
<arg>${CHECKOUT_TEST_DATA}[expected_titles][overview]</arg>
<status status="PASS" start="2026-02-26T10:15:02.491282" elapsed="0.055947"/>
</kw>
<kw name="Finish checkout flow" owner="CheckoutKeywords">
<kw name="Click Element" owner="SeleniumLibrary">
<msg time="2026-02-26T10:15:02.548985" level="INFO">Clicking element 'css:button[id="finish"]'.</msg>
<arg>${CheckoutFinishButton}</arg>
<doc>Click the element identified by ``locator``.</doc>
<status status="PASS" start="2026-02-26T10:15:02.548564" elapsed="0.113431"/>
</kw>
<kw name="Wait Until Element Is Visible" owner="SeleniumLibrary">
<arg>${CheckoutCompleteContainer}</arg>
<arg>10s</arg>
<doc>Waits until the element ``locator`` is visible.</doc>
<status status="PASS" start="2026-02-26T10:15:02.662299" elapsed="0.027707"/>
</kw>
<status status="PASS" start="2026-02-26T10:15:02.547891" elapsed="0.142294"/>
</kw>
<kw name="Validate checkout complete page" owner="CheckoutKeywords">
<kw name="Element Text Should Be" owner="SeleniumLibrary">
<msg time="2026-02-26T10:15:02.692196" level="INFO">Verifying element 'css:span.title' contains exact text 'Checkout: Complete!'.</msg>
<arg>${CheckoutTitle}</arg>
<arg>${expected_title}</arg>
<doc>Verifies that element ``locator`` contains exact the text ``expected``.</doc>
<status status="PASS" start="2026-02-26T10:15:02.691776" elapsed="0.023840"/>
</kw>
<kw name="Element Should Contain" owner="SeleniumLibrary">
<msg time="2026-02-26T10:15:02.745993" level="INFO">Element 'css:h2.complete-header' contains text 'Thank you for your order!'.</msg>
<arg>${CheckoutCompleteHeader}</arg>
<arg>${expected_header}</arg>
<doc>Verifies that element ``locator`` contains text ``expected``.</doc>
<status status="PASS" start="2026-02-26T10:15:02.715996" elapsed="0.030195"/>
</kw>
<kw name="Element Should Contain" owner="SeleniumLibrary">
<msg time="2026-02-26T10:15:02.775415" level="INFO">Element 'css:div.complete-text' contains text 'Your order has been dispatched'.</msg>
<arg>${CheckoutCompleteText}</arg>
<arg>${expected_text_contains}</arg>
<doc>Verifies that element ``locator`` contains text ``expected``.</doc>
<status status="PASS" start="2026-02-26T10:15:02.746601" elapsed="0.028947"/>
</kw>
<arg>${CHECKOUT_TEST_DATA}[expected_titles][complete]</arg>
<arg>${complete}[header]</arg>
<arg>${complete}[text_contains]</arg>
<status status="PASS" start="2026-02-26T10:15:02.690936" elapsed="0.084824"/>
</kw>
<kw name="Go back to products from complete page" owner="CheckoutKeywords">
<kw name="Click Element" owner="SeleniumLibrary">
<msg time="2026-02-26T10:15:02.777742" level="INFO">Clicking element 'css:button[id="back-to-products"]'.</msg>
<arg>${CheckoutBackHomeButton}</arg>
<doc>Click the element identified by ``locator``.</doc>
<status status="PASS" start="2026-02-26T10:15:02.777124" elapsed="0.136851"/>
</kw>
<kw name="Wait Until Element Is Visible" owner="SeleniumLibrary">
<arg>${titleInventory}</arg>
<arg>10s</arg>
<doc>Waits until the element ``locator`` is visible.</doc>
<status status="PASS" start="2026-02-26T10:15:02.914426" elapsed="0.023565"/>
</kw>
<status status="PASS" start="2026-02-26T10:15:02.776313" elapsed="0.161880"/>
</kw>
<kw name="Close the login page" owner="Base" type="TEARDOWN">
<kw name="Run Keyword If Test Failed" owner="BuiltIn">
<arg>Capture Page Screenshot</arg>
<doc>Runs the given keyword with the given arguments, if the test failed.</doc>
<status status="PASS" start="2026-02-26T10:15:02.939475" elapsed="0.000371"/>
</kw>
<kw name="Close Browser" owner="SeleniumLibrary">
<doc>Closes the current browser.</doc>
<status status="PASS" start="2026-02-26T10:15:02.940065" elapsed="2.250307"/>
</kw>
<status status="PASS" start="2026-02-26T10:15:02.938935" elapsed="2.251650"/>
</kw>
<doc>Finaliza pedido e volta para HomePage</doc>
<tag>checkout</tag>
<tag>complete</tag>
<status status="PASS" start="2026-02-26T10:14:58.551745" elapsed="6.639110"/>
</test>
<status status="PASS" start="2026-02-26T10:14:40.450770" elapsed="24.741562"/>
</suite>
<suite id="s1-s2" name="ComponentsTest" source="C:\Gabriel\projects\robot-framework\SwagLabs-QA-RobotFramework\Test\ComponentsTest.robot">
<kw name="Load Components Test Data" type="SETUP">
<kw name="Load test data file" owner="Base">
<kw name="Set Variable" owner="BuiltIn">
<msg time="2026-02-26T10:15:05.207234" level="INFO">${file_path} = Data/components_test_data.json</msg>
<var>${file_path}</var>
<arg>${DataFolder}/${file_name}</arg>
<doc>Returns the given values which can then be assigned to a variables.</doc>
<status status="PASS" start="2026-02-26T10:15:05.206185" elapsed="0.001141"/>
</kw>
<kw name="Get File" owner="OperatingSystem">
<msg time="2026-02-26T10:15:05.207818" level="INFO" html="true">Getting file '&lt;a href="file://C:\Gabriel\projects\robot-framework\SwagLabs-QA-RobotFramework\Data\components_test_data.json"&gt;C:\Gabriel\projects\robot-framework\SwagLabs-QA-RobotFramework\Data\components_test_data.json&lt;/a&gt;'.</msg>
<msg time="2026-02-26T10:15:05.208185" level="INFO">${json_text} = {
  "role": "standard",
  "expected_logo": "Swag Labs",
  "expected_footer_text": "Sauce Labs. All Rights Reserved.",
  "menu_items": [
    "All Items",
    "About",
    "Logout",
    "Reset App State...</msg>
<var>${json_text}</var>
<arg>${file_path}</arg>
<doc>Returns the contents of a specified file.</doc>
<status status="PASS" start="2026-02-26T10:15:05.207585" elapsed="0.000650"/>
</kw>
<kw name="Evaluate" owner="BuiltIn">
<msg time="2026-02-26T10:15:05.209336" level="INFO">${json_data} = {'role': 'standard', 'expected_logo': 'Swag Labs', 'expected_footer_text': 'Sauce Labs. All Rights Reserved.', 'menu_items': ['All Items', 'About', 'Logout', 'Reset App State']}</msg>
<var>${json_data}</var>
<arg>json.loads(r'''${json_text}''')</arg>
<arg>modules=json</arg>
<doc>Evaluates the given expression in Python and returns the result.</doc>
<status status="PASS" start="2026-02-26T10:15:05.208541" elapsed="0.000857"/>
</kw>
<return>
<value>${json_data}</value>
<status status="PASS" start="2026-02-26T10:15:05.209551" elapsed="0.000083"/>
</return>
<msg time="2026-02-26T10:15:05.209855" level="INFO">${data} = {'role': 'standard', 'expected_logo': 'Swag Labs', 'expected_footer_text': 'Sauce Labs. All Rights Reserved.', 'menu_items': ['All Items', 'About', 'Logout', 'Reset App State']}</msg>
<var>${data}</var>
<arg>components_test_data.json</arg>
<status status="PASS" start="2026-02-26T10:15:05.205330" elapsed="0.004567"/>
</kw>
<kw name="Set Suite Variable" owner="BuiltIn">
<msg time="2026-02-26T10:15:05.210695" level="INFO">${COMPONENTS_TEST_DATA} = {'role': 'standard', 'expected_logo': 'Swag Labs', 'expected_footer_text': 'Sauce Labs. All Rights Reserved.', 'menu_items': ['All Items', 'About', 'Logout', 'Reset App State']}</msg>
<arg>${COMPONENTS_TEST_DATA}</arg>
<arg>${data}</arg>
<doc>Makes a variable available everywhere within the scope of the current suite.</doc>
<status status="PASS" start="2026-02-26T10:15:05.210129" elapsed="0.000695"/>
</kw>
<status status="PASS" start="2026-02-26T10:15:05.204476" elapsed="0.006550"/>
</kw>
<test id="s1-s2-t1" name="CP01 – Componente App Logo" line="11">
<kw name="Go to Login Page" owner="Base" type="SETUP">
<kw name="Open Browser" owner="SeleniumLibrary">
<msg time="2026-02-26T10:15:05.213070" level="INFO">Opening browser 'Edge' to base url 'https://www.saucedemo.com/'.</msg>
<arg>${URL}</arg>
<arg>${BROWSER}</arg>
<doc>Opens a new browser instance to the optional ``url``.</doc>
<status status="PASS" start="2026-02-26T10:15:05.212776" elapsed="2.086557"/>
</kw>
<status status="PASS" start="2026-02-26T10:15:05.212260" elapsed="2.087323"/>
</kw>
<kw name="Open Components page as user" owner="ComponentsKeywords">
<kw name="Login with credentials" owner="LoginKeywords">
<kw name="Get File" owner="OperatingSystem">
<msg time="2026-02-26T10:15:07.303152" level="INFO" html="true">Getting file '&lt;a href="file://C:\Gabriel\projects\robot-framework\SwagLabs-QA-RobotFramework\Resources\Settings\credentials.json"&gt;C:\Gabriel\projects\robot-framework\SwagLabs-QA-RobotFramework\Resources\Settings\credentials.json&lt;/a&gt;'.</msg>
<msg time="2026-02-26T10:15:07.303845" level="INFO">${credentials_json} = {"users":[
    {
        "role": "standard",
        "username": "standard_user",
        "password": "secret_sauce"
    },
    {
        "role": "Locked",
        "username": "locked_out_user",
     ...</msg>
<var>${credentials_json}</var>
<arg>${CredentialsJson}</arg>
<doc>Returns the contents of a specified file.</doc>
<status status="PASS" start="2026-02-26T10:15:07.302636" elapsed="0.001284"/>
</kw>
<kw name="Evaluate" owner="BuiltIn">
<msg time="2026-02-26T10:15:07.305203" level="INFO">${credentials} = {'users': [{'role': 'standard', 'username': 'standard_user', 'password': 'secret_sauce'}, {'role': 'Locked', 'username': 'locked_out_user', 'password': 'secret_sauce'}, {'role': 'problem', 'username':...</msg>
<var>${credentials}</var>
<arg>json.loads(r'''${credentials_json}''')</arg>
<arg>modules=json</arg>
<doc>Evaluates the given expression in Python and returns the result.</doc>
<status status="PASS" start="2026-02-26T10:15:07.304207" elapsed="0.001060"/>
</kw>
<kw name="Get From Dictionary" owner="Collections">
<msg time="2026-02-26T10:15:07.305977" level="INFO">${users} = [{'role': 'standard', 'username': 'standard_user', 'password': 'secret_sauce'}, {'role': 'Locked', 'username': 'locked_out_user', 'password': 'secret_sauce'}, {'role': 'problem', 'username': 'problem_...</msg>
<var>${users}</var>
<arg>${credentials}</arg>
<arg>users</arg>
<doc>Returns a value from the given ``dictionary`` based on the given ``key``.</doc>
<status status="PASS" start="2026-02-26T10:15:07.305601" elapsed="0.000426"/>
</kw>
<kw name="Set Variable" owner="BuiltIn">
<msg time="2026-02-26T10:15:07.306794" level="INFO">${user_dictionary} = None</msg>
<var>${user_dictionary}</var>
<arg>${None}</arg>
<doc>Returns the given values which can then be assigned to a variables.</doc>
<status status="PASS" start="2026-02-26T10:15:07.306250" elapsed="0.000599"/>
</kw>
<for flavor="IN">
<iter>
<kw name="Get From Dictionary" owner="Collections">
<msg time="2026-02-26T10:15:07.307816" level="INFO">${user_role} = standard</msg>
<var>${user_role}</var>
<arg>${i}</arg>
<arg>role</arg>
<doc>Returns a value from the given ``dictionary`` based on the given ``key``.</doc>
<status status="PASS" start="2026-02-26T10:15:07.307486" elapsed="0.000383"/>
</kw>
<kw name="Run Keyword If" owner="BuiltIn">
<kw name="Set Test Variable" owner="BuiltIn">
<msg time="2026-02-26T10:15:07.310396" level="INFO">${user_dictionary} = {'role': 'standard', 'username': 'standard_user', 'password': 'secret_sauce'}</msg>
<arg>${user_dictionary}</arg>
<arg>${i}</arg>
<doc>Makes a variable available everywhere within the scope of the current test.</doc>
<status status="PASS" start="2026-02-26T10:15:07.309362" elapsed="0.001131"/>
</kw>
<arg>'${user_role}' == '${role}'</arg>
<arg>Set Test Variable</arg>
<arg>${user_dictionary}</arg>
<arg>${i}</arg>
<doc>Runs the given keyword with the given arguments, if ``condition`` is true.</doc>
<status status="PASS" start="2026-02-26T10:15:07.308114" elapsed="0.002519"/>
</kw>
<kw name="Exit For Loop If" owner="BuiltIn">
<msg time="2026-02-26T10:15:07.311949" level="INFO">Exiting for loop altogether.</msg>
<arg>${user_dictionary}</arg>
<doc>Stops executing the enclosing FOR loop if the ``condition`` is true.</doc>
<status status="PASS" start="2026-02-26T10:15:07.311110" elapsed="0.001036"/>
</kw>
<var name="${i}">{'role': 'standard', 'username': 'standard_user', 'password': 'secret_sauce'}</var>
<status status="PASS" start="2026-02-26T10:15:07.307245" elapsed="0.005019"/>
</iter>
<var>${i}</var>
<value>@{users}</value>
<status status="PASS" start="2026-02-26T10:15:07.306960" elapsed="0.005449"/>
</for>
<if>
<branch type="IF" condition="not ${user_dictionary}">
<kw name="Fail" owner="BuiltIn">
<arg>No user found with role "${role}"</arg>
<doc>Fails the test with the given message and optionally alters its tags.</doc>
<status status="NOT RUN" start="2026-02-26T10:15:07.313178" elapsed="0.000049"/>
</kw>
<status status="NOT RUN" start="2026-02-26T10:15:07.312682" elapsed="0.000619"/>
</branch>
<status status="PASS" start="2026-02-26T10:15:07.312638" elapsed="0.000768"/>
</if>
<kw name="Get From Dictionary" owner="Collections">
<msg time="2026-02-26T10:15:07.314013" level="INFO">${username} = standard_user</msg>
<var>${username}</var>
<arg>${user_dictionary}</arg>
<arg>username</arg>
<doc>Returns a value from the given ``dictionary`` based on the given ``key``.</doc>
<status status="PASS" start="2026-02-26T10:15:07.313627" elapsed="0.000479"/>
</kw>
<kw name="Get From Dictionary" owner="Collections">
<msg time="2026-02-26T10:15:07.314704" level="INFO">${password} = secret_sauce</msg>
<var>${password}</var>
<arg>${user_dictionary}</arg>
<arg>password</arg>
<doc>Returns a value from the given ``dictionary`` based on the given ``key``.</doc>
<status status="PASS" start="2026-02-26T10:15:07.314367" elapsed="0.000381"/>
</kw>
<kw name="Input Text" owner="SeleniumLibrary">
<msg time="2026-02-26T10:15:07.315406" level="INFO">Typing text 'standard_user' into text field 'css:input[id*="user-name"]'.</msg>
<arg>${LOGIN_USERNAME_FIELD}</arg>
<arg>${username}</arg>
<doc>Types the given ``text`` into the text field identified by ``locator``.</doc>
<status status="PASS" start="2026-02-26T10:15:07.314981" elapsed="0.210014"/>
</kw>
<kw name="Input Text" owner="SeleniumLibrary">
<msg time="2026-02-26T10:15:07.526137" level="INFO">Typing text 'secret_sauce' into text field 'css:input[id="password"]'.</msg>
<arg>${LOGIN_PASSWORD_FIELD}</arg>
<arg>${password}</arg>
<doc>Types the given ``text`` into the text field identified by ``locator``.</doc>
<status status="PASS" start="2026-02-26T10:15:07.525421" elapsed="0.156009"/>
</kw>
<kw name="Click Button" owner="SeleniumLibrary">
<msg time="2026-02-26T10:15:07.682420" level="INFO">Clicking button 'css:input[id="login-button"]'.</msg>
<arg>${LOGIN_BUTTON}</arg>
<doc>Clicks the button identified by ``locator``.</doc>
<status status="PASS" start="2026-02-26T10:15:07.681878" elapsed="0.181724"/>
</kw>
<kw name="Wait Until Element Is Visible" owner="SeleniumLibrary">
<arg>${titleInventory}</arg>
<arg>10s</arg>
<doc>Waits until the element ``locator`` is visible.</doc>
<status status="PASS" start="2026-02-26T10:15:07.863974" elapsed="0.037498"/>
</kw>
<arg>${role}</arg>
<status status="PASS" start="2026-02-26T10:15:07.301734" elapsed="0.599940"/>
</kw>
<kw name="Wait Until Element Is Visible" owner="SeleniumLibrary">
<arg>${ComponentProductsTitle}</arg>
<arg>10s</arg>
<doc>Waits until the element ``locator`` is visible.</doc>
<status status="PASS" start="2026-02-26T10:15:07.902002" elapsed="0.023904"/>
</kw>
<arg>${COMPONENTS_TEST_DATA}[role]</arg>
<status status="PASS" start="2026-02-26T10:15:07.300423" elapsed="0.625789"/>
</kw>
<kw name="Validate app logo component" owner="ComponentsKeywords">
<kw name="Wait Until Element Is Visible" owner="SeleniumLibrary">
<arg>${ComponentAppLogo}</arg>
<arg>10s</arg>
<doc>Waits until the element ``locator`` is visible.</doc>
<status status="PASS" start="2026-02-26T10:15:07.928194" elapsed="0.026551"/>
</kw>
<kw name="Element Text Should Be" owner="SeleniumLibrary">
<msg time="2026-02-26T10:15:07.955429" level="INFO">Verifying element 'css:div.app_logo' contains exact text 'Swag Labs'.</msg>
<arg>${ComponentAppLogo}</arg>
<arg>${expected_logo_text}</arg>
<doc>Verifies that element ``locator`` contains exact the text ``expected``.</doc>
<status status="PASS" start="2026-02-26T10:15:07.955016" elapsed="0.028533"/>
</kw>
<arg>${COMPONENTS_TEST_DATA}[expected_logo]</arg>
<status status="PASS" start="2026-02-26T10:15:07.927331" elapsed="0.056367"/>
</kw>
<kw name="Close the login page" owner="Base" type="TEARDOWN">
<kw name="Run Keyword If Test Failed" owner="BuiltIn">
<arg>Capture Page Screenshot</arg>
<doc>Runs the given keyword with the given arguments, if the test failed.</doc>
<status status="PASS" start="2026-02-26T10:15:07.984771" elapsed="0.000339"/>
</kw>
<kw name="Close Browser" owner="SeleniumLibrary">
<doc>Closes the current browser.</doc>
<status status="PASS" start="2026-02-26T10:15:07.985314" elapsed="2.214570"/>
</kw>
<status status="PASS" start="2026-02-26T10:15:07.984299" elapsed="2.215816"/>
</kw>
<doc>Valida o componente da logo Swag Labs</doc>
<tag>components</tag>
<tag>logo</tag>
<status status="PASS" start="2026-02-26T10:15:05.211198" elapsed="4.989456"/>
</test>
<test id="s1-s2-t2" name="CP02 – Componente ícone do carrinho" line="17">
<kw name="Go to Login Page" owner="Base" type="SETUP">
<kw name="Open Browser" owner="SeleniumLibrary">
<msg time="2026-02-26T10:15:10.204097" level="INFO">Opening browser 'Edge' to base url 'https://www.saucedemo.com/'.</msg>
<arg>${URL}</arg>
<arg>${BROWSER}</arg>
<doc>Opens a new browser instance to the optional ``url``.</doc>
<status status="PASS" start="2026-02-26T10:15:10.203551" elapsed="2.127144"/>
</kw>
<status status="PASS" start="2026-02-26T10:15:10.202822" elapsed="2.128129"/>
</kw>
<kw name="Open Components page as user" owner="ComponentsKeywords">
<kw name="Login with credentials" owner="LoginKeywords">
<kw name="Get File" owner="OperatingSystem">
<msg time="2026-02-26T10:15:12.333971" level="INFO" html="true">Getting file '&lt;a href="file://C:\Gabriel\projects\robot-framework\SwagLabs-QA-RobotFramework\Resources\Settings\credentials.json"&gt;C:\Gabriel\projects\robot-framework\SwagLabs-QA-RobotFramework\Resources\Settings\credentials.json&lt;/a&gt;'.</msg>
<msg time="2026-02-26T10:15:12.334607" level="INFO">${credentials_json} = {"users":[
    {
        "role": "standard",
        "username": "standard_user",
        "password": "secret_sauce"
    },
    {
        "role": "Locked",
        "username": "locked_out_user",
     ...</msg>
<var>${credentials_json}</var>
<arg>${CredentialsJson}</arg>
<doc>Returns the contents of a specified file.</doc>
<status status="PASS" start="2026-02-26T10:15:12.333600" elapsed="0.001083"/>
</kw>
<kw name="Evaluate" owner="BuiltIn">
<msg time="2026-02-26T10:15:12.336061" level="INFO">${credentials} = {'users': [{'role': 'standard', 'username': 'standard_user', 'password': 'secret_sauce'}, {'role': 'Locked', 'username': 'locked_out_user', 'password': 'secret_sauce'}, {'role': 'problem', 'username':...</msg>
<var>${credentials}</var>
<arg>json.loads(r'''${credentials_json}''')</arg>
<arg>modules=json</arg>
<doc>Evaluates the given expression in Python and returns the result.</doc>
<status status="PASS" start="2026-02-26T10:15:12.335021" elapsed="0.001118"/>
</kw>
<kw name="Get From Dictionary" owner="Collections">
<msg time="2026-02-26T10:15:12.336856" level="INFO">${users} = [{'role': 'standard', 'username': 'standard_user', 'password': 'secret_sauce'}, {'role': 'Locked', 'username': 'locked_out_user', 'password': 'secret_sauce'}, {'role': 'problem', 'username': 'problem_...</msg>
<var>${users}</var>
<arg>${credentials}</arg>
<arg>users</arg>
<doc>Returns a value from the given ``dictionary`` based on the given ``key``.</doc>
<status status="PASS" start="2026-02-26T10:15:12.336452" elapsed="0.000471"/>
</kw>
<kw name="Set Variable" owner="BuiltIn">
<msg time="2026-02-26T10:15:12.337854" level="INFO">${user_dictionary} = None</msg>
<var>${user_dictionary}</var>
<arg>${None}</arg>
<doc>Returns the given values which can then be assigned to a variables.</doc>
<status status="PASS" start="2026-02-26T10:15:12.337252" elapsed="0.000667"/>
</kw>
<for flavor="IN">
<iter>
<kw name="Get From Dictionary" owner="Collections">
<msg time="2026-02-26T10:15:12.339013" level="INFO">${user_role} = standard</msg>
<var>${user_role}</var>
[...]
<var>${username}</var>
<arg>${user_dictionary}</arg>
<arg>username</arg>
<doc>Returns a value from the given ``dictionary`` based on the given ``key``.</doc>
<status status="PASS" start="2026-02-26T10:16:58.068597" elapsed="0.000755"/>
</kw>
<kw name="Get From Dictionary" owner="Collections">
<msg time="2026-02-26T10:16:58.070431" level="INFO">${password} = secret_sauce</msg>
<var>${password}</var>
<arg>${user_dictionary}</arg>
<arg>password</arg>
<doc>Returns a value from the given ``dictionary`` based on the given ``key``.</doc>
<status status="PASS" start="2026-02-26T10:16:58.069921" elapsed="0.000583"/>
</kw>
<kw name="Input Text" owner="SeleniumLibrary">
<msg time="2026-02-26T10:16:58.071688" level="INFO">Typing text 'problem_user' into text field 'css:input[id*="user-name"]'.</msg>
<arg>${LOGIN_USERNAME_FIELD}</arg>
<arg>${username}</arg>
<doc>Types the given ``text`` into the text field identified by ``locator``.</doc>
<status status="PASS" start="2026-02-26T10:16:58.070894" elapsed="0.219491"/>
</kw>
<kw name="Input Text" owner="SeleniumLibrary">
<msg time="2026-02-26T10:16:58.291222" level="INFO">Typing text 'secret_sauce' into text field 'css:input[id="password"]'.</msg>
<arg>${LOGIN_PASSWORD_FIELD}</arg>
<arg>${password}</arg>
<doc>Types the given ``text`` into the text field identified by ``locator``.</doc>
<status status="PASS" start="2026-02-26T10:16:58.290728" elapsed="0.171183"/>
</kw>
<kw name="Click Button" owner="SeleniumLibrary">
<msg time="2026-02-26T10:16:58.462659" level="INFO">Clicking button 'css:input[id="login-button"]'.</msg>
<arg>${LOGIN_BUTTON}</arg>
<doc>Clicks the button identified by ``locator``.</doc>
<status status="PASS" start="2026-02-26T10:16:58.462245" elapsed="0.185921"/>
</kw>
<kw name="Wait Until Element Is Visible" owner="SeleniumLibrary">
<arg>${titleInventory}</arg>
<arg>10s</arg>
<doc>Waits until the element ``locator`` is visible.</doc>
<status status="PASS" start="2026-02-26T10:16:58.648521" elapsed="0.035279"/>
</kw>
<arg>${LOGIN_TEST_DATA}[problem_role]</arg>
<status status="PASS" start="2026-02-26T10:16:58.047736" elapsed="0.636272"/>
</kw>
<kw name="Check if you went to the expected page" owner="LoginKeywords">
<kw name="Page Should Contain Element" owner="SeleniumLibrary">
<msg time="2026-02-26T10:16:58.697947" level="INFO">Current page contains element 'css:span.title'.</msg>
<arg>${LocatorPageExpected}</arg>
<doc>Verifies that element ``locator`` is found on the current page.</doc>
<status status="PASS" start="2026-02-26T10:16:58.685199" elapsed="0.012874"/>
</kw>
<arg>${titleInventory}</arg>
<status status="PASS" start="2026-02-26T10:16:58.684645" elapsed="0.013570"/>
</kw>
<kw name="Close the login page" owner="Base" type="TEARDOWN">
<kw name="Run Keyword If Test Failed" owner="BuiltIn">
<arg>Capture Page Screenshot</arg>
<doc>Runs the given keyword with the given arguments, if the test failed.</doc>
<status status="PASS" start="2026-02-26T10:16:58.699212" elapsed="0.000346"/>
</kw>
<kw name="Close Browser" owner="SeleniumLibrary">
<doc>Closes the current browser.</doc>
<status status="PASS" start="2026-02-26T10:16:58.699780" elapsed="2.207618"/>
</kw>
<status status="PASS" start="2026-02-26T10:16:58.698775" elapsed="2.208866"/>
</kw>
<doc>Usuário problemático consegue acessar o inventário</doc>
<tag>TC14</tag>
<status status="PASS" start="2026-02-26T10:16:55.941865" elapsed="4.966236"/>
</test>
<test id="s1-s4-t11" name="TC15 – Login com usuário de performance" line="78">
<kw name="Go to Login Page" owner="Base" type="SETUP">
<kw name="Open Browser" owner="SeleniumLibrary">
<msg time="2026-02-26T10:17:00.912062" level="INFO">Opening browser 'Edge' to base url 'https://www.saucedemo.com/'.</msg>
<arg>${URL}</arg>
<arg>${BROWSER}</arg>
<doc>Opens a new browser instance to the optional ``url``.</doc>
<status status="PASS" start="2026-02-26T10:17:00.911369" elapsed="2.105634"/>
</kw>
<status status="PASS" start="2026-02-26T10:17:00.910654" elapsed="2.106543"/>
</kw>
<kw name="Login with credentials" owner="LoginKeywords">
<kw name="Get File" owner="OperatingSystem">
<msg time="2026-02-26T10:17:03.018753" level="INFO" html="true">Getting file '&lt;a href="file://C:\Gabriel\projects\robot-framework\SwagLabs-QA-RobotFramework\Resources\Settings\credentials.json"&gt;C:\Gabriel\projects\robot-framework\SwagLabs-QA-RobotFramework\Resources\Settings\credentials.json&lt;/a&gt;'.</msg>
<msg time="2026-02-26T10:17:03.019306" level="INFO">${credentials_json} = {"users":[
    {
        "role": "standard",
        "username": "standard_user",
        "password": "secret_sauce"
    },
    {
        "role": "Locked",
        "username": "locked_out_user",
     ...</msg>
<var>${credentials_json}</var>
<arg>${CredentialsJson}</arg>
<doc>Returns the contents of a specified file.</doc>
<status status="PASS" start="2026-02-26T10:17:03.018534" elapsed="0.000842"/>
</kw>
<kw name="Evaluate" owner="BuiltIn">
<msg time="2026-02-26T10:17:03.020399" level="INFO">${credentials} = {'users': [{'role': 'standard', 'username': 'standard_user', 'password': 'secret_sauce'}, {'role': 'Locked', 'username': 'locked_out_user', 'password': 'secret_sauce'}, {'role': 'problem', 'username':...</msg>
<var>${credentials}</var>
<arg>json.loads(r'''${credentials_json}''')</arg>
<arg>modules=json</arg>
<doc>Evaluates the given expression in Python and returns the result.</doc>
<status status="PASS" start="2026-02-26T10:17:03.019670" elapsed="0.000784"/>
</kw>
<kw name="Get From Dictionary" owner="Collections">
<msg time="2026-02-26T10:17:03.021147" level="INFO">${users} = [{'role': 'standard', 'username': 'standard_user', 'password': 'secret_sauce'}, {'role': 'Locked', 'username': 'locked_out_user', 'password': 'secret_sauce'}, {'role': 'problem', 'username': 'problem_...</msg>
<var>${users}</var>
<arg>${credentials}</arg>
<arg>users</arg>
<doc>Returns a value from the given ``dictionary`` based on the given ``key``.</doc>
<status status="PASS" start="2026-02-26T10:17:03.020723" elapsed="0.000592"/>
</kw>
<kw name="Set Variable" owner="BuiltIn">
<msg time="2026-02-26T10:17:03.022553" level="INFO">${user_dictionary} = None</msg>
<var>${user_dictionary}</var>
<arg>${None}</arg>
<doc>Returns the given values which can then be assigned to a variables.</doc>
<status status="PASS" start="2026-02-26T10:17:03.021711" elapsed="0.001004"/>
</kw>
<for flavor="IN">
<iter>
<kw name="Get From Dictionary" owner="Collections">
<msg time="2026-02-26T10:17:03.024166" level="INFO">${user_role} = standard</msg>
<var>${user_role}</var>
<arg>${i}</arg>
<arg>role</arg>
<doc>Returns a value from the given ``dictionary`` based on the given ``key``.</doc>
<status status="PASS" start="2026-02-26T10:17:03.023724" elapsed="0.000505"/>
</kw>
<kw name="Run Keyword If" owner="BuiltIn">
<arg>'${user_role}' == '${role}'</arg>
<arg>Set Test Variable</arg>
<arg>${user_dictionary}</arg>
<arg>${i}</arg>
<doc>Runs the given keyword with the given arguments, if ``condition`` is true.</doc>
<status status="PASS" start="2026-02-26T10:17:03.024487" elapsed="0.000740"/>
</kw>
<kw name="Exit For Loop If" owner="BuiltIn">
<arg>${user_dictionary}</arg>
<doc>Stops executing the enclosing FOR loop if the ``condition`` is true.</doc>
<status status="PASS" start="2026-02-26T10:17:03.025462" elapsed="0.000449"/>
</kw>
<var name="${i}">{'role': 'standard', 'username': 'standard_user', 'password': 'secret_sauce'}</var>
<status status="PASS" start="2026-02-26T10:17:03.023395" elapsed="0.002604"/>
</iter>
<iter>
<kw name="Get From Dictionary" owner="Collections">
<msg time="2026-02-26T10:17:03.026683" level="INFO">${user_role} = Locked</msg>
<var>${user_role}</var>
<arg>${i}</arg>
<arg>role</arg>
<doc>Returns a value from the given ``dictionary`` based on the given ``key``.</doc>
<status status="PASS" start="2026-02-26T10:17:03.026402" elapsed="0.000326"/>
</kw>
<kw name="Run Keyword If" owner="BuiltIn">
<arg>'${user_role}' == '${role}'</arg>
<arg>Set Test Variable</arg>
<arg>${user_dictionary}</arg>
<arg>${i}</arg>
<doc>Runs the given keyword with the given arguments, if ``condition`` is true.</doc>
<status status="PASS" start="2026-02-26T10:17:03.026954" elapsed="0.000988"/>
</kw>
<kw name="Exit For Loop If" owner="BuiltIn">
<arg>${user_dictionary}</arg>
<doc>Stops executing the enclosing FOR loop if the ``condition`` is true.</doc>
<status status="PASS" start="2026-02-26T10:17:03.028469" elapsed="0.001074"/>
</kw>
<var name="${i}">{'role': 'Locked', 'username': 'locked_out_user', 'password': 'secret_sauce'}</var>
<status status="PASS" start="2026-02-26T10:17:03.026228" elapsed="0.003502"/>
</iter>
<iter>
<kw name="Get From Dictionary" owner="Collections">
<msg time="2026-02-26T10:17:03.030826" level="INFO">${user_role} = problem</msg>
<var>${user_role}</var>
<arg>${i}</arg>
<arg>role</arg>
<doc>Returns a value from the given ``dictionary`` based on the given ``key``.</doc>
<status status="PASS" start="2026-02-26T10:17:03.030374" elapsed="0.000527"/>
</kw>
<kw name="Run Keyword If" owner="BuiltIn">
<arg>'${user_role}' == '${role}'</arg>
<arg>Set Test Variable</arg>
<arg>${user_dictionary}</arg>
<arg>${i}</arg>
<doc>Runs the given keyword with the given arguments, if ``condition`` is true.</doc>
<status status="PASS" start="2026-02-26T10:17:03.031301" elapsed="0.000705"/>
</kw>
<kw name="Exit For Loop If" owner="BuiltIn">
<arg>${user_dictionary}</arg>
<doc>Stops executing the enclosing FOR loop if the ``condition`` is true.</doc>
<status status="PASS" start="2026-02-26T10:17:03.032290" elapsed="0.000396"/>
</kw>
<var name="${i}">{'role': 'problem', 'username': 'problem_user', 'password': 'secret_sauce'}</var>
<status status="PASS" start="2026-02-26T10:17:03.030021" elapsed="0.002744"/>
</iter>
<iter>
<kw name="Get From Dictionary" owner="Collections">
<msg time="2026-02-26T10:17:03.033645" level="INFO">${user_role} = performance_problem</msg>
<var>${user_role}</var>
<arg>${i}</arg>
<arg>role</arg>
<doc>Returns a value from the given ``dictionary`` based on the given ``key``.</doc>
<status status="PASS" start="2026-02-26T10:17:03.033256" elapsed="0.000452"/>
</kw>
<kw name="Run Keyword If" owner="BuiltIn">
<kw name="Set Test Variable" owner="BuiltIn">
<msg time="2026-02-26T10:17:03.035465" level="INFO">${user_dictionary} = {'role': 'performance_problem', 'username': 'performance_glitch_user', 'password': 'secret_sauce'}</msg>
<arg>${user_dictionary}</arg>
<arg>${i}</arg>
<doc>Makes a variable available everywhere within the scope of the current test.</doc>
<status status="PASS" start="2026-02-26T10:17:03.034813" elapsed="0.000750"/>
</kw>
<arg>'${user_role}' == '${role}'</arg>
<arg>Set Test Variable</arg>
<arg>${user_dictionary}</arg>
<arg>${i}</arg>
<doc>Runs the given keyword with the given arguments, if ``condition`` is true.</doc>
<status status="PASS" start="2026-02-26T10:17:03.034013" elapsed="0.001690"/>
</kw>
<kw name="Exit For Loop If" owner="BuiltIn">
<msg time="2026-02-26T10:17:03.036576" level="INFO">Exiting for loop altogether.</msg>
<arg>${user_dictionary}</arg>
<doc>Stops executing the enclosing FOR loop if the ``condition`` is true.</doc>
<status status="PASS" start="2026-02-26T10:17:03.035989" elapsed="0.000775"/>
</kw>
<var name="${i}">{'role': 'performance_problem', 'username': 'performance_glitch_user', 'password': 'secret_sauce'}</var>
<status status="PASS" start="2026-02-26T10:17:03.032980" elapsed="0.003933"/>
</iter>
<var>${i}</var>
<value>@{users}</value>
<status status="PASS" start="2026-02-26T10:17:03.022939" elapsed="0.014127"/>
</for>
<if>
<branch type="IF" condition="not ${user_dictionary}">
<kw name="Fail" owner="BuiltIn">
<arg>No user found with role "${role}"</arg>
<doc>Fails the test with the given message and optionally alters its tags.</doc>
<status status="NOT RUN" start="2026-02-26T10:17:03.038072" elapsed="0.000088"/>
</kw>
<status status="NOT RUN" start="2026-02-26T10:17:03.037256" elapsed="0.001002"/>
</branch>
<status status="PASS" start="2026-02-26T10:17:03.037209" elapsed="0.001190"/>
</if>
<kw name="Get From Dictionary" owner="Collections">
<msg time="2026-02-26T10:17:03.039140" level="INFO">${username} = performance_glitch_user</msg>
<var>${username}</var>
<arg>${user_dictionary}</arg>
<arg>username</arg>
<doc>Returns a value from the given ``dictionary`` based on the given ``key``.</doc>
<status status="PASS" start="2026-02-26T10:17:03.038627" elapsed="0.000571"/>
</kw>
<kw name="Get From Dictionary" owner="Collections">
<msg time="2026-02-26T10:17:03.039919" level="INFO">${password} = secret_sauce</msg>
<var>${password}</var>
<arg>${user_dictionary}</arg>
<arg>password</arg>
<doc>Returns a value from the given ``dictionary`` based on the given ``key``.</doc>
<status status="PASS" start="2026-02-26T10:17:03.039543" elapsed="0.000432"/>
</kw>
<kw name="Input Text" owner="SeleniumLibrary">
<msg time="2026-02-26T10:17:03.040693" level="INFO">Typing text 'performance_glitch_user' into text field 'css:input[id*="user-name"]'.</msg>
<arg>${LOGIN_USERNAME_FIELD}</arg>
<arg>${username}</arg>
<doc>Types the given ``text`` into the text field identified by ``locator``.</doc>
<status status="PASS" start="2026-02-26T10:17:03.040247" elapsed="0.218055"/>
</kw>
<kw name="Input Text" owner="SeleniumLibrary">
<msg time="2026-02-26T10:17:03.259234" level="INFO">Typing text 'secret_sauce' into text field 'css:input[id="password"]'.</msg>
<arg>${LOGIN_PASSWORD_FIELD}</arg>
<arg>${password}</arg>
<doc>Types the given ``text`` into the text field identified by ``locator``.</doc>
<status status="PASS" start="2026-02-26T10:17:03.258713" elapsed="0.143230"/>
</kw>
<kw name="Click Button" owner="SeleniumLibrary">
<msg time="2026-02-26T10:17:03.402873" level="INFO">Clicking button 'css:input[id="login-button"]'.</msg>
<arg>${LOGIN_BUTTON}</arg>
<doc>Clicks the button identified by ``locator``.</doc>
<status status="PASS" start="2026-02-26T10:17:03.402378" elapsed="5.183859"/>
</kw>
<kw name="Wait Until Element Is Visible" owner="SeleniumLibrary">
<arg>${titleInventory}</arg>
<arg>10s</arg>
<doc>Waits until the element ``locator`` is visible.</doc>
<status status="PASS" start="2026-02-26T10:17:08.586606" elapsed="0.039546"/>
</kw>
<arg>${LOGIN_TEST_DATA}[performance_role]</arg>
<status status="PASS" start="2026-02-26T10:17:03.018006" elapsed="5.608353"/>
</kw>
<kw name="Check if you went to the expected page" owner="LoginKeywords">
<kw name="Page Should Contain Element" owner="SeleniumLibrary">
<msg time="2026-02-26T10:17:08.641767" level="INFO">Current page contains element 'css:span.title'.</msg>
<arg>${LocatorPageExpected}</arg>
<doc>Verifies that element ``locator`` is found on the current page.</doc>
<status status="PASS" start="2026-02-26T10:17:08.627671" elapsed="0.014255"/>
</kw>
<arg>${titleInventory}</arg>
<status status="PASS" start="2026-02-26T10:17:08.626989" elapsed="0.015084"/>
</kw>
<kw name="Close the login page" owner="Base" type="TEARDOWN">
<kw name="Run Keyword If Test Failed" owner="BuiltIn">
<arg>Capture Page Screenshot</arg>
<doc>Runs the given keyword with the given arguments, if the test failed.</doc>
<status status="PASS" start="2026-02-26T10:17:08.643306" elapsed="0.000416"/>
</kw>
<kw name="Close Browser" owner="SeleniumLibrary">
<doc>Closes the current browser.</doc>
<status status="PASS" start="2026-02-26T10:17:08.644003" elapsed="2.230366"/>
</kw>
<status status="PASS" start="2026-02-26T10:17:08.642763" elapsed="2.231818"/>
</kw>
<doc>Usuário com problema de performance consegue acessar o inventário</doc>
<tag>TC15</tag>
<status status="PASS" start="2026-02-26T10:17:00.909402" elapsed="9.965465"/>
</test>
<test id="s1-s4-t12" name="TC16 – Segurança de rotas → Usuário não logado acessa /checkout" line="84">
<kw name="Go to Login Page" owner="Base" type="SETUP">
<kw name="Open Browser" owner="SeleniumLibrary">
<msg time="2026-02-26T10:17:10.878854" level="INFO">Opening browser 'Edge' to base url 'https://www.saucedemo.com/'.</msg>
<arg>${URL}</arg>
<arg>${BROWSER}</arg>
<doc>Opens a new browser instance to the optional ``url``.</doc>
<status status="PASS" start="2026-02-26T10:17:10.878547" elapsed="2.034607"/>
</kw>
<status status="PASS" start="2026-02-26T10:17:10.878012" elapsed="2.035358"/>
</kw>
<kw name="Go To" owner="SeleniumLibrary">
<msg time="2026-02-26T10:17:12.914386" level="INFO">Opening url 'https://www.saucedemo.com/checkout-step-one.html'</msg>
<arg>${LOGIN_TEST_DATA}[unauthorized_checkout_url]</arg>
<doc>Navigates the current browser window to the provided ``url``.</doc>
<status status="PASS" start="2026-02-26T10:17:12.913975" elapsed="0.174636"/>
</kw>
<kw name="Check if you went to the expected page" owner="LoginKeywords">
<kw name="Page Should Contain Element" owner="SeleniumLibrary">
<msg time="2026-02-26T10:17:13.112642" level="INFO">Current page contains element 'css:input[id="login-button"]'.</msg>
<arg>${LocatorPageExpected}</arg>
<doc>Verifies that element ``locator`` is found on the current page.</doc>
<status status="PASS" start="2026-02-26T10:17:13.090816" elapsed="0.022063"/>
</kw>
<arg>${LOGIN_BUTTON}</arg>
<status status="PASS" start="2026-02-26T10:17:13.089566" elapsed="0.023532"/>
</kw>
<kw name="Close the login page" owner="Base" type="TEARDOWN">
<kw name="Run Keyword If Test Failed" owner="BuiltIn">
<arg>Capture Page Screenshot</arg>
<doc>Runs the given keyword with the given arguments, if the test failed.</doc>
<status status="PASS" start="2026-02-26T10:17:13.114687" elapsed="0.000663"/>
</kw>
<kw name="Close Browser" owner="SeleniumLibrary">
<doc>Closes the current browser.</doc>
<status status="PASS" start="2026-02-26T10:17:13.115828" elapsed="2.246215"/>
</kw>
<status status="PASS" start="2026-02-26T10:17:13.113901" elapsed="2.248379"/>
</kw>
<doc>Teste de acesso à página de checkout sem estar logado</doc>
<tag>TC16</tag>
<status status="PASS" start="2026-02-26T10:17:10.876374" elapsed="4.486160"/>
</test>
<status status="FAIL" start="2026-02-26T10:15:57.806438" elapsed="77.557156"/>
</suite>
<status status="FAIL" start="2026-02-26T10:14:40.387462" elapsed="154.977623"/>
</suite>
<statistics>
<total>
<stat pass="25" fail="1" skip="0">All Tests</stat>
</total>
<tag>
<stat pass="2" fail="0" skip="0">cart</stat>
<stat pass="1" fail="0" skip="0">cart-icon</stat>
<stat pass="4" fail="0" skip="0">checkout</stat>
<stat pass="1" fail="0" skip="0">complete</stat>
<stat pass="5" fail="0" skip="0">components</stat>
<stat pass="1" fail="0" skip="0">footer</stat>
<stat pass="5" fail="0" skip="0">homepage</stat>
<stat pass="1" fail="0" skip="0">info</stat>
<stat pass="1" fail="0" skip="0">interaction</stat>
<stat pass="1" fail="0" skip="0">logo</stat>
<stat pass="1" fail="0" skip="0">menu</stat>
<stat pass="1" fail="0" skip="0">menu-button</stat>
<stat pass="1" fail="0" skip="0">overview</stat>
<stat pass="1" fail="0" skip="0">session</stat>
<stat pass="1" fail="0" skip="0">smoke</stat>
<stat pass="1" fail="0" skip="0">sorting</stat>
<stat pass="1" fail="0" skip="0">TC01</stat>
<stat pass="1" fail="0" skip="0">TC07</stat>
<stat pass="1" fail="0" skip="0">TC08</stat>
<stat pass="1" fail="0" skip="0">TC09</stat>
<stat pass="2" fail="0" skip="0">TC10</stat>
<stat pass="1" fail="0" skip="0">TC11</stat>
<stat pass="1" fail="0" skip="0">TC12</stat>
<stat pass="0" fail="1" skip="0">TC13</stat>
<stat pass="1" fail="0" skip="0">TC14</stat>
<stat pass="1" fail="0" skip="0">TC15</stat>
<stat pass="1" fail="0" skip="0">TC16</stat>
<stat pass="1" fail="0" skip="0">total</stat>
</tag>
<suite>
<stat name="Test" id="s1" pass="25" fail="1" skip="0">Test</stat>
<stat name="CheckoutTest" id="s1-s1" pass="4" fail="0" skip="0">Test.CheckoutTest</stat>
<stat name="ComponentsTest" id="s1-s2" pass="5" fail="0" skip="0">Test.ComponentsTest</stat>
<stat name="HomePageTest" id="s1-s3" pass="5" fail="0" skip="0">Test.HomePageTest</stat>
<stat name="LoginTest" id="s1-s4" pass="11" fail="1" skip="0">Test.LoginTest</stat>
</suite>
</statistics>
<errors>
</errors>
</robot>
