<?xml version="1.0" encoding="UTF-8"?>
<robot generator="Robot 7.4 (Python 3.14.2 on win32)" generated="2026-02-26T10:29:17.322063" rpa="false" schemaversion="5">
<suite id="s1" name="Test" source="C:\Gabriel\projects\robot-framework\SwagLabs-QA-RobotFramework\Test">
<suite id="s1-s1" name="CheckoutPageTest" source="C:\Gabriel\projects\robot-framework\SwagLabs-QA-RobotFramework\Test\CheckoutPageTest.robot">
<kw name="Load Checkout Test Data" owner="CheckoutKeywords" type="SETUP">
<kw name="Load test data file" owner="Base">
<kw name="Set Variable" owner="BuiltIn">
<msg time="2026-02-26T10:29:17.803530" level="INFO">${file_path} = Data/checkout_test_data.json</msg>
<var>${file_path}</var>
<arg>${DataFolder}/${file_name}</arg>
<doc>Returns the given values which can then be assigned to a variables.</doc>
<status status="PASS" start="2026-02-26T10:29:17.802862" elapsed="0.000736"/>
</kw>
<kw name="Get File" owner="OperatingSystem">
<msg time="2026-02-26T10:29:17.804251" level="INFO" html="true">Getting file '&lt;a href="file://C:\Gabriel\projects\robot-framework\SwagLabs-QA-RobotFramework\Data\checkout_test_data.json"&gt;C:\Gabriel\projects\robot-framework\SwagLabs-QA-RobotFramework\Data\checkout_test_data.json&lt;/a&gt;'.</msg>
<msg time="2026-02-26T10:29:17.804694" level="INFO">${json_text} = {
  "role": "standard",
  "customer": {
    "first_name": "Gabriel",
    "last_name": "Souza",
    "postal_code": "01001000"
  },
  "expected_titles": {
    "cart": "Your Cart",
    "information": "Ch...</msg>
<var>${json_text}</var>
<arg>${file_path}</arg>
<doc>Returns the contents of a specified file.</doc>
<status status="PASS" start="2026-02-26T10:29:17.803978" elapsed="0.000802"/>
</kw>
<kw name="Evaluate" owner="BuiltIn">
<msg time="2026-02-26T10:29:17.805926" level="INFO">${json_data} = {'role': 'standard', 'customer': {'first_name': 'Gabriel', 'last_name': 'Souza', 'postal_code': '01001000'}, 'expected_titles': {'cart': 'Your Cart', 'information': 'Checkout: Your Information', 'over...</msg>
<var>${json_data}</var>
<arg>json.loads(r'''${json_text}''')</arg>
<arg>modules=json</arg>
<doc>Evaluates the given expression in Python and returns the result.</doc>
<status status="PASS" start="2026-02-26T10:29:17.805027" elapsed="0.000960"/>
</kw>
<return>
<value>${json_data}</value>
<status status="PASS" start="2026-02-26T10:29:17.806110" elapsed="0.000091"/>
</return>
<msg time="2026-02-26T10:29:17.806441" level="INFO">${data} = {'role': 'standard', 'customer': {'first_name': 'Gabriel', 'last_name': 'Souza', 'postal_code': '01001000'}, 'expected_titles': {'cart': 'Your Cart', 'information': 'Checkout: Your Information', 'over...</msg>
<var>${data}</var>
<arg>checkout_test_data.json</arg>
<status status="PASS" start="2026-02-26T10:29:17.796076" elapsed="0.010408"/>
</kw>
<kw name="Set Suite Variable" owner="BuiltIn">
<msg time="2026-02-26T10:29:17.809269" level="INFO">${CHECKOUT_TEST_DATA} = {'role': 'standard', 'customer': {'first_name': 'Gabriel', 'last_name': 'Souza', 'postal_code': '01001000'}, 'expected_titles': {'cart': 'Your Cart', 'information': 'Checkout: Your Information', 'over...</msg>
<arg>${CHECKOUT_TEST_DATA}</arg>
<arg>${data}</arg>
<doc>Makes a variable available everywhere within the scope of the current suite.</doc>
<status status="PASS" start="2026-02-26T10:29:17.806703" elapsed="0.002682"/>
</kw>
<status status="PASS" start="2026-02-26T10:29:17.795464" elapsed="0.014063"/>
</kw>
<test id="s1-s1-t1" name="CK01 – Cart page carrega com itens esperados" line="8">
<kw name="Go to Login Page" owner="Base" type="SETUP">
<kw name="Open Browser" owner="SeleniumLibrary">
<msg time="2026-02-26T10:29:17.811795" level="INFO">Opening browser 'Edge' to base url 'https://www.saucedemo.com/'.</msg>
<arg>${URL}</arg>
<arg>${BROWSER}</arg>
<doc>Opens a new browser instance to the optional ``url``.</doc>
<status status="PASS" start="2026-02-26T10:29:17.811364" elapsed="2.034030"/>
</kw>
<status status="PASS" start="2026-02-26T10:29:17.810851" elapsed="2.034738"/>
</kw>
<kw name="Set Variable" owner="BuiltIn">
<msg time="2026-02-26T10:29:19.847567" level="INFO">${expected_items} = ['Sauce Labs Backpack', 'Sauce Labs Bike Light']</msg>
<var>${expected_items}</var>
<arg>${CHECKOUT_TEST_DATA}[expected_items]</arg>
<doc>Returns the given values which can then be assigned to a variables.</doc>
<status status="PASS" start="2026-02-26T10:29:19.846524" elapsed="0.001144"/>
</kw>
<kw name="Prepare cart with two default items" owner="CheckoutKeywords">
<kw name="Login with credentials" owner="LoginKeywords">
<kw name="Get File" owner="OperatingSystem">
<msg time="2026-02-26T10:29:19.850935" level="INFO" html="true">Getting file '&lt;a href="file://C:\Gabriel\projects\robot-framework\SwagLabs-QA-RobotFramework\Resources\Settings\credentials.json"&gt;C:\Gabriel\projects\robot-framework\SwagLabs-QA-RobotFramework\Resources\Settings\credentials.json&lt;/a&gt;'.</msg>
<msg time="2026-02-26T10:29:19.851594" level="INFO">${credentials_json} = {"users":[
    {
        "role": "standard",
        "username": "standard_user",
        "password": "secret_sauce"
    },
    {
        "role": "Locked",
        "username": "locked_out_user",
     ...</msg>
<var>${credentials_json}</var>
<arg>${CredentialsJson}</arg>
<doc>Returns the contents of a specified file.</doc>
<status status="PASS" start="2026-02-26T10:29:19.850633" elapsed="0.001042"/>
</kw>
<kw name="Evaluate" owner="BuiltIn">
<msg time="2026-02-26T10:29:19.852872" level="INFO">${credentials} = {'users': [{'role': 'standard', 'username': 'standard_user', 'password': 'secret_sauce'}, {'role': 'Locked', 'username': 'locked_out_user', 'password': 'secret_sauce'}, {'role': 'problem', 'username':...</msg>
<var>${credentials}</var>
<arg>json.loads(r'''${credentials_json}''')</arg>
<arg>modules=json</arg>
<doc>Evaluates the given expression in Python and returns the result.</doc>
<status status="PASS" start="2026-02-26T10:29:19.851962" elapsed="0.000976"/>
</kw>
<kw name="Get From Dictionary" owner="Collections">
<msg time="2026-02-26T10:29:19.853602" level="INFO">${users} = [{'role': 'standard', 'username': 'standard_user', 'password': 'secret_sauce'}, {'role': 'Locked', 'username': 'locked_out_user', 'password': 'secret_sauce'}, {'role': 'problem', 'username': 'problem_...</msg>
<var>${users}</var>
<arg>${credentials}</arg>
<arg>users</arg>
<doc>Returns a value from the given ``dictionary`` based on the given ``key``.</doc>
<status status="PASS" start="2026-02-26T10:29:19.853242" elapsed="0.000422"/>
</kw>
<kw name="Set Variable" owner="BuiltIn">
<msg time="2026-02-26T10:29:19.854474" level="INFO">${user_dictionary} = None</msg>
<var>${user_dictionary}</var>
<arg>${None}</arg>
<doc>Returns the given values which can then be assigned to a variables.</doc>
<status status="PASS" start="2026-02-26T10:29:19.853923" elapsed="0.000609"/>
</kw>
<for flavor="IN">
<iter>
<kw name="Get From Dictionary" owner="Collections">
<msg time="2026-02-26T10:29:19.855759" level="INFO">${user_role} = standard</msg>
<var>${user_role}</var>
<arg>${i}</arg>
<arg>role</arg>
<doc>Returns a value from the given ``dictionary`` based on the given ``key``.</doc>
<status status="PASS" start="2026-02-26T10:29:19.855288" elapsed="0.000544"/>
</kw>
<kw name="Run Keyword If" owner="BuiltIn">
<kw name="Set Test Variable" owner="BuiltIn">
<msg time="2026-02-26T10:29:19.858082" level="INFO">${user_dictionary} = {'role': 'standard', 'username': 'standard_user', 'password': 'secret_sauce'}</msg>
<arg>${user_dictionary}</arg>
<arg>${i}</arg>
<doc>Makes a variable available everywhere within the scope of the current test.</doc>
<status status="PASS" start="2026-02-26T10:29:19.857471" elapsed="0.000842"/>
</kw>
<arg>'${user_role}' == '${role}'</arg>
<arg>Set Test Variable</arg>
<arg>${user_dictionary}</arg>
<arg>${i}</arg>
<doc>Runs the given keyword with the given arguments, if ``condition`` is true.</doc>
<status status="PASS" start="2026-02-26T10:29:19.856207" elapsed="0.002339"/>
</kw>
<kw name="Exit For Loop If" owner="BuiltIn">
<msg time="2026-02-26T10:29:19.859749" level="INFO">Exiting for loop altogether.</msg>
<arg>${user_dictionary}</arg>
<doc>Stops executing the enclosing FOR loop if the ``condition`` is true.</doc>
<status status="PASS" start="2026-02-26T10:29:19.858875" elapsed="0.001109"/>
</kw>
<var name="${i}">{'role': 'standard', 'username': 'standard_user', 'password': 'secret_sauce'}</var>
<status status="PASS" start="2026-02-26T10:29:19.854989" elapsed="0.005169"/>
</iter>
<var>${i}</var>
<value>@{users}</value>
<status status="PASS" start="2026-02-26T10:29:19.854673" elapsed="0.005712"/>
</for>
<if>
<branch type="IF" condition="not ${user_dictionary}">
<kw name="Fail" owner="BuiltIn">
<arg>No user found with role "${role}"</arg>
<doc>Fails the test with the given message and optionally alters its tags.</doc>
<status status="NOT RUN" start="2026-02-26T10:29:19.861651" elapsed="0.000154"/>
</kw>
<status status="NOT RUN" start="2026-02-26T10:29:19.860715" elapsed="0.001238"/>
</branch>
<status status="PASS" start="2026-02-26T10:29:19.860630" elapsed="0.001460"/>
</if>
<kw name="Get From Dictionary" owner="Collections">
<msg time="2026-02-26T10:29:19.863123" level="INFO">${username} = standard_user</msg>
<var>${username}</var>
<arg>${user_dictionary}</arg>
<arg>username</arg>
<doc>Returns a value from the given ``dictionary`` based on the given ``key``.</doc>
<status status="PASS" start="2026-02-26T10:29:19.862508" elapsed="0.000760"/>
</kw>
<kw name="Get From Dictionary" owner="Collections">
<msg time="2026-02-26T10:29:19.864271" level="INFO">${password} = secret_sauce</msg>
<var>${password}</var>
<arg>${user_dictionary}</arg>
<arg>password</arg>
<doc>Returns a value from the given ``dictionary`` based on the given ``key``.</doc>
<status status="PASS" start="2026-02-26T10:29:19.863651" elapsed="0.000718"/>
</kw>
<kw name="Input Text" owner="SeleniumLibrary">
<msg time="2026-02-26T10:29:19.865519" level="INFO">Typing text 'standard_user' into text field 'css:input[id*="user-name"]'.</msg>
<arg>${LOGIN_USERNAME_FIELD}</arg>
<arg>${username}</arg>
<doc>Types the given ``text`` into the text field identified by ``locator``.</doc>
<status status="PASS" start="2026-02-26T10:29:19.864762" elapsed="0.190604"/>
</kw>
<kw name="Input Text" owner="SeleniumLibrary">
<msg time="2026-02-26T10:29:20.056227" level="INFO">Typing text 'secret_sauce' into text field 'css:input[id="password"]'.</msg>
<arg>${LOGIN_PASSWORD_FIELD}</arg>
<arg>${password}</arg>
<doc>Types the given ``text`` into the text field identified by ``locator``.</doc>
<status status="PASS" start="2026-02-26T10:29:20.055732" elapsed="0.142409"/>
</kw>
<kw name="Click Button" owner="SeleniumLibrary">
<msg time="2026-02-26T10:29:20.199119" level="INFO">Clicking button 'css:input[id="login-button"]'.</msg>
<arg>${LOGIN_BUTTON}</arg>
<doc>Clicks the button identified by ``locator``.</doc>
<status status="PASS" start="2026-02-26T10:29:20.198561" elapsed="0.208517"/>
</kw>
<arg>${role}</arg>
<status status="PASS" start="2026-02-26T10:29:19.849856" elapsed="0.557409"/>
</kw>
<kw name="Check if you went to the expected page" owner="LoginKeywords">
<kw name="Page Should Contain Element" owner="SeleniumLibrary">
<msg time="2026-02-26T10:29:20.427234" level="INFO">Current page contains element 'css:span.title'.</msg>
<arg>${LocatorPageExpected}</arg>
<doc>Verifies that element ``locator`` is found on the current page.</doc>
<status status="PASS" start="2026-02-26T10:29:20.408299" elapsed="0.019102"/>
</kw>
<arg>${titleInventory}</arg>
<status status="PASS" start="2026-02-26T10:29:20.407638" elapsed="0.019945"/>
</kw>
<kw name="Wait Until Element Is Visible" owner="SeleniumLibrary">
<arg>${CheckoutAddBackpack}</arg>
<arg>10s</arg>
<doc>Waits until the element ``locator`` is visible.</doc>
<status status="PASS" start="2026-02-26T10:29:20.427907" elapsed="0.040814"/>
</kw>
<kw name="Click Element" owner="SeleniumLibrary">
<msg time="2026-02-26T10:29:20.469499" level="INFO">Clicking element 'css:button[id="add-to-cart-sauce-labs-backpack"]'.</msg>
<arg>${CheckoutAddBackpack}</arg>
<doc>Click the element identified by ``locator``.</doc>
<status status="PASS" start="2026-02-26T10:29:20.469069" elapsed="0.094587"/>
</kw>
<kw name="Click Element" owner="SeleniumLibrary">
<msg time="2026-02-26T10:29:20.564896" level="INFO">Clicking element 'css:button[id="add-to-cart-sauce-labs-bike-light"]'.</msg>
<arg>${CheckoutAddBikeLight}</arg>
<doc>Click the element identified by ``locator``.</doc>
<status status="PASS" start="2026-02-26T10:29:20.564189" elapsed="0.088928"/>
</kw>
<arg>${CHECKOUT_TEST_DATA}[role]</arg>
<status status="PASS" start="2026-02-26T10:29:19.848506" elapsed="0.804814"/>
</kw>
<kw name="Open cart page" owner="CheckoutKeywords">
<kw name="Click Element" owner="SeleniumLibrary">
<msg time="2026-02-26T10:29:20.654895" level="INFO">Clicking element 'css:a.shopping_cart_link'.</msg>
<arg>${CheckoutCartLink}</arg>
<doc>Click the element identified by ``locator``.</doc>
<status status="PASS" start="2026-02-26T10:29:20.654537" elapsed="0.105228"/>
</kw>
<kw name="Wait Until Element Is Visible" owner="SeleniumLibrary">
<arg>${CartList}</arg>
<arg>10s</arg>
<doc>Waits until the element ``locator`` is visible.</doc>
<status status="PASS" start="2026-02-26T10:29:20.760342" elapsed="0.033200"/>
</kw>
<status status="PASS" start="2026-02-26T10:29:20.653901" elapsed="0.139918"/>
</kw>
<kw name="Validate cart page loaded" owner="CheckoutKeywords">
<kw name="Element Text Should Be" owner="SeleniumLibrary">
<msg time="2026-02-26T10:29:20.795893" level="INFO">Verifying element 'css:span.title' contains exact text 'Your Cart'.</msg>
<arg>${CheckoutTitle}</arg>
<arg>${expected_title}</arg>
<doc>Verifies that element ``locator`` contains exact the text ``expected``.</doc>
<status status="PASS" start="2026-02-26T10:29:20.795469" elapsed="0.029452"/>
</kw>
<arg>${CHECKOUT_TEST_DATA}[expected_titles][cart]</arg>
<status status="PASS" start="2026-02-26T10:29:20.794585" elapsed="0.030562"/>
</kw>
<kw name="Validate cart contains expected items" owner="CheckoutKeywords">
<for flavor="IN">
<iter>
<kw name="Page Should Contain" owner="SeleniumLibrary">
<msg time="2026-02-26T10:29:20.847459" level="INFO">Current page contains text 'Sauce Labs Backpack'.</msg>
<arg>${item}</arg>
<doc>Verifies that current page contains ``text``.</doc>
<status status="PASS" start="2026-02-26T10:29:20.827266" elapsed="0.020425"/>
</kw>
<var name="${item}">Sauce Labs Backpack</var>
<status status="PASS" start="2026-02-26T10:29:20.826971" elapsed="0.020861"/>
</iter>
<iter>
<kw name="Page Should Contain" owner="SeleniumLibrary">
<msg time="2026-02-26T10:29:20.868102" level="INFO">Current page contains text 'Sauce Labs Bike Light'.</msg>
<arg>${item}</arg>
<doc>Verifies that current page contains ``text``.</doc>
<status status="PASS" start="2026-02-26T10:29:20.848412" elapsed="0.019824"/>
</kw>
<var name="${item}">Sauce Labs Bike Light</var>
<status status="PASS" start="2026-02-26T10:29:20.848116" elapsed="0.020227"/>
</iter>
<var>${item}</var>
<value>@{expected_items}</value>
<status status="PASS" start="2026-02-26T10:29:20.826608" elapsed="0.041857"/>
</for>
<arg>@{expected_items}</arg>
<status status="PASS" start="2026-02-26T10:29:20.825912" elapsed="0.042696"/>
</kw>
<kw name="Close the login page" owner="Base" type="TEARDOWN">
<kw name="Run Keyword If Test Failed" owner="BuiltIn">
<arg>Capture Page Screenshot</arg>
<doc>Runs the given keyword with the given arguments, if the test failed.</doc>
<status status="PASS" start="2026-02-26T10:29:20.870044" elapsed="0.000418"/>
</kw>
<kw name="Close Browser" owner="SeleniumLibrary">
<doc>Closes the current browser.</doc>
<status status="PASS" start="2026-02-26T10:29:20.870669" elapsed="2.248279"/>
</kw>
<status status="PASS" start="2026-02-26T10:29:20.869478" elapsed="2.249666"/>
</kw>
<doc>Valida estrutura e itens da página de carrinho</doc>
<tag>cart</tag>
<tag>checkout</tag>
<status status="PASS" start="2026-02-26T10:29:17.809665" elapsed="5.309807"/>
</test>
<test id="s1-s1-t2" name="CK02 – Checkout information page carrega corretamente" line="17">
<kw name="Go to Login Page" owner="Base" type="SETUP">
<kw name="Open Browser" owner="SeleniumLibrary">
<msg time="2026-02-26T10:29:23.123059" level="INFO">Opening browser 'Edge' to base url 'https://www.saucedemo.com/'.</msg>
<arg>${URL}</arg>
<arg>${BROWSER}</arg>
<doc>Opens a new browser instance to the optional ``url``.</doc>
<status status="PASS" start="2026-02-26T10:29:23.122572" elapsed="2.209217"/>
</kw>
<status status="PASS" start="2026-02-26T10:29:23.121917" elapsed="2.210076"/>
</kw>
<kw name="Prepare cart with two default items" owner="CheckoutKeywords">
<kw name="Login with credentials" owner="LoginKeywords">
<kw name="Get File" owner="OperatingSystem">
<msg time="2026-02-26T10:29:25.334271" level="INFO" html="true">Getting file '&lt;a href="file://C:\Gabriel\projects\robot-framework\SwagLabs-QA-RobotFramework\Resources\Settings\credentials.json"&gt;C:\Gabriel\projects\robot-framework\SwagLabs-QA-RobotFramework\Resources\Settings\credentials.json&lt;/a&gt;'.</msg>
<msg time="2026-02-26T10:29:25.334827" level="INFO">${credentials_json} = {"users":[
    {
        "role": "standard",
        "username": "standard_user",
        "password": "secret_sauce"
    },
    {
        "role": "Locked",
        "username": "locked_out_user",
     ...</msg>
<var>${credentials_json}</var>
<arg>${CredentialsJson}</arg>
<doc>Returns the contents of a specified file.</doc>
<status status="PASS" start="2026-02-26T10:29:25.334052" elapsed="0.000868"/>
</kw>
<kw name="Evaluate" owner="BuiltIn">
<msg time="2026-02-26T10:29:25.335892" level="INFO">${credentials} = {'users': [{'role': 'standard', 'username': 'standard_user', 'password': 'secret_sauce'}, {'role': 'Locked', 'username': 'locked_out_user', 'password': 'secret_sauce'}, {'role': 'problem', 'username':...</msg>
<var>${credentials}</var>
<arg>json.loads(r'''${credentials_json}''')</arg>
<arg>modules=json</arg>
<doc>Evaluates the given expression in Python and returns the result.</doc>
<status status="PASS" start="2026-02-26T10:29:25.335167" elapsed="0.000782"/>
</kw>
<kw name="Get From Dictionary" owner="Collections">
<msg time="2026-02-26T10:29:25.336435" level="INFO">${users} = [{'role': 'standard', 'username': 'standard_user', 'password': 'secret_sauce'}, {'role': 'Locked', 'username': 'locked_out_user', 'password': 'secret_sauce'}, {'role': 'problem', 'username': 'problem_...</msg>
<var>${users}</var>
<arg>${credentials}</arg>
<arg>users</arg>
<doc>Returns a value from the given ``dictionary`` based on the given ``key``.</doc>
<status status="PASS" start="2026-02-26T10:29:25.336164" elapsed="0.000314"/>
</kw>
<kw name="Set Variable" owner="BuiltIn">
<msg time="2026-02-26T10:29:25.337067" level="INFO">${user_dictionary} = None</msg>
<var>${user_dictionary}</var>
<arg>${None}</arg>
<doc>Returns the given values which can then be assigned to a variables.</doc>
<status status="PASS" start="2026-02-26T10:29:25.336650" elapsed="0.000458"/>
</kw>
<for flavor="IN">
<iter>
<kw name="Get From Dictionary" owner="Collections">
<msg time="2026-02-26T10:29:25.337813" level="INFO">${user_role} = standard</msg>
<var>${user_role}</var>
<arg>${i}</arg>
<arg>role</arg>
<doc>Returns a value from the given ``dictionary`` based on the given ``key``.</doc>
<status status="PASS" start="2026-02-26T10:29:25.337584" elapsed="0.000270"/>
</kw>
<kw name="Run Keyword If" owner="BuiltIn">
<kw name="Set Test Variable" owner="BuiltIn">
<msg time="2026-02-26T10:29:25.339166" level="INFO">${user_dictionary} = {'role': 'standard', 'username': 'standard_user', 'password': 'secret_sauce'}</msg>
<arg>${user_dictionary}</arg>
<arg>${i}</arg>
<doc>Makes a variable available everywhere within the scope of the current test.</doc>
<status status="PASS" start="2026-02-26T10:29:25.338694" elapsed="0.000543"/>
</kw>
<arg>'${user_role}' == '${role}'</arg>
<arg>Set Test Variable</arg>
<arg>${user_dictionary}</arg>
<arg>${i}</arg>
<doc>Runs the given keyword with the given arguments, if ``condition`` is true.</doc>
<status status="PASS" start="2026-02-26T10:29:25.338084" elapsed="0.001249"/>
</kw>
<kw name="Exit For Loop If" owner="BuiltIn">
<msg time="2026-02-26T10:29:25.339843" level="INFO">Exiting for loop altogether.</msg>
<arg>${user_dictionary}</arg>
<doc>Stops executing the enclosing FOR loop if the ``condition`` is true.</doc>
<status status="PASS" start="2026-02-26T10:29:25.339503" elapsed="0.000487"/>
</kw>
<var name="${i}">{'role': 'standard', 'username': 'standard_user', 'password': 'secret_sauce'}</var>
<status status="PASS" start="2026-02-26T10:29:25.337435" elapsed="0.002635"/>
</iter>
<var>${i}</var>
<value>@{users}</value>
<status status="PASS" start="2026-02-26T10:29:25.337206" elapsed="0.002941"/>
</for>
<if>
<branch type="IF" condition="not ${user_dictionary}">
<kw name="Fail" owner="BuiltIn">
<arg>No user found with role "${role}"</arg>
<doc>Fails the test with the given message and optionally alters its tags.</doc>
<status status="NOT RUN" start="2026-02-26T10:29:25.340679" elapsed="0.000043"/>
</kw>
<status status="NOT RUN" start="2026-02-26T10:29:25.340321" elapsed="0.000464"/>
</branch>
<status status="PASS" start="2026-02-26T10:29:25.340278" elapsed="0.000565"/>
</if>
<kw name="Get From Dictionary" owner="Collections">
<msg time="2026-02-26T10:29:25.341526" level="INFO">${username} = standard_user</msg>
<var>${username}</var>
<arg>${user_dictionary}</arg>
<arg>username</arg>
<doc>Returns a value from the given ``dictionary`` based on the given ``key``.</doc>
<status status="PASS" start="2026-02-26T10:29:25.341009" elapsed="0.000602"/>
</kw>
<kw name="Get From Dictionary" owner="Collections">
<msg time="2026-02-26T10:29:25.342470" level="INFO">${password} = secret_sauce</msg>
<var>${password}</var>
<arg>${user_dictionary}</arg>
<arg>password</arg>
<doc>Returns a value from the given ``dictionary`` based on the given ``key``.</doc>
<status status="PASS" start="2026-02-26T10:29:25.342019" elapsed="0.000501"/>
</kw>
<kw name="Input Text" owner="SeleniumLibrary">
<msg time="2026-02-26T10:29:25.343184" level="INFO">Typing text 'standard_user' into text field 'css:input[id*="user-name"]'.</msg>
<arg>${LOGIN_USERNAME_FIELD}</arg>
<arg>${username}</arg>
<doc>Types the given ``text`` into the text field identified by ``locator``.</doc>
<status status="PASS" start="2026-02-26T10:29:25.342777" elapsed="0.205525"/>
</kw>
<kw name="Input Text" owner="SeleniumLibrary">
<msg time="2026-02-26T10:29:25.549100" level="INFO">Typing text 'secret_sauce' into text field 'css:input[id="password"]'.</msg>
<arg>${LOGIN_PASSWORD_FIELD}</arg>
<arg>${password}</arg>
<doc>Types the given ``text`` into the text field identified by ``locator``.</doc>
<status status="PASS" start="2026-02-26T10:29:25.548611" elapsed="0.147519"/>
</kw>
<kw name="Click Button" owner="SeleniumLibrary">
<msg time="2026-02-26T10:29:25.696709" level="INFO">Clicking button 'css:input[id="login-button"]'.</msg>
<arg>${LOGIN_BUTTON}</arg>
<doc>Clicks the button identified by ``locator``.</doc>
<status status="PASS" start="2026-02-26T10:29:25.696391" elapsed="0.188676"/>
</kw>
<arg>${role}</arg>
<status status="PASS" start="2026-02-26T10:29:25.333520" elapsed="0.551894"/>
</kw>
<kw name="Check if you went to the expected page" owner="LoginKeywords">
<kw name="Page Should Contain Element" owner="SeleniumLibrary">
<msg time="2026-02-26T10:29:25.919761" level="INFO">Current page contains element 'css:span.title'.</msg>
<arg>${LocatorPageExpected}</arg>
<doc>Verifies that element ``locator`` is found on the current page.</doc>
<status status="PASS" start="2026-02-26T10:29:25.887265" elapsed="0.032769"/>
</kw>
<arg>${titleInventory}</arg>
<status status="PASS" start="2026-02-26T10:29:25.886114" elapsed="0.034169"/>
</kw>
<kw name="Wait Until Element Is Visible" owner="SeleniumLibrary">
<arg>${CheckoutAddBackpack}</arg>
<arg>10s</arg>
<doc>Waits until the element ``locator`` is visible.</doc>
<status status="PASS" start="2026-02-26T10:29:25.920686" elapsed="0.038829"/>
</kw>
<kw name="Click Element" owner="SeleniumLibrary">
<msg time="2026-02-26T10:29:25.961074" level="INFO">Clicking element 'css:button[id="add-to-cart-sauce-labs-backpack"]'.</msg>
<arg>${CheckoutAddBackpack}</arg>
<doc>Click the element identified by ``locator``.</doc>
<status status="PASS" start="2026-02-26T10:29:25.960229" elapsed="0.106735"/>
</kw>
<kw name="Click Element" owner="SeleniumLibrary">
<msg time="2026-02-26T10:29:26.067583" level="INFO">Clicking element 'css:button[id="add-to-cart-sauce-labs-bike-light"]'.</msg>
<arg>${CheckoutAddBikeLight}</arg>
<doc>Click the element identified by ``locator``.</doc>
<status status="PASS" start="2026-02-26T10:29:26.067246" elapsed="0.103195"/>
</kw>
<arg>${CHECKOUT_TEST_DATA}[role]</arg>
<status status="PASS" start="2026-02-26T10:29:25.332626" elapsed="0.838039"/>
</kw>
<kw name="Open cart page" owner="CheckoutKeywords">
<kw name="Click Element" owner="SeleniumLibrary">
<msg time="2026-02-26T10:29:26.172099" level="INFO">Clicking element 'css:a.shopping_cart_link'.</msg>
<arg>${CheckoutCartLink}</arg>
<doc>Click the element identified by ``locator``.</doc>
<status status="PASS" start="2026-02-26T10:29:26.171776" elapsed="0.118713"/>
</kw>
<kw name="Wait Until Element Is Visible" owner="SeleniumLibrary">
<arg>${CartList}</arg>
<arg>10s</arg>
<doc>Waits until the element ``locator`` is visible.</doc>
<status status="PASS" start="2026-02-26T10:29:26.290790" elapsed="0.028574"/>
</kw>
<status status="PASS" start="2026-02-26T10:29:26.171279" elapsed="0.148237"/>
</kw>
<kw name="Start checkout information step" owner="CheckoutKeywords">
<kw name="Wait Until Element Is Visible" owner="SeleniumLibrary">
<arg>${CartCheckoutButton}</arg>
<arg>10s</arg>
<doc>Waits until the element ``locator`` is visible.</doc>
<status status="PASS" start="2026-02-26T10:29:26.320969" elapsed="0.025808"/>
</kw>
<kw name="Click Element" owner="SeleniumLibrary">
<msg time="2026-02-26T10:29:26.347419" level="INFO">Clicking element 'css:button[id="checkout"]'.</msg>
<arg>${CartCheckoutButton}</arg>
<doc>Click the element identified by ``locator``.</doc>
<status status="PASS" start="2026-02-26T10:29:26.347043" elapsed="0.104916"/>
</kw>
<kw name="Wait Until Element Is Visible" owner="SeleniumLibrary">
<arg>${CheckoutInfoContainer}</arg>
<arg>10s</arg>
<doc>Waits until the element ``locator`` is visible.</doc>
<status status="PASS" start="2026-02-26T10:29:26.452259" elapsed="0.024974"/>
</kw>
<kw name="Element Text Should Be" owner="SeleniumLibrary">
<msg time="2026-02-26T10:29:26.478111" level="INFO">Verifying element 'css:span.title' contains exact text 'Checkout: Your Information'.</msg>
<arg>${CheckoutTitle}</arg>
<arg>${expected_title}</arg>
<doc>Verifies that element ``locator`` contains exact the text ``expected``.</doc>
<status status="PASS" start="2026-02-26T10:29:26.477685" elapsed="0.029667"/>
</kw>
<arg>${CHECKOUT_TEST_DATA}[expected_titles][information]</arg>
<status status="PASS" start="2026-02-26T10:29:26.320118" elapsed="0.187462"/>
</kw>
<kw name="Close the login page" owner="Base" type="TEARDOWN">
<kw name="Run Keyword If Test Failed" owner="BuiltIn">
<arg>Capture Page Screenshot</arg>
<doc>Runs the given keyword with the given arguments, if the test failed.</doc>
<status status="PASS" start="2026-02-26T10:29:26.509021" elapsed="0.000615"/>
</kw>
<kw name="Close Browser" owner="SeleniumLibrary">
<doc>Closes the current browser.</doc>
<status status="PASS" start="2026-02-26T10:29:26.510008" elapsed="2.251809"/>
</kw>
<status status="PASS" start="2026-02-26T10:29:26.508442" elapsed="2.253670"/>
</kw>
<doc>Valida transição do carrinho para checkout your information</doc>
<tag>checkout</tag>
<tag>info</tag>
<status status="PASS" start="2026-02-26T10:29:23.120483" elapsed="5.641984"/>
</test>
<test id="s1-s1-t3" name="CK03 – Checkout overview valida subtotal, taxa e total" line="24">
<kw name="Go to Login Page" owner="Base" type="SETUP">
<kw name="Open Browser" owner="SeleniumLibrary">
<msg time="2026-02-26T10:29:28.765777" level="INFO">Opening browser 'Edge' to base url 'https://www.saucedemo.com/'.</msg>
<arg>${URL}</arg>
<arg>${BROWSER}</arg>
<doc>Opens a new browser instance to the optional ``url``.</doc>
<status status="PASS" start="2026-02-26T10:29:28.765281" elapsed="2.150047"/>
</kw>
<status status="PASS" start="2026-02-26T10:29:28.764685" elapsed="2.150930"/>
</kw>
<kw name="Set Variable" owner="BuiltIn">
<msg time="2026-02-26T10:29:30.916964" level="INFO">${customer} = {'first_name': 'Gabriel', 'last_name': 'Souza', 'postal_code': '01001000'}</msg>
<var>${customer}</var>
<arg>${CHECKOUT_TEST_DATA}[customer]</arg>
<doc>Returns the given values which can then be assigned to a variables.</doc>
<status status="PASS" start="2026-02-26T10:29:30.916142" elapsed="0.000888"/>
</kw>
<kw name="Set Variable" owner="BuiltIn">
<msg time="2026-02-26T10:29:30.918322" level="INFO">${totals} = {'item_total': '$39.98', 'tax': '$3.20', 'total': '$43.18'}</msg>
<var>${totals}</var>
<arg>${CHECKOUT_TEST_DATA}[expected_totals]</arg>
<doc>Returns the given values which can then be assigned to a variables.</doc>
<status status="PASS" start="2026-02-26T10:29:30.917657" elapsed="0.000728"/>
</kw>
<kw name="Prepare cart with two default items" owner="CheckoutKeywords">
<kw name="Login with credentials" owner="LoginKeywords">
<kw name="Get File" owner="OperatingSystem">
<msg time="2026-02-26T10:29:30.920614" level="INFO" html="true">Getting file '&lt;a href="file://C:\Gabriel\projects\robot-framework\SwagLabs-QA-RobotFramework\Resources\Settings\credentials.json"&gt;C:\Gabriel\projects\robot-framework\SwagLabs-QA-RobotFramework\Resources\Settings\credentials.json&lt;/a&gt;'.</msg>
<msg time="2026-02-26T10:29:30.921157" level="INFO">${credentials_json} = {"users":[
    {
        "role": "standard",
        "username": "standard_user",
        "password": "secret_sauce"
    },
    {
        "role": "Locked",
        "username": "locked_out_user",
     ...</msg>
<var>${credentials_json}</var>
<arg>${CredentialsJson}</arg>
<doc>Returns the contents of a specified file.</doc>
<status status="PASS" start="2026-02-26T10:29:30.920320" elapsed="0.000900"/>
</kw>
<kw name="Evaluate" owner="BuiltIn">
<msg time="2026-02-26T10:29:30.922260" level="INFO">${credentials} = {'users': [{'role': 'standard', 'username': 'standard_user', 'password': 'secret_sauce'}, {'role': 'Locked', 'username': 'locked_out_user', 'password': 'secret_sauce'}, {'role': 'problem', 'username':...</msg>
<var>${credentials}</var>
<arg>json.loads(r'''${credentials_json}''')</arg>
<arg>modules=json</arg>
<doc>Evaluates the given expression in Python and returns the result.</doc>
<status status="PASS" start="2026-02-26T10:29:30.921504" elapsed="0.000815"/>
</kw>
<kw name="Get From Dictionary" owner="Collections">
<msg time="2026-02-26T10:29:30.923033" level="INFO">${users} = [{'role': 'standard', 'username': 'standard_user', 'password': 'secret_sauce'}, {'role': 'Locked', 'username': 'locked_out_user', 'password': 'secret_sauce'}, {'role': 'problem', 'username': 'problem_...</msg>
<var>${users}</var>
<arg>${credentials}</arg>
<arg>users</arg>
<doc>Returns a value from the given ``dictionary`` based on the given ``key``.</doc>
<status status="PASS" start="2026-02-26T10:29:30.922623" elapsed="0.000475"/>
</kw>
<kw name="Set Variable" owner="BuiltIn">
<msg time="2026-02-26T10:29:30.923895" level="INFO">${user_dictionary} = None</msg>
<var>${user_dictionary}</var>
<arg>${None}</arg>
<doc>Returns the given values which can then be assigned to a variables.</doc>
<status status="PASS" start="2026-02-26T10:29:30.923338" elapsed="0.000606"/>
</kw>
<for flavor="IN">
<iter>
<kw name="Get From Dictionary" owner="Collections">
<msg time="2026-02-26T10:29:30.925128" level="INFO">${user_role} = standard</msg>
<var>${user_role}</var>
<arg>${i}</arg>
<arg>role</arg>
<doc>Returns a value from the given ``dictionary`` based on the given ``key``.</doc>
<status status="PASS" start="2026-02-26T10:29:30.924599" elapsed="0.000595"/>
</kw>
<kw name="Run Keyword If" owner="BuiltIn">
<kw name="Set Test Variable" owner="BuiltIn">
<msg time="2026-02-26T10:29:30.927348" level="INFO">${user_dictionary} = {'role': 'standard', 'username': 'standard_user', 'password': 'secret_sauce'}</msg>
<arg>${user_dictionary}</arg>
<arg>${i}</arg>
<doc>Makes a variable available everywhere within the scope of the current test.</doc>
<status status="PASS" start="2026-02-26T10:29:30.926667" elapsed="0.000810"/>
</kw>
<arg>'${user_role}' == '${role}'</arg>
<arg>Set Test Variable</arg>
<arg>${user_dictionary}</arg>
<arg>${i}</arg>
<doc>Runs the given keyword with the given arguments, if ``condition`` is true.</doc>
<status status="PASS" start="2026-02-26T10:29:30.925605" elapsed="0.001985"/>
</kw>
<kw name="Exit For Loop If" owner="BuiltIn">
<msg time="2026-02-26T10:29:30.928214" level="INFO">Exiting for loop altogether.</msg>
<arg>${user_dictionary}</arg>
<doc>Stops executing the enclosing FOR loop if the ``condition`` is true.</doc>
<status status="PASS" start="2026-02-26T10:29:30.927803" elapsed="0.000510"/>
</kw>
<var name="${i}">{'role': 'standard', 'username': 'standard_user', 'password': 'secret_sauce'}</var>
<status status="PASS" start="2026-02-26T10:29:30.924286" elapsed="0.004123"/>
</iter>
<var>${i}</var>
<value>@{users}</value>
<status status="PASS" start="2026-02-26T10:29:30.924054" elapsed="0.004476"/>
</for>
<if>
<branch type="IF" condition="not ${user_dictionary}">
<kw name="Fail" owner="BuiltIn">
<arg>No user found with role "${role}"</arg>
<doc>Fails the test with the given message and optionally alters its tags.</doc>
<status status="NOT RUN" start="2026-02-26T10:29:30.929139" elapsed="0.000050"/>
</kw>
<status status="NOT RUN" start="2026-02-26T10:29:30.928731" elapsed="0.000531"/>
</branch>
<status status="PASS" start="2026-02-26T10:29:30.928671" elapsed="0.000663"/>
</if>
<kw name="Get From Dictionary" owner="Collections">
<msg time="2026-02-26T10:29:30.930407" level="INFO">${username} = standard_user</msg>
<var>${username}</var>
<arg>${user_dictionary}</arg>
<arg>username</arg>
<doc>Returns a value from the given ``dictionary`` based on the given ``key``.</doc>
<status status="PASS" start="2026-02-26T10:29:30.929610" elapsed="0.000946"/>
</kw>
<kw name="Get From Dictionary" owner="Collections">
<msg time="2026-02-26T10:29:30.931444" level="INFO">${password} = secret_sauce</msg>
<var>${password}</var>
<arg>${user_dictionary}</arg>
<arg>password</arg>
<doc>Returns a value from the given ``dictionary`` based on the given ``key``.</doc>
<status status="PASS" start="2026-02-26T10:29:30.930951" elapsed="0.000557"/>
</kw>
<kw name="Input Text" owner="SeleniumLibrary">
<msg time="2026-02-26T10:29:30.932375" level="INFO">Typing text 'standard_user' into text field 'css:input[id*="user-name"]'.</msg>
<arg>${LOGIN_USERNAME_FIELD}</arg>
<arg>${username}</arg>
<doc>Types the given ``text`` into the text field identified by ``locator``.</doc>
<status status="PASS" start="2026-02-26T10:29:30.931823" elapsed="0.195796"/>
</kw>
<kw name="Input Text" owner="SeleniumLibrary">
<msg time="2026-02-26T10:29:31.128460" level="INFO">Typing text 'secret_sauce' into text field 'css:input[id="password"]'.</msg>
<arg>${LOGIN_PASSWORD_FIELD}</arg>
<arg>${password}</arg>
<doc>Types the given ``text`` into the text field identified by ``locator``.</doc>
<status status="PASS" start="2026-02-26T10:29:31.128045" elapsed="0.141517"/>
</kw>
<kw name="Click Button" owner="SeleniumLibrary">
<msg time="2026-02-26T10:29:31.270286" level="INFO">Clicking button 'css:input[id="login-button"]'.</msg>
<arg>${LOGIN_BUTTON}</arg>
<doc>Clicks the button identified by ``locator``.</doc>
<status status="PASS" start="2026-02-26T10:29:31.269902" elapsed="0.195201"/>
</kw>
<arg>${role}</arg>
<status status="PASS" start="2026-02-26T10:29:30.919806" elapsed="0.545472"/>
</kw>
<kw name="Check if you went to the expected page" owner="LoginKeywords">
<kw name="Page Should Contain Element" owner="SeleniumLibrary">
<msg time="2026-02-26T10:29:31.488714" level="INFO">Current page contains element 'css:span.title'.</msg>
<arg>${LocatorPageExpected}</arg>
<doc>Verifies that element ``locator`` is found on the current page.</doc>
<status status="PASS" start="2026-02-26T10:29:31.466207" elapsed="0.022705"/>
</kw>
<arg>${titleInventory}</arg>
<status status="PASS" start="2026-02-26T10:29:31.465649" elapsed="0.023514"/>
</kw>
<kw name="Wait Until Element Is Visible" owner="SeleniumLibrary">
<arg>${CheckoutAddBackpack}</arg>
<arg>10s</arg>
<doc>Waits until the element ``locator`` is visible.</doc>
<status status="PASS" start="2026-02-26T10:29:31.489477" elapsed="0.033094"/>
</kw>
<kw name="Click Element" owner="SeleniumLibrary">
<msg time="2026-02-26T10:29:31.523443" level="INFO">Clicking element 'css:button[id="add-to-cart-sauce-labs-backpack"]'.</msg>
<arg>${CheckoutAddBackpack}</arg>
<doc>Click the element identified by ``locator``.</doc>
<status status="PASS" start="2026-02-26T10:29:31.522941" elapsed="0.099144"/>
</kw>
<kw name="Click Element" owner="SeleniumLibrary">
<msg time="2026-02-26T10:29:31.622838" level="INFO">Clicking element 'css:button[id="add-to-cart-sauce-labs-bike-light"]'.</msg>
<arg>${CheckoutAddBikeLight}</arg>
<doc>Click the element identified by ``locator``.</doc>
<status status="PASS" start="2026-02-26T10:29:31.622409" elapsed="0.101961"/>
</kw>
<arg>${CHECKOUT_TEST_DATA}[role]</arg>
<status status="PASS" start="2026-02-26T10:29:30.918955" elapsed="0.805743"/>
</kw>
<kw name="Open cart page" owner="CheckoutKeywords">
<kw name="Click Element" owner="SeleniumLibrary">
<msg time="2026-02-26T10:29:31.726360" level="INFO">Clicking element 'css:a.shopping_cart_link'.</msg>
<arg>${CheckoutCartLink}</arg>
<doc>Click the element identified by ``locator``.</doc>
<status status="PASS" start="2026-02-26T10:29:31.725986" elapsed="0.143096"/>
</kw>
<kw name="Wait Until Element Is Visible" owner="SeleniumLibrary">
<arg>${CartList}</arg>
<arg>10s</arg>
<doc>Waits until the element ``locator`` is visible.</doc>
<status status="PASS" start="2026-02-26T10:29:31.869493" elapsed="0.028880"/>
</kw>
<status status="PASS" start="2026-02-26T10:29:31.725313" elapsed="0.173260"/>
</kw>
<kw name="Start checkout information step" owner="CheckoutKeywords">
<kw name="Wait Until Element Is Visible" owner="SeleniumLibrary">
<arg>${CartCheckoutButton}</arg>
<arg>10s</arg>
<doc>Waits until the element ``locator`` is visible.</doc>
<status status="PASS" start="2026-02-26T10:29:31.899870" elapsed="0.028789"/>
</kw>
<kw name="Click Element" owner="SeleniumLibrary">
<msg time="2026-02-26T10:29:31.929508" level="INFO">Clicking element 'css:button[id="checkout"]'.</msg>
<arg>${CartCheckoutButton}</arg>
<doc>Click the element identified by ``locator``.</doc>
<status status="PASS" start="2026-02-26T10:29:31.929049" elapsed="0.105894"/>
</kw>
<kw name="Wait Until Element Is Visible" owner="SeleniumLibrary">
<arg>${CheckoutInfoContainer}</arg>
<arg>10s</arg>
<doc>Waits until the element ``locator`` is visible.</doc>
<status status="PASS" start="2026-02-26T10:29:32.035247" elapsed="0.028042"/>
</kw>
<kw name="Element Text Should Be" owner="SeleniumLibrary">
<msg time="2026-02-26T10:29:32.064134" level="INFO">Verifying element 'css:span.title' contains exact text 'Checkout: Your Information'.</msg>
<arg>${CheckoutTitle}</arg>
<arg>${expected_title}</arg>
<doc>Verifies that element ``locator`` contains exact the text ``expected``.</doc>
<status status="PASS" start="2026-02-26T10:29:32.063673" elapsed="0.033350"/>
</kw>
<arg>${CHECKOUT_TEST_DATA}[expected_titles][information]</arg>
<status status="PASS" start="2026-02-26T10:29:31.899172" elapsed="0.198009"/>
</kw>
<kw name="Fill checkout information" owner="CheckoutKeywords">
<kw name="Input Text" owner="SeleniumLibrary">
<msg time="2026-02-26T10:29:32.098611" level="INFO">Typing text 'Gabriel' into text field 'css:input[id="first-name"]'.</msg>
<arg>${CheckoutFirstName}</arg>
<arg>${first_name}</arg>
<doc>Types the given ``text`` into the text field identified by ``locator``.</doc>
<status status="PASS" start="2026-02-26T10:29:32.098300" elapsed="0.151117"/>
</kw>
<kw name="Input Text" owner="SeleniumLibrary">
<msg time="2026-02-26T10:29:32.250251" level="INFO">Typing text 'Souza' into text field 'css:input[id="last-name"]'.</msg>
<arg>${CheckoutLastName}</arg>
<arg>${last_name}</arg>
<doc>Types the given ``text`` into the text field identified by ``locator``.</doc>
<status status="PASS" start="2026-02-26T10:29:32.249870" elapsed="0.162050"/>
</kw>
<kw name="Input Text" owner="SeleniumLibrary">
<msg time="2026-02-26T10:29:32.412634" level="INFO">Typing text '01001000' into text field 'css:input[id="postal-code"]'.</msg>
<arg>${CheckoutPostalCode}</arg>
<arg>${postal_code}</arg>
<doc>Types the given ``text`` into the text field identified by ``locator``.</doc>
<status status="PASS" start="2026-02-26T10:29:32.412187" elapsed="0.151443"/>
</kw>
<kw name="Click Element" owner="SeleniumLibrary">
<msg time="2026-02-26T10:29:32.564530" level="INFO">Clicking element 'css:input[id="continue"]'.</msg>
<arg>${CheckoutContinueButton}</arg>
<doc>Click the element identified by ``locator``.</doc>
<status status="PASS" start="2026-02-26T10:29:32.563999" elapsed="0.129182"/>
</kw>
<arg>${customer}[first_name]</arg>
<arg>${customer}[last_name]</arg>
<arg>${customer}[postal_code]</arg>
<status status="PASS" start="2026-02-26T10:29:32.097662" elapsed="0.595680"/>
</kw>
<kw name="Validate checkout overview loaded" owner="CheckoutKeywords">
<kw name="Wait Until Element Is Visible" owner="SeleniumLibrary">
<arg>${CheckoutSummaryContainer}</arg>
<arg>10s</arg>
<doc>Waits until the element ``locator`` is visible.</doc>
<status status="PASS" start="2026-02-26T10:29:32.694835" elapsed="0.033212"/>
</kw>
<kw name="Element Text Should Be" owner="SeleniumLibrary">
<msg time="2026-02-26T10:29:32.729143" level="INFO">Verifying element 'css:span.title' contains exact text 'Checkout: Overview'.</msg>
<arg>${CheckoutTitle}</arg>
<arg>${expected_title}</arg>
<doc>Verifies that element ``locator`` contains exact the text ``expected``.</doc>
<status status="PASS" start="2026-02-26T10:29:32.728447" elapsed="0.029948"/>
</kw>
<arg>${CHECKOUT_TEST_DATA}[expected_titles][overview]</arg>
<status status="PASS" start="2026-02-26T10:29:32.693949" elapsed="0.064627"/>
</kw>
<kw name="Validate checkout totals" owner="CheckoutKeywords">
<kw name="Element Should Contain" owner="SeleniumLibrary">
<msg time="2026-02-26T10:29:32.797364" level="INFO">Element 'css:div.summary_subtotal_label' contains text '$39.98'.</msg>
<arg>${CheckoutItemTotal}</arg>
<arg>${expected_item_total}</arg>
<doc>Verifies that element ``locator`` contains text ``expected``.</doc>
<status status="PASS" start="2026-02-26T10:29:32.760248" elapsed="0.037302"/>
</kw>
<kw name="Element Should Contain" owner="SeleniumLibrary">
<msg time="2026-02-26T10:29:32.830249" level="INFO">Element 'css:div.summary_tax_label' contains text '$3.20'.</msg>
<arg>${CheckoutTax}</arg>
<arg>${expected_tax}</arg>
<doc>Verifies that element ``locator`` contains text ``expected``.</doc>
<status status="PASS" start="2026-02-26T10:29:32.797824" elapsed="0.032593"/>
</kw>
<kw name="Element Should Contain" owner="SeleniumLibrary">
<msg time="2026-02-26T10:29:32.863503" level="INFO">Element 'css:div.summary_total_label' contains text '$43.18'.</msg>
<arg>${CheckoutTotal}</arg>
<arg>${expected_total}</arg>
<doc>Verifies that element ``locator`` contains text ``expected``.</doc>
<status status="PASS" start="2026-02-26T10:29:32.830673" elapsed="0.032948"/>
</kw>
<arg>${totals}[item_total]</arg>
<arg>${totals}[tax]</arg>
<arg>${totals}[total]</arg>
<status status="PASS" start="2026-02-26T10:29:32.759273" elapsed="0.104477"/>
</kw>
<kw name="Close the login page" owner="Base" type="TEARDOWN">
<kw name="Run Keyword If Test Failed" owner="BuiltIn">
<arg>Capture Page Screenshot</arg>
<doc>Runs the given keyword with the given arguments, if the test failed.</doc>
<status status="PASS" start="2026-02-26T10:29:32.865500" elapsed="0.000365"/>
</kw>
<kw name="Close Browser" owner="SeleniumLibrary">
<doc>Closes the current browser.</doc>
<status status="PASS" start="2026-02-26T10:29:32.866080" elapsed="2.284039"/>
</kw>
<status status="PASS" start="2026-02-26T10:29:32.864839" elapsed="2.285510"/>
</kw>
<doc>Valida os valores exibidos no overview</doc>
<tag>checkout</tag>
<tag>overview</tag>
<tag>total</tag>
<status status="PASS" start="2026-02-26T10:29:28.763682" elapsed="6.387150"/>
</test>
<test id="s1-s1-t4" name="CK04 – Checkout complete e retorno para produtos" line="36">
<kw name="Go to Login Page" owner="Base" type="SETUP">
<kw name="Open Browser" owner="SeleniumLibrary">
<msg time="2026-02-26T10:29:35.153744" level="INFO">Opening browser 'Edge' to base url 'https://www.saucedemo.com/'.</msg>
<arg>${URL}</arg>
<arg>${BROWSER}</arg>
<doc>Opens a new browser instance to the optional ``url``.</doc>
<status status="PASS" start="2026-02-26T10:29:35.153385" elapsed="2.154101"/>
</kw>
<status status="PASS" start="2026-02-26T10:29:35.152948" elapsed="2.154931"/>
</kw>
<kw name="Set Variable" owner="BuiltIn">
<msg time="2026-02-26T10:29:37.312204" level="INFO">${customer} = {'first_name': 'Gabriel', 'last_name': 'Souza', 'postal_code': '01001000'}</msg>
<var>${customer}</var>
<arg>${CHECKOUT_TEST_DATA}[customer]</arg>
<doc>Returns the given values which can then be assigned to a variables.</doc>
<status status="PASS" start="2026-02-26T10:29:37.311075" elapsed="0.001235"/>
</kw>
<kw name="Set Variable" owner="BuiltIn">
<msg time="2026-02-26T10:29:37.314680" level="INFO">${complete} = {'header': 'Thank you for your order!', 'text_contains': 'Your order has been dispatched'}</msg>
<var>${complete}</var>
<arg>${CHECKOUT_TEST_DATA}[complete]</arg>
<doc>Returns the given values which can then be assigned to a variables.</doc>
<status status="PASS" start="2026-02-26T10:29:37.313717" elapsed="0.001060"/>
</kw>
<kw name="Prepare cart with two default items" owner="CheckoutKeywords">
<kw name="Login with credentials" owner="LoginKeywords">
<kw name="Get File" owner="OperatingSystem">
<msg time="2026-02-26T10:29:37.318330" level="INFO" html="true">Getting file '&lt;a href="file://C:\Gabriel\projects\robot-framework\SwagLabs-QA-RobotFramework\Resources\Settings\credentials.json"&gt;C:\Gabriel\projects\robot-framework\SwagLabs-QA-RobotFramework\Resources\Settings\credentials.json&lt;/a&gt;'.</msg>
<msg time="2026-02-26T10:29:37.319157" level="INFO">${credentials_json} = {"users":[
    {
        "role": "standard",
        "username": "standard_user",
        "password": "secret_sauce"
    },
    {
        "role": "Locked",
        "username": "locked_out_user",
     ...</msg>
<var>${credentials_json}</var>
<arg>${CredentialsJson}</arg>
<doc>Returns the contents of a specified file.</doc>
<status status="PASS" start="2026-02-26T10:29:37.317801" elapsed="0.001466"/>
</kw>
<kw name="Evaluate" owner="BuiltIn">
<msg time="2026-02-26T10:29:37.321002" level="INFO">${credentials} = {'users': [{'role': 'standard', 'username': 'standard_user', 'password': 'secret_sauce'}, {'role': 'Locked', 'username': 'locked_out_user', 'password': 'secret_sauce'}, {'role': 'problem', 'username':...</msg>
<var>${credentials}</var>
<arg>json.loads(r'''${credentials_json}''')</arg>
<arg>modules=json</arg>
<doc>Evaluates the given expression in Python and returns the result.</doc>
<status status="PASS" start="2026-02-26T10:29:37.319706" elapsed="0.001443"/>
</kw>
<kw name="Get From Dictionary" owner="Collections">
<msg time="2026-02-26T10:29:37.322223" level="INFO">${users} = [{'role': 'standard', 'username': 'standard_user', 'password': 'secret_sauce'}, {'role': 'Locked', 'username': 'locked_out_user', 'password': 'secret_sauce'}, {'role': 'problem', 'username': 'problem_...</msg>
<var>${users}</var>
<arg>${credentials}</arg>
<arg>users</arg>
<doc>Returns a value from the given ``dictionary`` based on the given ``key``.</doc>
<status status="PASS" start="2026-02-26T10:29:37.321577" elapsed="0.000726"/>
</kw>
<kw name="Set Variable" owner="BuiltIn">
<msg time="2026-02-26T10:29:37.323955" level="INFO">${user_dictionary} = None</msg>
<var>${user_dictionary}</var>
<arg>${None}</arg>
<doc>Returns the given values which can then be assigned to a variables.</doc>
<status status="PASS" start="2026-02-26T10:29:37.322665" elapsed="0.001430"/>
</kw>
<for flavor="IN">
<iter>
<kw name="Get From Dictionary" owner="Collections">
<msg time="2026-02-26T10:29:37.326660" level="INFO">${user_role} = standard</msg>
<var>${user_role}</var>
<arg>${i}</arg>
<arg>role</arg>
<doc>Returns a value from the given ``dictionary`` based on the given ``key``.</doc>
<status status="PASS" start="2026-02-26T10:29:37.325929" elapsed="0.000853"/>
</kw>
<kw name="Run Keyword If" owner="BuiltIn">
<kw name="Set Test Variable" owner="BuiltIn">
<msg time="2026-02-26T10:29:37.330266" level="INFO">${user_dictionary} = {'role': 'standard', 'username': 'standard_user', 'password': 'secret_sauce'}</msg>
<arg>${user_dictionary}</arg>
<arg>${i}</arg>
<doc>Makes a variable available everywhere within the scope of the current test.</doc>
<status status="PASS" start="2026-02-26T10:29:37.329269" elapsed="0.001157"/>
</kw>
<arg>'${user_role}' == '${role}'</arg>
<arg>Set Test Variable</arg>
<arg>${user_dictionary}</arg>
<arg>${i}</arg>
<doc>Runs the given keyword with the given arguments, if ``condition`` is true.</doc>
<status status="PASS" start="2026-02-26T10:29:37.327285" elapsed="0.003410"/>
</kw>
<kw name="Exit For Loop If" owner="BuiltIn">
<msg time="2026-02-26T10:29:37.331852" level="INFO">Exiting for loop altogether.</msg>
<arg>${user_dictionary}</arg>
<doc>Stops executing the enclosing FOR loop if the ``condition`` is true.</doc>
<status status="PASS" start="2026-02-26T10:29:37.331064" elapsed="0.000954"/>
</kw>
<var name="${i}">{'role': 'standard', 'username': 'standard_user', 'password': 'secret_sauce'}</var>
<status status="PASS" start="2026-02-26T10:29:37.325342" elapsed="0.006815"/>
</iter>
<var>${i}</var>
<value>@{users}</value>
<status status="PASS" start="2026-02-26T10:29:37.324531" elapsed="0.007759"/>
</for>
<if>
<branch type="IF" condition="not ${user_dictionary}">
<kw name="Fail" owner="BuiltIn">
<arg>No user found with role "${role}"</arg>
<doc>Fails the test with the given message and optionally alters its tags.</doc>
<status status="NOT RUN" start="2026-02-26T10:29:37.333249" elapsed="0.000087"/>
</kw>
<status status="NOT RUN" start="2026-02-26T10:29:37.332602" elapsed="0.000898"/>
</branch>
<status status="PASS" start="2026-02-26T10:29:37.332533" elapsed="0.001071"/>
</if>
<kw name="Get From Dictionary" owner="Collections">
<msg time="2026-02-26T10:29:37.334429" level="INFO">${username} = standard_user</msg>
<var>${username}</var>
<arg>${user_dictionary}</arg>
<arg>username</arg>
<doc>Returns a value from the given ``dictionary`` based on the given ``key``.</doc>
<status status="PASS" start="2026-02-26T10:29:37.333899" elapsed="0.000732"/>
</kw>
<kw name="Get From Dictionary" owner="Collections">
<msg time="2026-02-26T10:29:37.335359" level="INFO">${password} = secret_sauce</msg>
<var>${password}</var>
<arg>${user_dictionary}</arg>
<arg>password</arg>
<doc>Returns a value from the given ``dictionary`` based on the given ``key``.</doc>
<status status="PASS" start="2026-02-26T10:29:37.334947" elapsed="0.000466"/>
</kw>
<kw name="Input Text" owner="SeleniumLibrary">
<msg time="2026-02-26T10:29:37.336092" level="INFO">Typing text 'standard_user' into text field 'css:input[id*="user-name"]'.</msg>
<arg>${LOGIN_USERNAME_FIELD}</arg>
<arg>${username}</arg>
<doc>Types the given ``text`` into the text field identified by ``locator``.</doc>
<status status="PASS" start="2026-02-26T10:29:37.335705" elapsed="0.245055"/>
</kw>
<kw name="Input Text" owner="SeleniumLibrary">
<msg time="2026-02-26T10:29:37.581739" level="INFO">Typing text 'secret_sauce' into text field 'css:input[id="password"]'.</msg>
<arg>${LOGIN_PASSWORD_FIELD}</arg>
<arg>${password}</arg>
<doc>Types the given ``text`` into the text field identified by ``locator``.</doc>
<status status="PASS" start="2026-02-26T10:29:37.581150" elapsed="0.169438"/>
</kw>
<kw name="Click Button" owner="SeleniumLibrary">
<msg time="2026-02-26T10:29:37.751347" level="INFO">Clicking button 'css:input[id="login-button"]'.</msg>
<arg>${LOGIN_BUTTON}</arg>
<doc>Clicks the button identified by ``locator``.</doc>
<status status="PASS" start="2026-02-26T10:29:37.750927" elapsed="0.185226"/>
</kw>
<arg>${role}</arg>
<status status="PASS" start="2026-02-26T10:29:37.316884" elapsed="0.619480"/>
</kw>
<kw name="Check if you went to the expected page" owner="LoginKeywords">
<kw name="Page Should Contain Element" owner="SeleniumLibrary">
<msg time="2026-02-26T10:29:37.958955" level="INFO">Current page contains element 'css:span.title'.</msg>
<arg>${LocatorPageExpected}</arg>
<doc>Verifies that element ``locator`` is found on the current page.</doc>
<status status="PASS" start="2026-02-26T10:29:37.937426" elapsed="0.021740"/>
</kw>
<arg>${titleInventory}</arg>
<status status="PASS" start="2026-02-26T10:29:37.936729" elapsed="0.022631"/>
</kw>
<kw name="Wait Until Element Is Visible" owner="SeleniumLibrary">
<arg>${CheckoutAddBackpack}</arg>
<arg>10s</arg>
<doc>Waits until the element ``locator`` is visible.</doc>
<status status="PASS" start="2026-02-26T10:29:37.959750" elapsed="0.058590"/>
</kw>
<kw name="Click Element" owner="SeleniumLibrary">
<msg time="2026-02-26T10:29:38.019110" level="INFO">Clicking element 'css:button[id="add-to-cart-sauce-labs-backpack"]'.</msg>
<arg>${CheckoutAddBackpack}</arg>
<doc>Click the element identified by ``locator``.</doc>
<status status="PASS" start="2026-02-26T10:29:38.018667" elapsed="0.117337"/>
</kw>
<kw name="Click Element" owner="SeleniumLibrary">
<msg time="2026-02-26T10:29:38.136653" level="INFO">Clicking element 'css:button[id="add-to-cart-sauce-labs-bike-light"]'.</msg>
<arg>${CheckoutAddBikeLight}</arg>
<doc>Click the element identified by ``locator``.</doc>
<status status="PASS" start="2026-02-26T10:29:38.136278" elapsed="0.099240"/>
</kw>
<arg>${CHECKOUT_TEST_DATA}[role]</arg>
<status status="PASS" start="2026-02-26T10:29:37.315630" elapsed="0.920145"/>
</kw>
<kw name="Open cart page" owner="CheckoutKeywords">
<kw name="Click Element" owner="SeleniumLibrary">
<msg time="2026-02-26T10:29:38.237538" level="INFO">Clicking element 'css:a.shopping_cart_link'.</msg>
<arg>${CheckoutCartLink}</arg>
<doc>Click the element identified by ``locator``.</doc>
<status status="PASS" start="2026-02-26T10:29:38.237014" elapsed="0.138870"/>
</kw>
<kw name="Wait Until Element Is Visible" owner="SeleniumLibrary">
<arg>${CartList}</arg>
<arg>10s</arg>
<doc>Waits until the element ``locator`` is visible.</doc>
<status status="PASS" start="2026-02-26T10:29:38.376263" elapsed="0.027904"/>
</kw>
<status status="PASS" start="2026-02-26T10:29:38.236414" elapsed="0.167941"/>
</kw>
<kw name="Start checkout information step" owner="CheckoutKeywords">
<kw name="Wait Until Element Is Visible" owner="SeleniumLibrary">
<arg>${CartCheckoutButton}</arg>
<arg>10s</arg>
<doc>Waits until the element ``locator`` is visible.</doc>
<status status="PASS" start="2026-02-26T10:29:38.405527" elapsed="0.030700"/>
</kw>
<kw name="Click Element" owner="SeleniumLibrary">
<msg time="2026-02-26T10:29:38.436870" level="INFO">Clicking element 'css:button[id="checkout"]'.</msg>
<arg>${CartCheckoutButton}</arg>
<doc>Click the element identified by ``locator``.</doc>
<status status="PASS" start="2026-02-26T10:29:38.436548" elapsed="0.146625"/>
</kw>
<kw name="Wait Until Element Is Visible" owner="SeleniumLibrary">
<arg>${CheckoutInfoContainer}</arg>
<arg>10s</arg>
<doc>Waits until the element ``locator`` is visible.</doc>
<status status="PASS" start="2026-02-26T10:29:38.583542" elapsed="0.029510"/>
</kw>
<kw name="Element Text Should Be" owner="SeleniumLibrary">
<msg time="2026-02-26T10:29:38.613892" level="INFO">Verifying element 'css:span.title' contains exact text 'Checkout: Your Information'.</msg>
<arg>${CheckoutTitle}</arg>
<arg>${expected_title}</arg>
<doc>Verifies that element ``locator`` contains exact the text ``expected``.</doc>
<status status="PASS" start="2026-02-26T10:29:38.613450" elapsed="0.050014"/>
</kw>
<arg>${CHECKOUT_TEST_DATA}[expected_titles][information]</arg>
<status status="PASS" start="2026-02-26T10:29:38.404851" elapsed="0.258824"/>
</kw>
<kw name="Fill checkout information" owner="CheckoutKeywords">
<kw name="Input Text" owner="SeleniumLibrary">
<msg time="2026-02-26T10:29:38.666061" level="INFO">Typing text 'Gabriel' into text field 'css:input[id="first-name"]'.</msg>
<arg>${CheckoutFirstName}</arg>
<arg>${first_name}</arg>
<doc>Types the given ``text`` into the text field identified by ``locator``.</doc>
<status status="PASS" start="2026-02-26T10:29:38.665495" elapsed="0.154579"/>
</kw>
<kw name="Input Text" owner="SeleniumLibrary">
<msg time="2026-02-26T10:29:38.820751" level="INFO">Typing text 'Souza' into text field 'css:input[id="last-name"]'.</msg>
<arg>${CheckoutLastName}</arg>
<arg>${last_name}</arg>
<doc>Types the given ``text`` into the text field identified by ``locator``.</doc>
<status status="PASS" start="2026-02-26T10:29:38.820352" elapsed="0.130639"/>
</kw>
<kw name="Input Text" owner="SeleniumLibrary">
<msg time="2026-02-26T10:29:38.952027" level="INFO">Typing text '01001000' into text field 'css:input[id="postal-code"]'.</msg>
<arg>${CheckoutPostalCode}</arg>
<arg>${postal_code}</arg>
<doc>Types the given ``text`` into the text field identified by ``locator``.</doc>
<status status="PASS" start="2026-02-26T10:29:38.951367" elapsed="0.133429"/>
</kw>
<kw name="Click Element" owner="SeleniumLibrary">
<msg time="2026-02-26T10:29:39.085401" level="INFO">Clicking element 'css:input[id="continue"]'.</msg>
<arg>${CheckoutContinueButton}</arg>
<doc>Click the element identified by ``locator``.</doc>
<status status="PASS" start="2026-02-26T10:29:39.085073" elapsed="0.112793"/>
</kw>
<arg>${customer}[first_name]</arg>
<arg>${customer}[last_name]</arg>
<arg>${customer}[postal_code]</arg>
<status status="PASS" start="2026-02-26T10:29:38.664436" elapsed="0.533617"/>
</kw>
<kw name="Validate checkout overview loaded" owner="CheckoutKeywords">
<kw name="Wait Until Element Is Visible" owner="SeleniumLibrary">
<arg>${CheckoutSummaryContainer}</arg>
<arg>10s</arg>
<doc>Waits until the element ``locator`` is visible.</doc>
<status status="PASS" start="2026-02-26T10:29:39.199513" elapsed="0.047291"/>
</kw>
<kw name="Element Text Should Be" owner="SeleniumLibrary">
<msg time="2026-02-26T10:29:39.247471" level="INFO">Verifying element 'css:span.title' contains exact text 'Checkout: Overview'.</msg>
<arg>${CheckoutTitle}</arg>
<arg>${expected_title}</arg>
<doc>Verifies that element ``locator`` contains exact the text ``expected``.</doc>
<status status="PASS" start="2026-02-26T10:29:39.247102" elapsed="0.022499"/>
</kw>
<arg>${CHECKOUT_TEST_DATA}[expected_titles][overview]</arg>
<status status="PASS" start="2026-02-26T10:29:39.198701" elapsed="0.071075"/>
</kw>
<kw name="Finish checkout flow" owner="CheckoutKeywords">
<kw name="Click Element" owner="SeleniumLibrary">
<msg time="2026-02-26T10:29:39.271395" level="INFO">Clicking element 'css:button[id="finish"]'.</msg>
<arg>${CheckoutFinishButton}</arg>
<doc>Click the element identified by ``locator``.</doc>
<status status="PASS" start="2026-02-26T10:29:39.270975" elapsed="0.111524"/>
</kw>
<kw name="Wait Until Element Is Visible" owner="SeleniumLibrary">
<arg>${CheckoutCompleteContainer}</arg>
<arg>10s</arg>
<doc>Waits until the element ``locator`` is visible.</doc>
<status status="PASS" start="2026-02-26T10:29:39.382882" elapsed="0.029200"/>
</kw>
<status status="PASS" start="2026-02-26T10:29:39.270316" elapsed="0.141994"/>
</kw>
<kw name="Validate checkout complete page" owner="CheckoutKeywords">
<kw name="Element Text Should Be" owner="SeleniumLibrary">
<msg time="2026-02-26T10:29:39.414228" level="INFO">Verifying element 'css:span.title' contains exact text 'Checkout: Complete!'.</msg>
<arg>${CheckoutTitle}</arg>
<arg>${expected_title}</arg>
<doc>Verifies that element ``locator`` contains exact the text ``expected``.</doc>
<status status="PASS" start="2026-02-26T10:29:39.413871" elapsed="0.023836"/>
</kw>
<kw name="Element Should Contain" owner="SeleniumLibrary">
<msg time="2026-02-26T10:29:39.467231" level="INFO">Element 'css:h2.complete-header' contains text 'Thank you for your order!'.</msg>
<arg>${CheckoutCompleteHeader}</arg>
<arg>${expected_header}</arg>
<doc>Verifies that element ``locator`` contains text ``expected``.</doc>
<status status="PASS" start="2026-02-26T10:29:39.438021" elapsed="0.029423"/>
</kw>
<kw name="Element Should Contain" owner="SeleniumLibrary">
<msg time="2026-02-26T10:29:39.496982" level="INFO">Element 'css:div.complete-text' contains text 'Your order has been dispatched'.</msg>
<arg>${CheckoutCompleteText}</arg>
<arg>${expected_text_contains}</arg>
<doc>Verifies that element ``locator`` contains text ``expected``.</doc>
<status status="PASS" start="2026-02-26T10:29:39.467785" elapsed="0.029363"/>
</kw>
<arg>${CHECKOUT_TEST_DATA}[expected_titles][complete]</arg>
<arg>${complete}[header]</arg>
<arg>${complete}[text_contains]</arg>
<status status="PASS" start="2026-02-26T10:29:39.413130" elapsed="0.084262"/>
</kw>
<kw name="Go back to products from complete page" owner="CheckoutKeywords">
<kw name="Click Element" owner="SeleniumLibrary">
<msg time="2026-02-26T10:29:39.498831" level="INFO">Clicking element 'css:button[id="back-to-products"]'.</msg>
<arg>${CheckoutBackHomeButton}</arg>
<doc>Click the element identified by ``locator``.</doc>
<status status="PASS" start="2026-02-26T10:29:39.498520" elapsed="0.117967"/>
</kw>
<kw name="Wait Until Element Is Visible" owner="SeleniumLibrary">
<arg>${titleInventory}</arg>
<arg>10s</arg>
<doc>Waits until the element ``locator`` is visible.</doc>
<status status="PASS" start="2026-02-26T10:29:39.616860" elapsed="0.023466"/>
</kw>
<status status="PASS" start="2026-02-26T10:29:39.497983" elapsed="0.142566"/>
</kw>
<kw name="Close the login page" owner="Base" type="TEARDOWN">
<kw name="Run Keyword If Test Failed" owner="BuiltIn">
<arg>Capture Page Screenshot</arg>
<doc>Runs the given keyword with the given arguments, if the test failed.</doc>
<status status="PASS" start="2026-02-26T10:29:39.642694" elapsed="0.000744"/>
</kw>
<kw name="Close Browser" owner="SeleniumLibrary">
<doc>Closes the current browser.</doc>
<status status="PASS" start="2026-02-26T10:29:39.643948" elapsed="2.231272"/>
</kw>
<status status="PASS" start="2026-02-26T10:29:39.641718" elapsed="2.233775"/>
</kw>
<doc>Finaliza pedido e volta para HomePage</doc>
<tag>checkout</tag>
<tag>complete</tag>
<status status="PASS" start="2026-02-26T10:29:35.152007" elapsed="6.723841"/>
</test>
<status status="PASS" start="2026-02-26T10:29:17.397236" elapsed="24.480415"/>
</suite>
<suite id="s1-s2" name="ComponentsTest" source="C:\Gabriel\projects\robot-framework\SwagLabs-QA-RobotFramework\Test\ComponentsTest.robot">
<kw name="Load Components Test Data" owner="ComponentsKeywords" type="SETUP">
<kw name="Load test data file" owner="Base">
<kw name="Set Variable" owner="BuiltIn">
<msg time="2026-02-26T10:29:41.899226" level="INFO">${file_path} = Data/components_test_data.json</msg>
<var>${file_path}</var>
<arg>${DataFolder}/${file_name}</arg>
<doc>Returns the given values which can then be assigned to a variables.</doc>
<status status="PASS" start="2026-02-26T10:29:41.898376" elapsed="0.000951"/>
</kw>
<kw name="Get File" owner="OperatingSystem">
<msg time="2026-02-26T10:29:41.900072" level="INFO" html="true">Getting file '&lt;a href="file://C:\Gabriel\projects\robot-framework\SwagLabs-QA-RobotFramework\Data\components_test_data.json"&gt;C:\Gabriel\projects\robot-framework\SwagLabs-QA-RobotFramework\Data\components_test_data.json&lt;/a&gt;'.</msg>
<msg time="2026-02-26T10:29:41.900671" level="INFO">${json_text} = {
  "role": "standard",
  "expected_logo": "Swag Labs",
  "expected_footer_text": "Sauce Labs. All Rights Reserved.",
  "menu_items": [
    "All Items",
    "About",
    "Logout",
    "Reset App State...</msg>
<var>${json_text}</var>
<arg>${file_path}</arg>
<doc>Returns the contents of a specified file.</doc>
<status status="PASS" start="2026-02-26T10:29:41.899660" elapsed="0.001161"/>
</kw>
<kw name="Evaluate" owner="BuiltIn">
<msg time="2026-02-26T10:29:41.902246" level="INFO">${json_data} = {'role': 'standard', 'expected_logo': 'Swag Labs', 'expected_footer_text': 'Sauce Labs. All Rights Reserved.', 'menu_items': ['All Items', 'About', 'Logout', 'Reset App State']}</msg>
<var>${json_data}</var>
<arg>json.loads(r'''${json_text}''')</arg>
<arg>modules=json</arg>
<doc>Evaluates the given expression in Python and returns the result.</doc>
<status status="PASS" start="2026-02-26T10:29:41.901160" elapsed="0.001199"/>
</kw>
<return>
<value>${json_data}</value>
<status status="PASS" start="2026-02-26T10:29:41.902532" elapsed="0.000135"/>
</return>
<msg time="2026-02-26T10:29:41.903040" level="INFO">${data} = {'role': 'standard', 'expected_logo': 'Swag Labs', 'expected_footer_text': 'Sauce Labs. All Rights Reserved.', 'menu_items': ['All Items', 'About', 'Logout', 'Reset App State']}</msg>
<var>${data}</var>
<arg>components_test_data.json</arg>
<status status="PASS" start="2026-02-26T10:29:41.897706" elapsed="0.005409"/>
</kw>
<kw name="Set Suite Variable" owner="BuiltIn">
<msg time="2026-02-26T10:29:41.906963" level="INFO">${COMPONENTS_TEST_DATA} = {'role': 'standard', 'expected_logo': 'Swag Labs', 'expected_footer_text': 'Sauce Labs. All Rights Reserved.', 'menu_items': ['All Items', 'About', 'Logout', 'Reset App State']}</msg>
<arg>${COMPONENTS_TEST_DATA}</arg>
<arg>${data}</arg>
<doc>Makes a variable available everywhere within the scope of the current suite.</doc>
<status status="PASS" start="2026-02-26T10:29:41.903412" elapsed="0.003796"/>
</kw>
<status status="PASS" start="2026-02-26T10:29:41.896838" elapsed="0.010812"/>
</kw>
<test id="s1-s2-t1" name="CP01 – Componente App Logo" line="8">
<kw name="Go to Login Page" owner="Base" type="SETUP">
<kw name="Open Browser" owner="SeleniumLibrary">
<msg time="2026-02-26T10:29:41.911295" level="INFO">Opening browser 'Edge' to base url 'https://www.saucedemo.com/'.</msg>
<arg>${URL}</arg>
<arg>${BROWSER}</arg>
<doc>Opens a new browser instance to the optional ``url``.</doc>
<status status="PASS" start="2026-02-26T10:29:41.910641" elapsed="2.336046"/>
</kw>
<status status="PASS" start="2026-02-26T10:29:41.909659" elapsed="2.337223"/>
</kw>
<kw name="Open Components page as user" owner="ComponentsKeywords">
<kw name="Login with credentials" owner="LoginKeywords">
<kw name="Get File" owner="OperatingSystem">
<msg time="2026-02-26T10:29:44.250232" level="INFO" html="true">Getting file '&lt;a href="file://C:\Gabriel\projects\robot-framework\SwagLabs-QA-RobotFramework\Resources\Settings\credentials.json"&gt;C:\Gabriel\projects\robot-framework\SwagLabs-QA-RobotFramework\Resources\Settings\credentials.json&lt;/a&gt;'.</msg>
<msg time="2026-02-26T10:29:44.250949" level="INFO">${credentials_json} = {"users":[
    {
        "role": "standard",
        "username": "standard_user",
        "password": "secret_sauce"
    },
    {
        "role": "Locked",
        "username": "locked_out_user",
     ...</msg>
<var>${credentials_json}</var>
<arg>${CredentialsJson}</arg>
<doc>Returns the contents of a specified file.</doc>
<status status="PASS" start="2026-02-26T10:29:44.249802" elapsed="0.001314"/>
</kw>
<kw name="Evaluate" owner="BuiltIn">
<msg time="2026-02-26T10:29:44.252710" level="INFO">${credentials} = {'users': [{'role': 'standard', 'username': 'standard_user', 'password': 'secret_sauce'}, {'role': 'Locked', 'username': 'locked_out_user', 'password': 'secret_sauce'}, {'role': 'problem', 'username':...</msg>
<var>${credentials}</var>
<arg>json.loads(r'''${credentials_json}''')</arg>
<arg>modules=json</arg>
<doc>Evaluates the given expression in Python and returns the result.</doc>
<status status="PASS" start="2026-02-26T10:29:44.251555" elapsed="0.001242"/>
</kw>
<kw name="Get From Dictionary" owner="Collections">
<msg time="2026-02-26T10:29:44.253954" level="INFO">${users} = [{'role': 'standard', 'username': 'standard_user', 'password': 'secret_sauce'}, {'role': 'Locked', 'username': 'locked_out_user', 'password': 'secret_sauce'}, {'role': 'problem', 'username': 'problem_...</msg>
<var>${users}</var>
<arg>${credentials}</arg>
<arg>users</arg>
<doc>Returns a value from the given ``dictionary`` based on the given ``key``.</doc>
<status status="PASS" start="2026-02-26T10:29:44.253286" elapsed="0.000840"/>
</kw>
<kw name="Set Variable" owner="BuiltIn">
<msg time="2026-02-26T10:29:44.255728" level="INFO">${user_dictionary} = None</msg>
<var>${user_dictionary}</var>
<arg>${None}</arg>
<doc>Returns the given values which can then be assigned to a variables.</doc>
<status status="PASS" start="2026-02-26T10:29:44.254648" elapsed="0.001181"/>
</kw>
<for flavor="IN">
<iter>
<kw name="Get From Dictionary" owner="Collections">
<msg time="2026-02-26T10:29:44.257979" level="INFO">${user_role} = standard</msg>
<var>${user_role}</var>
<arg>${i}</arg>
<arg>role</arg>
<doc>Returns a value from the given ``dictionary`` based on the given ``key``.</doc>
<status status="PASS" start="2026-02-26T10:29:44.256917" elapsed="0.001161"/>
</kw>
<kw name="Run Keyword If" owner="BuiltIn">
<kw name="Set Test Variable" owner="BuiltIn">
<msg time="2026-02-26T10:29:44.260991" level="INFO">${user_dictionary} = {'role': 'standard', 'username': 'standard_user', 'password': 'secret_sauce'}</msg>
<arg>${user_dictionary}</arg>
<arg>${i}</arg>
<doc>Makes a variable available everywhere within the scope of the current test.</doc>
<status status="PASS" start="2026-02-26T10:29:44.259964" elapsed="0.001204"/>
</kw>
<arg>'${user_role}' == '${role}'</arg>
<arg>Set Test Variable</arg>
<arg>${user_dictionary}</arg>
<arg>${i}</arg>
<doc>Runs the given keyword with the given arguments, if ``condition`` is true.</doc>
<status status="PASS" start="2026-02-26T10:29:44.258557" elapsed="0.002963"/>
</kw>
<kw name="Exit For Loop If" owner="BuiltIn">
<msg time="2026-02-26T10:29:44.262957" level="INFO">Exiting for loop altogether.</msg>
<arg>${user_dictionary}</arg>
<doc>Stops executing the enclosing FOR loop if the ``condition`` is true.</doc>
<status status="PASS" start="2026-02-26T10:29:44.262064" elapsed="0.001088"/>
</kw>
<var name="${i}">{'role': 'standard', 'username': 'standard_user', 'password': 'secret_sauce'}</var>
<status status="PASS" start="2026-02-26T10:29:44.256539" elapsed="0.006758"/>
</iter>
<var>${i}</var>
<value>@{users}</value>
<status status="PASS" start="2026-02-26T10:29:44.256078" elapsed="0.007332"/>
</for>
<if>
<branch type="IF" condition="not ${user_dictionary}">
<kw name="Fail" owner="BuiltIn">
<arg>No user found with role "${role}"</arg>
<doc>Fails the test with the given message and optionally alters its tags.</doc>
<status status="NOT RUN" start="2026-02-26T10:29:44.264481" elapsed="0.000127"/>
</kw>
<status status="NOT RUN" start="2026-02-26T10:29:44.263748" elapsed="0.001060"/>
</branch>
<status status="PASS" start="2026-02-26T10:29:44.263673" elapsed="0.001274"/>
</if>
<kw name="Get From Dictionary" owner="Collections">
<msg time="2026-02-26T10:29:44.265985" level="INFO">${username} = standard_user</msg>
<var>${username}</var>
<arg>${user_dictionary}</arg>
<arg>username</arg>
<doc>Returns a value from the given ``dictionary`` based on the given ``key``.</doc>
<status status="PASS" start="2026-02-26T10:29:44.265307" elapsed="0.000772"/>
</kw>
<kw name="Get From Dictionary" owner="Collections">
<msg time="2026-02-26T10:29:44.267248" level="INFO">${password} = secret_sauce</msg>
<var>${password}</var>
<arg>${user_dictionary}</arg>
<arg>password</arg>
<doc>Returns a value from the given ``dictionary`` based on the given ``key``.</doc>
<status status="PASS" start="2026-02-26T10:29:44.266495" elapsed="0.000886"/>
</kw>
<kw name="Input Text" owner="SeleniumLibrary">
<msg time="2026-02-26T10:29:44.268536" level="INFO">Typing text 'standard_user' into text field 'css:input[id*="user-name"]'.</msg>
<arg>${LOGIN_USERNAME_FIELD}</arg>
<arg>${username}</arg>
<doc>Types the given ``text`` into the text field identified by ``locator``.</doc>
<status status="PASS" start="2026-02-26T10:29:44.267794" elapsed="0.225168"/>
</kw>
<kw name="Input Text" owner="SeleniumLibrary">
<msg time="2026-02-26T10:29:44.493930" level="INFO">Typing text 'secret_sauce' into text field 'css:input[id="password"]'.</msg>
<arg>${LOGIN_PASSWORD_FIELD}</arg>
<arg>${password}</arg>
<doc>Types the given ``text`` into the text field identified by ``locator``.</doc>
<status status="PASS" start="2026-02-26T10:29:44.493362" elapsed="0.188059"/>
</kw>
<kw name="Click Button" owner="SeleniumLibrary">
<msg time="2026-02-26T10:29:44.682047" level="INFO">Clicking button 'css:input[id="login-button"]'.</msg>
<arg>${LOGIN_BUTTON}</arg>
<doc>Clicks the button identified by ``locator``.</doc>
<status status="PASS" start="2026-02-26T10:29:44.681712" elapsed="0.174881"/>
</kw>
<arg>${role}</arg>
<status status="PASS" start="2026-02-26T10:29:44.248915" elapsed="0.607852"/>
</kw>
<kw name="Wait Until Element Is Visible" owner="SeleniumLibrary">
<arg>${ComponentProductsTitle}</arg>
<arg>10s</arg>
<doc>Waits until the element ``locator`` is visible.</doc>
<status status="PASS" start="2026-02-26T10:29:44.856986" elapsed="0.051761"/>
</kw>
<arg>${COMPONENTS_TEST_DATA}[role]</arg>
<status status="PASS" start="2026-02-26T10:29:44.247609" elapsed="0.661339"/>
</kw>
<kw name="Validate app logo component" owner="ComponentsKeywords">
<kw name="Wait Until Element Is Visible" owner="SeleniumLibrary">
<arg>${ComponentAppLogo}</arg>
<arg>10s</arg>
<doc>Waits until the element ``locator`` is visible.</doc>
<status status="PASS" start="2026-02-26T10:29:44.910280" elapsed="0.027252"/>
</kw>
<kw name="Element Text Should Be" owner="SeleniumLibrary">
<msg time="2026-02-26T10:29:44.938188" level="INFO">Verifying element 'css:div.app_logo' contains exact text 'Swag Labs'.</msg>
<arg>${ComponentAppLogo}</arg>
<arg>${expected_logo_text}</arg>
<doc>Verifies that element ``locator`` contains exact the text ``expected``.</doc>
<status status="PASS" start="2026-02-26T10:29:44.937831" elapsed="0.031773"/>
</kw>
<arg>${COMPONENTS_TEST_DATA}[expected_logo]</arg>
<status status="PASS" start="2026-02-26T10:29:44.909568" elapsed="0.060281"/>
</kw>
<kw name="Close the login page" owner="Base" type="TEARDOWN">
<kw name="Run Keyword If Test Failed" owner="BuiltIn">
<arg>Capture Page Screenshot</arg>
<doc>Runs the given keyword with the given arguments, if the test failed.</doc>
<status status="PASS" start="2026-02-26T10:29:44.971638" elapsed="0.000661"/>
</kw>
<kw name="Close Browser" owner="SeleniumLibrary">
<doc>Closes the current browser.</doc>
<status status="PASS" start="2026-02-26T10:29:44.972676" elapsed="2.331402"/>
</kw>
<status status="PASS" start="2026-02-26T10:29:44.970791" elapsed="2.333666"/>
</kw>
<doc>Valida o componente da logo Swag Labs</doc>
<tag>components</tag>
<tag>logo</tag>
<status status="PASS" start="2026-02-26T10:29:41.908097" elapsed="5.396784"/>
</test>
<test id="s1-s2-t2" name="CP02 – Componente ícone do carrinho" line="14">
<kw name="Go to Login Page" owner="Base" type="SETUP">
<kw name="Open Browser" owner="SeleniumLibrary">
<msg time="2026-02-26T10:29:47.310464" level="INFO">Opening browser 'Edge' to base url 'https://www.saucedemo.com/'.</msg>
<arg>${URL}</arg>
<arg>${BROWSER}</arg>
<doc>Opens a new browser instance to the optional ``url``.</doc>
<status status="PASS" start="2026-02-26T10:29:47.309839" elapsed="2.370939"/>
</kw>
<status status="PASS" start="2026-02-26T10:29:47.308656" elapsed="2.372372"/>
</kw>
<kw name="Open Components page as user" owner="ComponentsKeywords">
<kw name="Login with credentials" owner="LoginKeywords">
<kw name="Get File" owner="OperatingSystem">
<msg time="2026-02-26T10:29:49.683759" level="INFO" html="true">Getting file '&lt;a href="file://C:\Gabriel\projects\robot-framework\SwagLabs-QA-RobotFramework\Resources\Settings\credentials.json"&gt;C:\Gabriel\projects\robot-framework\SwagLabs-QA-RobotFramework\Resources\Settings\credentials.json&lt;/a&gt;'.</msg>
<msg time="2026-02-26T10:29:49.684400" level="INFO">${credentials_json} = {"users":[
    {
        "role": "standard",
        "username": "standard_user",
        "password": "secret_sauce"
    },
    {
        "role": "Locked",
        "username": "locked_out_user",
     ...</msg>
<var>${credentials_json}</var>
<arg>${CredentialsJson}</arg>
<doc>Returns the contents of a specified file.</doc>
<status status="PASS" start="2026-02-26T10:29:49.683463" elapsed="0.001011"/>
</kw>
<kw name="Evaluate" owner="BuiltIn">
<msg time="2026-02-26T10:29:49.685435" level="INFO">${credentials} = {'users': [{'role': 'standard', 'username': 'standard_user', 'password': 'secret_sauce'}, {'role': 'Locked', 'username': 'locked_out_user', 'password': 'secret_sauce'}, {'role': 'problem', 'username':...</msg>
<var>${credentials}</var>
<arg>json.loads(r'''${credentials_json}''')</arg>
<arg>modules=json</arg>
<doc>Evaluates the given expression in Python and returns the result.</doc>
<status status="PASS" start="2026-02-26T10:29:49.684719" elapsed="0.000771"/>
</kw>
<kw name="Get From Dictionary" owner="Collections">
<msg time="2026-02-26T10:29:49.686150" level="INFO">${users} = [{'role': 'standard', 'username': 'standard_user', 'password': 'secret_sauce'}, {'role': 'Locked', 'username': 'locked_out_user', 'password': 'secret_sauce'}, {'role': 'problem', 'username': 'problem_...</msg>
<var>${users}</var>
<arg>${credentials}</arg>
<arg>users</arg>
<doc>Returns a value from the given ``dictionary`` based on the given ``key``.</doc>
<status status="PASS" start="2026-02-26T10:29:49.685732" elapsed="0.000548"/>
</kw>
<kw name="Set Variable" owner="BuiltIn">
<msg time="2026-02-26T10:29:49.687261" level="INFO">${user_dictionary} = None</msg>
<var>${user_dictionary}</var>
<arg>${None}</arg>
<doc>Returns the given values which can then be assigned to a variables.</doc>
<status status="PASS" start="2026-02-26T10:29:49.686628" elapsed="0.000691"/>
</kw>
<for flavor="IN">
<iter>
<kw name="Get From Dictionary" owner="Collections">
<msg time="2026-02-26T10:29:49.688232" level="INFO">${user_role} = standard</msg>
<var>${user_role}</var>
<arg>${i}</arg>
<arg>role</arg>
<doc>Returns a value from the given ``dictionary`` based on the given ``key``.</doc>
<status status="PASS" start="2026-02-26T10:29:49.687912" elapsed="0.000368"/>
</kw>
<kw name="Run Keyword If" owner="BuiltIn">
<kw name="Set Test Variable" owner="BuiltIn">
<msg time="2026-02-26T10:29:49.689745" level="INFO">${user_dictionary} = {'role': 'standard', 'username': 'standard_user', 'password': 'secret_sauce'}</msg>
<arg>${user_dictionary}</arg>
<arg>${i}</arg>
<doc>Makes a variable available everywhere within the scope of the current test.</doc>
<status status="PASS" start="2026-02-26T10:29:49.689250" elapsed="0.000564"/>
</kw>
<arg>'${user_role}' == '${role}'</arg>
<arg>Set Test Variable</arg>
<arg>${user_dictionary}</arg>
<arg>${i}</arg>
<doc>Runs the given keyword with the given arguments, if ``condition`` is true.</doc>
<status status="PASS" start="2026-02-26T10:29:49.688525" elapsed="0.001389"/>
</kw>
<kw name="Exit For Loop If" owner="BuiltIn">
<msg time="2026-02-26T10:29:49.690780" level="INFO">Exiting for loop altogether.</msg>
<arg>${user_dictionary}</arg>
<doc>Stops executing the enclosing FOR loop if the ``condition`` is true.</doc>
[...]
<arg>No user found with role "${role}"</arg>
<doc>Fails the test with the given message and optionally alters its tags.</doc>
<status status="NOT RUN" start="2026-02-26T10:31:25.364483" elapsed="0.000043"/>
</kw>
<status status="NOT RUN" start="2026-02-26T10:31:25.364107" elapsed="0.000521"/>
</branch>
<status status="PASS" start="2026-02-26T10:31:25.364071" elapsed="0.000623"/>
</if>
<kw name="Get From Dictionary" owner="Collections">
<msg time="2026-02-26T10:31:25.365252" level="INFO">${username} = problem_user</msg>
<var>${username}</var>
<arg>${user_dictionary}</arg>
<arg>username</arg>
<doc>Returns a value from the given ``dictionary`` based on the given ``key``.</doc>
<status status="PASS" start="2026-02-26T10:31:25.364890" elapsed="0.000411"/>
</kw>
<kw name="Get From Dictionary" owner="Collections">
<msg time="2026-02-26T10:31:25.365862" level="INFO">${password} = secret_sauce</msg>
<var>${password}</var>
<arg>${user_dictionary}</arg>
<arg>password</arg>
<doc>Returns a value from the given ``dictionary`` based on the given ``key``.</doc>
<status status="PASS" start="2026-02-26T10:31:25.365576" elapsed="0.000327"/>
</kw>
<kw name="Input Text" owner="SeleniumLibrary">
<msg time="2026-02-26T10:31:25.366402" level="INFO">Typing text 'problem_user' into text field 'css:input[id*="user-name"]'.</msg>
<arg>${LOGIN_USERNAME_FIELD}</arg>
<arg>${username}</arg>
<doc>Types the given ``text`` into the text field identified by ``locator``.</doc>
<status status="PASS" start="2026-02-26T10:31:25.366090" elapsed="0.222974"/>
</kw>
<kw name="Input Text" owner="SeleniumLibrary">
<msg time="2026-02-26T10:31:25.589743" level="INFO">Typing text 'secret_sauce' into text field 'css:input[id="password"]'.</msg>
<arg>${LOGIN_PASSWORD_FIELD}</arg>
<arg>${password}</arg>
<doc>Types the given ``text`` into the text field identified by ``locator``.</doc>
<status status="PASS" start="2026-02-26T10:31:25.589385" elapsed="0.153641"/>
</kw>
<kw name="Click Button" owner="SeleniumLibrary">
<msg time="2026-02-26T10:31:25.743703" level="INFO">Clicking button 'css:input[id="login-button"]'.</msg>
<arg>${LOGIN_BUTTON}</arg>
<doc>Clicks the button identified by ``locator``.</doc>
<status status="PASS" start="2026-02-26T10:31:25.743324" elapsed="0.178420"/>
</kw>
<arg>${LOGIN_TEST_DATA}[problem_role]</arg>
<status status="PASS" start="2026-02-26T10:31:25.348091" elapsed="0.573813"/>
</kw>
<kw name="Check if you went to the expected page" owner="LoginKeywords">
<kw name="Page Should Contain Element" owner="SeleniumLibrary">
<msg time="2026-02-26T10:31:25.941163" level="INFO">Current page contains element 'css:span.title'.</msg>
<arg>${LocatorPageExpected}</arg>
<doc>Verifies that element ``locator`` is found on the current page.</doc>
<status status="PASS" start="2026-02-26T10:31:25.923339" elapsed="0.018004"/>
</kw>
<arg>${titleInventory}</arg>
<status status="PASS" start="2026-02-26T10:31:25.922556" elapsed="0.019067"/>
</kw>
<kw name="Close the login page" owner="Base" type="TEARDOWN">
<kw name="Run Keyword If Test Failed" owner="BuiltIn">
<arg>Capture Page Screenshot</arg>
<doc>Runs the given keyword with the given arguments, if the test failed.</doc>
<status status="PASS" start="2026-02-26T10:31:25.942919" elapsed="0.000463"/>
</kw>
<kw name="Close Browser" owner="SeleniumLibrary">
<doc>Closes the current browser.</doc>
<status status="PASS" start="2026-02-26T10:31:25.944250" elapsed="2.214145"/>
</kw>
<status status="PASS" start="2026-02-26T10:31:25.942260" elapsed="2.216401"/>
</kw>
<doc>Usuário problemático consegue acessar o inventário</doc>
<tag>TC14</tag>
<status status="PASS" start="2026-02-26T10:31:23.201303" elapsed="4.957761"/>
</test>
<test id="s1-s4-t11" name="TC15 – Login com usuário de performance" line="75">
<kw name="Go to Login Page" owner="Base" type="SETUP">
<kw name="Open Browser" owner="SeleniumLibrary">
<msg time="2026-02-26T10:31:28.162598" level="INFO">Opening browser 'Edge' to base url 'https://www.saucedemo.com/'.</msg>
<arg>${URL}</arg>
<arg>${BROWSER}</arg>
<doc>Opens a new browser instance to the optional ``url``.</doc>
<status status="PASS" start="2026-02-26T10:31:28.162302" elapsed="2.043239"/>
</kw>
<status status="PASS" start="2026-02-26T10:31:28.161789" elapsed="2.043965"/>
</kw>
<kw name="Login with credentials" owner="LoginKeywords">
<kw name="Get File" owner="OperatingSystem">
<msg time="2026-02-26T10:31:30.208151" level="INFO" html="true">Getting file '&lt;a href="file://C:\Gabriel\projects\robot-framework\SwagLabs-QA-RobotFramework\Resources\Settings\credentials.json"&gt;C:\Gabriel\projects\robot-framework\SwagLabs-QA-RobotFramework\Resources\Settings\credentials.json&lt;/a&gt;'.</msg>
<msg time="2026-02-26T10:31:30.209071" level="INFO">${credentials_json} = {"users":[
    {
        "role": "standard",
        "username": "standard_user",
        "password": "secret_sauce"
    },
    {
        "role": "Locked",
        "username": "locked_out_user",
     ...</msg>
<var>${credentials_json}</var>
<arg>${CredentialsJson}</arg>
<doc>Returns the contents of a specified file.</doc>
<status status="PASS" start="2026-02-26T10:31:30.207756" elapsed="0.001459"/>
</kw>
<kw name="Evaluate" owner="BuiltIn">
<msg time="2026-02-26T10:31:30.210903" level="INFO">${credentials} = {'users': [{'role': 'standard', 'username': 'standard_user', 'password': 'secret_sauce'}, {'role': 'Locked', 'username': 'locked_out_user', 'password': 'secret_sauce'}, {'role': 'problem', 'username':...</msg>
<var>${credentials}</var>
<arg>json.loads(r'''${credentials_json}''')</arg>
<arg>modules=json</arg>
<doc>Evaluates the given expression in Python and returns the result.</doc>
<status status="PASS" start="2026-02-26T10:31:30.209689" elapsed="0.001310"/>
</kw>
<kw name="Get From Dictionary" owner="Collections">
<msg time="2026-02-26T10:31:30.212015" level="INFO">${users} = [{'role': 'standard', 'username': 'standard_user', 'password': 'secret_sauce'}, {'role': 'Locked', 'username': 'locked_out_user', 'password': 'secret_sauce'}, {'role': 'problem', 'username': 'problem_...</msg>
<var>${users}</var>
<arg>${credentials}</arg>
<arg>users</arg>
<doc>Returns a value from the given ``dictionary`` based on the given ``key``.</doc>
<status status="PASS" start="2026-02-26T10:31:30.211426" elapsed="0.000670"/>
</kw>
<kw name="Set Variable" owner="BuiltIn">
<msg time="2026-02-26T10:31:30.213565" level="INFO">${user_dictionary} = None</msg>
<var>${user_dictionary}</var>
<arg>${None}</arg>
<doc>Returns the given values which can then be assigned to a variables.</doc>
<status status="PASS" start="2026-02-26T10:31:30.212376" elapsed="0.001302"/>
</kw>
<for flavor="IN">
<iter>
<kw name="Get From Dictionary" owner="Collections">
<msg time="2026-02-26T10:31:30.215045" level="INFO">${user_role} = standard</msg>
<var>${user_role}</var>
<arg>${i}</arg>
<arg>role</arg>
<doc>Returns a value from the given ``dictionary`` based on the given ``key``.</doc>
<status status="PASS" start="2026-02-26T10:31:30.214558" elapsed="0.000571"/>
</kw>
<kw name="Run Keyword If" owner="BuiltIn">
<arg>'${user_role}' == '${role}'</arg>
<arg>Set Test Variable</arg>
<arg>${user_dictionary}</arg>
<arg>${i}</arg>
<doc>Runs the given keyword with the given arguments, if ``condition`` is true.</doc>
<status status="PASS" start="2026-02-26T10:31:30.215522" elapsed="0.001108"/>
</kw>
<kw name="Exit For Loop If" owner="BuiltIn">
<arg>${user_dictionary}</arg>
<doc>Stops executing the enclosing FOR loop if the ``condition`` is true.</doc>
<status status="PASS" start="2026-02-26T10:31:30.217018" elapsed="0.000872"/>
</kw>
<var name="${i}">{'role': 'standard', 'username': 'standard_user', 'password': 'secret_sauce'}</var>
<status status="PASS" start="2026-02-26T10:31:30.214222" elapsed="0.003849"/>
</iter>
<iter>
<kw name="Get From Dictionary" owner="Collections">
<msg time="2026-02-26T10:31:30.219575" level="INFO">${user_role} = Locked</msg>
<var>${user_role}</var>
<arg>${i}</arg>
<arg>role</arg>
<doc>Returns a value from the given ``dictionary`` based on the given ``key``.</doc>
<status status="PASS" start="2026-02-26T10:31:30.218907" elapsed="0.000756"/>
</kw>
<kw name="Run Keyword If" owner="BuiltIn">
<arg>'${user_role}' == '${role}'</arg>
<arg>Set Test Variable</arg>
<arg>${user_dictionary}</arg>
<arg>${i}</arg>
<doc>Runs the given keyword with the given arguments, if ``condition`` is true.</doc>
<status status="PASS" start="2026-02-26T10:31:30.220087" elapsed="0.001037"/>
</kw>
<kw name="Exit For Loop If" owner="BuiltIn">
<arg>${user_dictionary}</arg>
<doc>Stops executing the enclosing FOR loop if the ``condition`` is true.</doc>
<status status="PASS" start="2026-02-26T10:31:30.221625" elapsed="0.000822"/>
</kw>
<var name="${i}">{'role': 'Locked', 'username': 'locked_out_user', 'password': 'secret_sauce'}</var>
<status status="PASS" start="2026-02-26T10:31:30.218521" elapsed="0.004109"/>
</iter>
<iter>
<kw name="Get From Dictionary" owner="Collections">
<msg time="2026-02-26T10:31:30.223991" level="INFO">${user_role} = problem</msg>
<var>${user_role}</var>
<arg>${i}</arg>
<arg>role</arg>
<doc>Returns a value from the given ``dictionary`` based on the given ``key``.</doc>
<status status="PASS" start="2026-02-26T10:31:30.223422" elapsed="0.000630"/>
</kw>
<kw name="Run Keyword If" owner="BuiltIn">
<arg>'${user_role}' == '${role}'</arg>
<arg>Set Test Variable</arg>
<arg>${user_dictionary}</arg>
<arg>${i}</arg>
<doc>Runs the given keyword with the given arguments, if ``condition`` is true.</doc>
<status status="PASS" start="2026-02-26T10:31:30.224521" elapsed="0.000913"/>
</kw>
<kw name="Exit For Loop If" owner="BuiltIn">
<arg>${user_dictionary}</arg>
<doc>Stops executing the enclosing FOR loop if the ``condition`` is true.</doc>
<status status="PASS" start="2026-02-26T10:31:30.225846" elapsed="0.000820"/>
</kw>
<var name="${i}">{'role': 'problem', 'username': 'problem_user', 'password': 'secret_sauce'}</var>
<status status="PASS" start="2026-02-26T10:31:30.222967" elapsed="0.003840"/>
</iter>
<iter>
<kw name="Get From Dictionary" owner="Collections">
<msg time="2026-02-26T10:31:30.227739" level="INFO">${user_role} = performance_problem</msg>
<var>${user_role}</var>
<arg>${i}</arg>
<arg>role</arg>
<doc>Returns a value from the given ``dictionary`` based on the given ``key``.</doc>
<status status="PASS" start="2026-02-26T10:31:30.227372" elapsed="0.000424"/>
</kw>
<kw name="Run Keyword If" owner="BuiltIn">
<kw name="Set Test Variable" owner="BuiltIn">
<msg time="2026-02-26T10:31:30.230023" level="INFO">${user_dictionary} = {'role': 'performance_problem', 'username': 'performance_glitch_user', 'password': 'secret_sauce'}</msg>
<arg>${user_dictionary}</arg>
<arg>${i}</arg>
<doc>Makes a variable available everywhere within the scope of the current test.</doc>
<status status="PASS" start="2026-02-26T10:31:30.229212" elapsed="0.000941"/>
</kw>
<arg>'${user_role}' == '${role}'</arg>
<arg>Set Test Variable</arg>
<arg>${user_dictionary}</arg>
<arg>${i}</arg>
<doc>Runs the given keyword with the given arguments, if ``condition`` is true.</doc>
<status status="PASS" start="2026-02-26T10:31:30.228064" elapsed="0.002287"/>
</kw>
<kw name="Exit For Loop If" owner="BuiltIn">
<msg time="2026-02-26T10:31:30.231327" level="INFO">Exiting for loop altogether.</msg>
<arg>${user_dictionary}</arg>
<doc>Stops executing the enclosing FOR loop if the ``condition`` is true.</doc>
<status status="PASS" start="2026-02-26T10:31:30.230705" elapsed="0.000761"/>
</kw>
<var name="${i}">{'role': 'performance_problem', 'username': 'performance_glitch_user', 'password': 'secret_sauce'}</var>
<status status="PASS" start="2026-02-26T10:31:30.227071" elapsed="0.004493"/>
</iter>
<var>${i}</var>
<value>@{users}</value>
<status status="PASS" start="2026-02-26T10:31:30.213861" elapsed="0.017788"/>
</for>
<if>
<branch type="IF" condition="not ${user_dictionary}">
<kw name="Fail" owner="BuiltIn">
<arg>No user found with role "${role}"</arg>
<doc>Fails the test with the given message and optionally alters its tags.</doc>
<status status="NOT RUN" start="2026-02-26T10:31:30.232314" elapsed="0.000061"/>
</kw>
<status status="NOT RUN" start="2026-02-26T10:31:30.231816" elapsed="0.000674"/>
</branch>
<status status="PASS" start="2026-02-26T10:31:30.231774" elapsed="0.000822"/>
</if>
<kw name="Get From Dictionary" owner="Collections">
<msg time="2026-02-26T10:31:30.233535" level="INFO">${username} = performance_glitch_user</msg>
<var>${username}</var>
<arg>${user_dictionary}</arg>
<arg>username</arg>
<doc>Returns a value from the given ``dictionary`` based on the given ``key``.</doc>
<status status="PASS" start="2026-02-26T10:31:30.232918" elapsed="0.000698"/>
</kw>
<kw name="Get From Dictionary" owner="Collections">
<msg time="2026-02-26T10:31:30.234346" level="INFO">${password} = secret_sauce</msg>
<var>${password}</var>
<arg>${user_dictionary}</arg>
<arg>password</arg>
<doc>Returns a value from the given ``dictionary`` based on the given ``key``.</doc>
<status status="PASS" start="2026-02-26T10:31:30.233901" elapsed="0.000505"/>
</kw>
<kw name="Input Text" owner="SeleniumLibrary">
<msg time="2026-02-26T10:31:30.235554" level="INFO">Typing text 'performance_glitch_user' into text field 'css:input[id*="user-name"]'.</msg>
<arg>${LOGIN_USERNAME_FIELD}</arg>
<arg>${username}</arg>
<doc>Types the given ``text`` into the text field identified by ``locator``.</doc>
<status status="PASS" start="2026-02-26T10:31:30.234853" elapsed="0.223766"/>
</kw>
<kw name="Input Text" owner="SeleniumLibrary">
<msg time="2026-02-26T10:31:30.459659" level="INFO">Typing text 'secret_sauce' into text field 'css:input[id="password"]'.</msg>
<arg>${LOGIN_PASSWORD_FIELD}</arg>
<arg>${password}</arg>
<doc>Types the given ``text`` into the text field identified by ``locator``.</doc>
<status status="PASS" start="2026-02-26T10:31:30.459053" elapsed="0.154972"/>
</kw>
<kw name="Click Button" owner="SeleniumLibrary">
<msg time="2026-02-26T10:31:30.614971" level="INFO">Clicking button 'css:input[id="login-button"]'.</msg>
<arg>${LOGIN_BUTTON}</arg>
<doc>Clicks the button identified by ``locator``.</doc>
<status status="PASS" start="2026-02-26T10:31:30.614376" elapsed="5.183279"/>
</kw>
<arg>${LOGIN_TEST_DATA}[performance_role]</arg>
<status status="PASS" start="2026-02-26T10:31:30.206854" elapsed="5.590958"/>
</kw>
<kw name="Check if you went to the expected page" owner="LoginKeywords">
<kw name="Page Should Contain Element" owner="SeleniumLibrary">
<msg time="2026-02-26T10:31:35.821765" level="INFO">Current page contains element 'css:span.title'.</msg>
<arg>${LocatorPageExpected}</arg>
<doc>Verifies that element ``locator`` is found on the current page.</doc>
<status status="PASS" start="2026-02-26T10:31:35.799003" elapsed="0.022931"/>
</kw>
<arg>${titleInventory}</arg>
<status status="PASS" start="2026-02-26T10:31:35.798423" elapsed="0.023706"/>
</kw>
<kw name="Close the login page" owner="Base" type="TEARDOWN">
<kw name="Run Keyword If Test Failed" owner="BuiltIn">
<arg>Capture Page Screenshot</arg>
<doc>Runs the given keyword with the given arguments, if the test failed.</doc>
<status status="PASS" start="2026-02-26T10:31:35.823702" elapsed="0.000443"/>
</kw>
<kw name="Close Browser" owner="SeleniumLibrary">
<doc>Closes the current browser.</doc>
<status status="PASS" start="2026-02-26T10:31:35.824419" elapsed="2.283683"/>
</kw>
<status status="PASS" start="2026-02-26T10:31:35.822933" elapsed="2.285378"/>
</kw>
<doc>Usuário com problema de performance consegue acessar o inventário</doc>
<tag>TC15</tag>
<status status="PASS" start="2026-02-26T10:31:28.160433" elapsed="9.948318"/>
</test>
<test id="s1-s4-t12" name="TC16 – Segurança de rotas → Usuário não logado acessa /checkout" line="81">
<kw name="Go to Login Page" owner="Base" type="SETUP">
<kw name="Open Browser" owner="SeleniumLibrary">
<msg time="2026-02-26T10:31:38.112856" level="INFO">Opening browser 'Edge' to base url 'https://www.saucedemo.com/'.</msg>
<arg>${URL}</arg>
<arg>${BROWSER}</arg>
<doc>Opens a new browser instance to the optional ``url``.</doc>
<status status="PASS" start="2026-02-26T10:31:38.112403" elapsed="2.099857"/>
</kw>
<status status="PASS" start="2026-02-26T10:31:38.111741" elapsed="2.100808"/>
</kw>
<kw name="Go To" owner="SeleniumLibrary">
<msg time="2026-02-26T10:31:40.214038" level="INFO">Opening url 'https://www.saucedemo.com/checkout-step-one.html'</msg>
<arg>${LOGIN_TEST_DATA}[unauthorized_checkout_url]</arg>
<doc>Navigates the current browser window to the provided ``url``.</doc>
<status status="PASS" start="2026-02-26T10:31:40.213181" elapsed="0.098942"/>
</kw>
<kw name="Check if you went to the expected page" owner="LoginKeywords">
<kw name="Page Should Contain Element" owner="SeleniumLibrary">
<msg time="2026-02-26T10:31:40.407765" level="INFO">Current page contains element 'css:input[id="login-button"]'.</msg>
<arg>${LocatorPageExpected}</arg>
<doc>Verifies that element ``locator`` is found on the current page.</doc>
<status status="PASS" start="2026-02-26T10:31:40.313960" elapsed="0.093982"/>
</kw>
<arg>${LOGIN_BUTTON}</arg>
<status status="PASS" start="2026-02-26T10:31:40.312982" elapsed="0.095119"/>
</kw>
<kw name="Close the login page" owner="Base" type="TEARDOWN">
<kw name="Run Keyword If Test Failed" owner="BuiltIn">
<arg>Capture Page Screenshot</arg>
<doc>Runs the given keyword with the given arguments, if the test failed.</doc>
<status status="PASS" start="2026-02-26T10:31:40.409478" elapsed="0.000568"/>
</kw>
<kw name="Close Browser" owner="SeleniumLibrary">
<doc>Closes the current browser.</doc>
<status status="PASS" start="2026-02-26T10:31:40.410384" elapsed="2.240047"/>
</kw>
<status status="PASS" start="2026-02-26T10:31:40.408909" elapsed="2.241826"/>
</kw>
<doc>Teste de acesso à página de checkout sem estar logado</doc>
<tag>TC16</tag>
<status status="PASS" start="2026-02-26T10:31:38.110014" elapsed="4.541174"/>
</test>
<status status="PASS" start="2026-02-26T10:30:36.598823" elapsed="66.053860"/>
</suite>
<status status="PASS" start="2026-02-26T10:29:17.324666" elapsed="145.331045"/>
</suite>
<statistics>
<total>
<stat pass="26" fail="0" skip="0">All Tests</stat>
</total>
<tag>
<stat pass="2" fail="0" skip="0">cart</stat>
<stat pass="1" fail="0" skip="0">cart-icon</stat>
<stat pass="4" fail="0" skip="0">checkout</stat>
<stat pass="1" fail="0" skip="0">complete</stat>
<stat pass="5" fail="0" skip="0">components</stat>
<stat pass="1" fail="0" skip="0">footer</stat>
<stat pass="5" fail="0" skip="0">homepage</stat>
<stat pass="1" fail="0" skip="0">info</stat>
<stat pass="1" fail="0" skip="0">interaction</stat>
<stat pass="1" fail="0" skip="0">logo</stat>
<stat pass="1" fail="0" skip="0">menu</stat>
<stat pass="1" fail="0" skip="0">menu-button</stat>
<stat pass="1" fail="0" skip="0">overview</stat>
<stat pass="1" fail="0" skip="0">session</stat>
<stat pass="1" fail="0" skip="0">smoke</stat>
<stat pass="1" fail="0" skip="0">sorting</stat>
<stat pass="1" fail="0" skip="0">TC01</stat>
<stat pass="1" fail="0" skip="0">TC07</stat>
<stat pass="1" fail="0" skip="0">TC08</stat>
<stat pass="1" fail="0" skip="0">TC09</stat>
<stat pass="2" fail="0" skip="0">TC10</stat>
<stat pass="1" fail="0" skip="0">TC11</stat>
<stat pass="1" fail="0" skip="0">TC12</stat>
<stat pass="1" fail="0" skip="0">TC13</stat>
<stat pass="1" fail="0" skip="0">TC14</stat>
<stat pass="1" fail="0" skip="0">TC15</stat>
<stat pass="1" fail="0" skip="0">TC16</stat>
<stat pass="1" fail="0" skip="0">total</stat>
</tag>
<suite>
<stat name="Test" id="s1" pass="26" fail="0" skip="0">Test</stat>
<stat name="CheckoutPageTest" id="s1-s1" pass="4" fail="0" skip="0">Test.CheckoutPageTest</stat>
<stat name="ComponentsTest" id="s1-s2" pass="5" fail="0" skip="0">Test.ComponentsTest</stat>
<stat name="HomePageTest" id="s1-s3" pass="5" fail="0" skip="0">Test.HomePageTest</stat>
<stat name="LoginPageTest" id="s1-s4" pass="12" fail="0" skip="0">Test.LoginPageTest</stat>
</suite>
</statistics>
<errors>
</errors>
</robot>
